2025-09-21 23:33:01 | DEBUG    | logger.py:66 | 🚀 Вход в функцию: main
2025-09-21 23:33:01 | INFO     | logger.py:89 | ℹ️ ✅ Экземпляр бота запущен успешно
2025-09-21 23:33:01 | INFO     | logger.py:89 | ℹ️ ✅ Webhook удален успешно
2025-09-23 01:12:29 | ERROR    | logger.py:97 | ❌ 
  ❌ Неожиданная ошибка (попытка 1/5): HTTPSConnectionPool(host='api.telegram.org', port=443): Read
  timed out. (read timeout=25)
2025-09-23 01:12:29 | INFO     | logger.py:89 | ℹ️ ⏳ Ожидание 5 секунд перед следующей попыткой...
2025-09-23 01:12:29 | INFO     | logger.py:89 | ℹ️ 🔄 Попытка переподключения 1/5
2025-09-23 01:12:34 | INFO     | logger.py:89 | ℹ️ ✅ Webhook удален успешно
2025-09-23 09:29:34 | DEBUG    | logger.py:66 | 🚀 Вход в функцию: handle_message
  Аргументы: ('Шагеева Алсу',)
2025-09-23 09:29:34 | DEBUG    | logger.py:66 | 🚀 Вход в функцию: ceo_dispatcher
  Аргументы: [{'role': 'user', 'content': 'Шагеева Алсу'}]
2025-09-23 09:29:35 | INFO     | logger.py:89 | ℹ️ ceo_dispatcher, decision: search
2025-09-23 09:29:35 | INFO     | logger.py:89 | ℹ️ ceo_dispatcher, decision после проверки type_of_request: search, 
2025-09-23 09:29:35 | DEBUG    | logger.py:66 | 
  🚀 Вход в функцию: connect_search_dispatcher Аргументы: ([{'role': 'user', 'content': 'Шагеева
  Алсу'}], [{'role': 'user', 'content': 'Шагеева Алсу'}])
2025-09-23 09:29:35 | DEBUG    | logger.py:66 | 
  🚀 Вход в функцию: search_dispatcher Аргументы: ([{'role': 'user', 'content': 'Шагеева Алсу'}],
  [{'role': 'user', 'content': 'Шагеева Алсу'}])
2025-09-23 09:29:35 | INFO     | logger.py:113 | 🔍 Отправляю запрос к ИИ (сообщений: 1)
2025-09-23 09:29:36 | INFO     | logger.py:113 | 🔍 ИИ вызывает функцию: sort_employee
2025-09-23 09:29:36 | INFO     | logger.py:113 | 🔍 Выполняю sort_employee с аргументом: Шагеева Алсу
2025-09-23 09:29:36 | DEBUG    | logger.py:66 | 🚀 Вход в функцию: sort_employee
  Аргументы: ('Шагеева Алсу',)
2025-09-23 09:29:36 | INFO     | logger.py:113 | 🔍 Ищу сотрудников по фильтру: 'Шагеева Алсу'
2025-09-23 09:29:36 | DEBUG    | logger.py:66 | 🚀 Вход в функцию: call_external_api
2025-09-23 09:29:36 | INFO     | logger.py:125 | 🌐 Выполняю запрос к API: http://labor.tetrakom-crm-miniapp.ru/api/people/compact
2025-09-23 09:29:37 | ERROR    | logger.py:97 | ❌ API вернул статус 401
2025-09-23 09:29:37 | DEBUG    | logger.py:80 | ❌ Выход из функции call_external_api с ошибкой: API вернул статус 401
2025-09-23 09:29:37 | DEBUG    | logger.py:80 | 
  ❌ Выход из функции sort_employee с ошибкой: {'error': 'API вернул статус 401', 'details': 'URL:
  http://labor.tetrakom-crm-miniapp.ru/api/people/compact'}
2025-09-23 09:29:37 | DEBUG    | logger.py:85 | 🔍 
  Форматированная информация о сотруднике: ['Вот информация по Неизвестно:', 'Должность: Неизвестно',
  'Удостоверения:', 'Действующие:', 'отсутствуют', 'Скоро просрочатся:', 'отсутствуют',
  'Просроченные:', 'отсутствуют', 'Отсутствующие:', 'отсутствуют']
2025-09-23 09:29:37 | DEBUG    | logger.py:80 | 
  ✅ Выход из функции format_employee_info Результат: Вот информация по Неизвестно: Должность:
  Неизвестно Удостоверения: Действующие: отсутствуют Скоро пр... (обрезано)
2025-09-23 09:29:37 | INFO     | logger.py:105 | ✅ Функция sort_employee выполнена успешно
2025-09-23 09:29:37 | DEBUG    | logger.py:80 | 
  ✅ Выход из функции search_dispatcher Результат: Вот информация по Неизвестно: Должность: Неизвестно
  Удостоверения: Действующие: отсутствуют Скоро пр... (обрезано)
2025-09-23 09:29:37 | INFO     | logger.py:105 | ✅ 
  Результат поиска сотрудников connect_search_dispatcher: Вот информация по Неизвестно: Должность:
  Неизвестно Удостоверения: Действующие: отсутствуют Скоро просрочатся: отсутствуют Просроченные:
  отсутствуют Отсутствующие: отсутствуют
2025-09-23 09:29:37 | DEBUG    | logger.py:80 | 
  ✅ Выход из функции connect_search_dispatcher Результат: {'type': 'searchready', 'message': 'Вот
  информация по Неизвестно:\nДолжность: Неизвестно\nУдостоверения:\nДействующие:\nотсутствуют\nСкоро
  просрочатся:\nотсутствуют\nПросроченные:\nотсутствуют\nОтсутствующие:\nотсутствуют',
  'chat_history_search': '[\n {\n "role": "assistant",\n "content": {\n "error": "API вернул статус
  401",\n "details": "URL: http://labor.tetrakom-crm-miniapp.ru/api/people/compact"\n }\n }\n]'}
2025-09-23 09:29:37 | DEBUG    | logger.py:80 | ✅ Выход из функции handle_message
  Результат: Сообщение обработано успешно
