2025-09-24 09:57:02 | DEBUG    | logger.py:85 | 🔍 Переменные окружения загружены: True
2025-09-24 09:57:02 | DEBUG    | logger.py:85 | 🔍 API_TOKEN существует: True
2025-09-24 09:57:02 | DEBUG    | logger.py:66 | 🚀 Вход в функцию: main
2025-09-24 09:57:02 | INFO     | logger.py:89 | ℹ️ ✅ Экземпляр бота запущен успешно
2025-09-24 09:57:03 | INFO     | logger.py:89 | ℹ️ ✅ Webhook удален успешно
2025-09-24 09:58:38 | DEBUG    | logger.py:66 | 
  🚀 Вход в функцию: handle_photo_with_text Аргументы: ([<telebot.types.PhotoSize object at
  0x7ad23f45fc10>, <telebot.types.PhotoSize object at 0x7ad23f45cb10>, <telebot.types.PhotoSize object
  at 0x7ad23f45f910>, <telebot.types.PhotoSize object at 0x7ad23f45e050>], 'Иванов Иван
  Иванович\nСНИЛС 0000000\nИнн 093883838\n8394948474\n20.03.2001\nМонтажник\nПрошу обучить на леса')
2025-09-24 09:58:38 | DEBUG    | logger.py:66 | 
  🚀 Вход в функцию: handle_photo_with_text Аргументы: ([<telebot.types.PhotoSize object at
  0x7ad23f45a450>, <telebot.types.PhotoSize object at 0x7ad23f45a490>, <telebot.types.PhotoSize object
  at 0x7ad23f45a4d0>, <telebot.types.PhotoSize object at 0x7ad23f45a510>], None)
2025-09-24 09:58:39 | INFO     | logger.py:89 | ℹ️ 
  Получено фото:
  https://api.telegram.org/file/bot8204433104:AAGTJwvACUkTIMpFLg4_6umMfh-v6cBtcQs/photos/file_23.jpg
2025-09-24 09:58:39 | INFO     | logger.py:89 | ℹ️ 
  Обрабатываем заказ с фото: Иванов Иван Иванович СНИЛС 0000000 Инн 093883838 8394948474 20.03.2001
  Монтажник Прошу обучить на леса
2025-09-24 09:58:39 | DEBUG    | logger.py:66 | 
  🚀 Вход в функцию: ceo_dispatcher Аргументы: [{'role': 'user', 'content': 'Иванов Иван
  Иванович\nСНИЛС 0000000\nИнн 093883838\n8394948474\n20.03.2001\nМонтажник\nПрошу обучить на леса',
  'photo':
  'https://api.telegram.org/file/bot8204433104:AAGTJwvACUkTIMpFLg4_6umMfh-v6cBtcQs/photos/file_23.jpg'}]
2025-09-24 09:58:39 | INFO     | logger.py:89 | ℹ️ 
  Получено фото:
  https://api.telegram.org/file/bot8204433104:AAGTJwvACUkTIMpFLg4_6umMfh-v6cBtcQs/photos/file_24.jpg
2025-09-24 09:58:39 | DEBUG    | logger.py:80 | ✅ Выход из функции handle_photo_with_text
  Результат: Фото с текстом успешно обработано
2025-09-24 09:58:39 | DEBUG    | logger.py:66 | 
  🚀 Вход в функцию: handle_photo_with_text Аргументы: ([<telebot.types.PhotoSize object at
  0x7ad23f45a8d0>, <telebot.types.PhotoSize object at 0x7ad23f45a910>, <telebot.types.PhotoSize object
  at 0x7ad23f45a950>, <telebot.types.PhotoSize object at 0x7ad23f45a990>], None)
2025-09-24 09:58:39 | INFO     | logger.py:89 | ℹ️ 
  Получено фото:
  https://api.telegram.org/file/bot8204433104:AAGTJwvACUkTIMpFLg4_6umMfh-v6cBtcQs/photos/file_25.jpg
2025-09-24 09:58:39 | DEBUG    | logger.py:80 | ✅ Выход из функции handle_photo_with_text
  Результат: Фото с текстом успешно обработано
2025-09-24 09:58:39 | DEBUG    | logger.py:66 | 
  🚀 Вход в функцию: handle_photo_with_text Аргументы: ([<telebot.types.PhotoSize object at
  0x7ad23f45ad90>, <telebot.types.PhotoSize object at 0x7ad23f45add0>, <telebot.types.PhotoSize object
  at 0x7ad23f45ae10>, <telebot.types.PhotoSize object at 0x7ad23f45ae50>], None)
2025-09-24 09:58:39 | INFO     | logger.py:89 | ℹ️ 
  Получено фото:
  https://api.telegram.org/file/bot8204433104:AAGTJwvACUkTIMpFLg4_6umMfh-v6cBtcQs/photos/file_26.jpg
2025-09-24 09:58:40 | DEBUG    | logger.py:80 | ✅ Выход из функции handle_photo_with_text
  Результат: Фото с текстом успешно обработано
2025-09-24 09:58:40 | INFO     | logger.py:89 | ℹ️ ceo_dispatcher, decision: order
2025-09-24 09:58:40 | INFO     | logger.py:89 | ℹ️ ceo_dispatcher, decision после проверки type_of_request: order, 
2025-09-24 09:58:40 | DEBUG    | logger.py:66 | 
  🚀 Вход в функцию: connect_dispatcher Аргументы: ([{'role': 'user', 'content': 'Иванов Иван
  Иванович\nСНИЛС 0000000\nИнн 093883838\n8394948474\n20.03.2001\nМонтажник\nПрошу обучить на леса',
  'photo':
  'https://api.telegram.org/file/bot8204433104:AAGTJwvACUkTIMpFLg4_6umMfh-v6cBtcQs/photos/file_23.jpg'}],
  [{'role': 'user', 'content': 'Иванов Иван Иванович\nСНИЛС 0000000\nИнн
  093883838\n8394948474\n20.03.2001\nМонтажник\nПрошу обучить на леса', 'photo':
  'https://api.telegram.org/file/bot8204433104:AAGTJwvACUkTIMpFLg4_6umMfh-v6cBtcQs/photos/file_23.jpg'}])
2025-09-24 09:58:40 | DEBUG    | logger.py:66 | 
  🚀 Вход в функцию: order_dispatcher Аргументы: ([{'role': 'user', 'content': 'Иванов Иван
  Иванович\nСНИЛС 0000000\nИнн 093883838\n8394948474\n20.03.2001\nМонтажник\nПрошу обучить на леса',
  'photo':
  'https://api.telegram.org/file/bot8204433104:AAGTJwvACUkTIMpFLg4_6umMfh-v6cBtcQs/photos/file_23.jpg'}],
  [{'role': 'user', 'content': 'Иванов Иван Иванович\nСНИЛС 0000000\nИнн
  093883838\n8394948474\n20.03.2001\nМонтажник\nПрошу обучить на леса', 'photo':
  'https://api.telegram.org/file/bot8204433104:AAGTJwvACUkTIMpFLg4_6umMfh-v6cBtcQs/photos/file_23.jpg'}])
2025-09-24 09:58:40 | DEBUG    | logger.py:85 | 🔍 
  chat_history: [] messages: [{'role': 'user', 'content': 'Иванов Иван Иванович\nСНИЛС 0000000\nИнн
  093883838\n8394948474\n20.03.2001\nМонтажник\nПрошу обучить на леса', 'photo':
  'https://api.telegram.org/file/bot8204433104:AAGTJwvACUkTIMpFLg4_6umMfh-v6cBtcQs/photos/file_23.jpg'}]
2025-09-24 09:58:40 | INFO     | logger.py:89 | ℹ️ Отправляю запрос к ИИ (сообщений: 1)
2025-09-24 09:58:40 | DEBUG    | logger.py:85 | 🔍 Отправляю 2 сообщений в API
2025-09-24 09:58:40 | DEBUG    | logger.py:85 | 🔍 
  Первое сообщение: {'role': 'system', 'content': '\n Ты — помощник для заказа удостоверений.\n ВАЖНО:
  Ты ДОЛЖЕН вызывать функции, а не просто отвечать текстом!\n У тебя есть история чата: [{"role":
  "user", "content": "Иванов Иван Иванович\\nСНИЛС 0000000\\nИнн
  093883838\\n8394948474\\n20.03.2001\\nМонтажник\\nПрошу обучить на леса", "photo":
  "https://api.telegram.org/file/bot8204433104:AAGTJwvACUkTIMpFLg4_6umMfh-v6cBtcQs/photos/file_23.jpg"}].
  \n Пользователь отвечает: \'Иванов Иван Иванович\nСНИЛС 0000000\nИнн
  093883838\n8394948474\n20.03.2001\nМонтажник\nПрошу обучить на леса\'. \n Тебе нужно понять из
  истории, какой заказ уточняется, и передать его в order_data.\n У тебя есть 2 функции:\n 1.
  makeOrderFormat(employee_name, certificate_name) — создание нового заказа\n 2.
  clarification(order_data) — уточнение данных заказа\n ПРАВИЛА:\n - ВАЖНО: Если в истории чата есть
  уточнение от бота (например, "Пожалуйста, укажите...", "предоставьте фото...") и пользователь
  отправляет фото или текст → это ОБЯЗАТЕЛЬНО ответ на уточнение, вызывай clarification()\n - Если
  пользователь предоставляет ПОЛНЫЕ данные сотрудника (ФИО, СНИЛС, ИНН, телефон, дата рождения,
  должность) и просит удостоверение → вызывай makeOrderFormat()\n - Если пользователь отвечает на
  вопрос (например, "монтажник" на вопрос о должности) → вызывай clarification() с данными из
  предыдущего заказа\n - Если пользователь уточняет детали существующего заказа → вызывай
  clarification()\n - НИКОГДА не отвечай обычным текстом, ВСЕГДА используй функции!\n \n
  **ПРИОРИТЕТ:** Контекст истории чата ВАЖНЕЕ ключевых слов в последнем сообщении!\n - Если
  пользователь хочет СДЕЛАТЬ НОВЫЙ ЗАКАЗ → вызывай makeOrderFormat().\n • Обязательно верни JSON в
  формате:\n {\n "employee_name": "ФИО сотрудника",\n "certificate_name": ["Название удостоверения"]\n
  }\n • Всегда используй массив для certificate_name, даже если удостоверение одно.\n - Если
  пользователь уточняет детали уже существующего заказа (например: "а ещё добавь ПБО", "не Егоров, а
  Егоров Иван", "нужно 2 удостоверения") → вызывай clarification().\n • В clarification() всегда
  передавай:\n - messages → текст уточнения пользователя\n - order_data → JSON заказа, который нужно
  уточнить (по истории чата в chat_history тебе нужно понять какой заказ нужно уточнить) Тебе
  обязательно нужно передавать этот аргумент в функцию\n заказ выглядит в виде json примерно вот так
  {\'type\': \'ПРИМЕР\', \'employee\': {\'full_name\': \'ПРИМЕР\', \'snils\': \'ПРИМЕР\', \'inn\':
  \'ПРИМЕР\', \'position\': None, \'birth_date\': \'ПРИМЕР\', \'phone\': \'ПРИМЕР\'}, \'certificate\':
  [\'ПРИМЕР\'], \'status\': \'ПРИМЕР\', \'message\': \'ПРИМЕР\'}\n - ЖЕСТКОЕ ПРАВИЛО: отвечай только
  JSON в формате:\n - Если пользователь хочет СДЕЛАТЬ НОВЫЙ ЗАКАЗ → вызывай makeOrderFormat().\n
  Примеры:\n Пользователь: "Сабиров Рустем, СНИЛС 195-071-028-66, нужно удостоверение высоты"\n Ответ:
  makeOrderFormat({"employee_name": "Сабиров Рустем Рафисович", "certificate_name": ["удостоверение
  высоты"]})\n Пользователь: "заказать Егорову ЭБ"\n Ответ: makeOrderFormat({"employee_name":
  "Егоров", "certificate_name": ["ЭБ"]})\n Пользователь: "и ещё добавь БСИЗ"\n Ответ:
  clarification(messages="и ещё добавь БСИЗ", order_data={"employee_name": "Егоров",
  "certificate_name": ["ЭБ"]})\n Пользователь: "монтажник" (ответ на вопрос о должности)\n Ответ:
  clarification(messages="монтажник", order_data={"employee_name": "Сабиров Рустем Рафисович",
  "certificate_name": ["обучение для работы на лесах"]})\n ВАЖНО: Всегда используй массив для
  certificate_name, даже если удостоверение одно!\n\n '}
2025-09-24 09:58:40 | DEBUG    | logger.py:85 | 🔍 
  Последнее сообщение: {'role': 'user', 'content': 'Иванов Иван Иванович\nСНИЛС 0000000\nИнн
  093883838\n8394948474\n20.03.2001\nМонтажник\nПрошу обучить на леса', 'photo':
  'https://api.telegram.org/file/bot8204433104:AAGTJwvACUkTIMpFLg4_6umMfh-v6cBtcQs/photos/file_23.jpg'}
2025-09-24 09:58:41 | INFO     | logger.py:89 | ℹ️ Ответ ИИ: 
2025-09-24 09:58:41 | INFO     | logger.py:89 | ℹ️ ИИ хочет вызвать инструменты: 1
2025-09-24 09:58:41 | INFO     | logger.py:89 | ℹ️ Вызываю инструмент: makeOrderFormat
2025-09-24 09:58:41 | DEBUG    | logger.py:85 | 🔍 employee_name: Иванов Иван Иванович, certificate_name: ['обучение для работы на лесах']
2025-09-24 09:58:41 | DEBUG    | logger.py:66 | 
  🚀 Вход в функцию: makeOrderFormat Аргументы: ([{'role': 'user', 'content': 'Иванов Иван
  Иванович\nСНИЛС 0000000\nИнн 093883838\n8394948474\n20.03.2001\nМонтажник\nПрошу обучить на леса',
  'photo':
  'https://api.telegram.org/file/bot8204433104:AAGTJwvACUkTIMpFLg4_6umMfh-v6cBtcQs/photos/file_23.jpg'}],
  'Иванов Иван Иванович', ['обучение для работы на лесах'])
2025-09-24 09:58:41 | DEBUG    | logger.py:66 | 🚀 Вход в функцию: sort_employee
  Аргументы: ('Иванов Иван Иванович',)
2025-09-24 09:58:41 | INFO     | logger.py:113 | 🔍 Ищу сотрудников по фильтру: 'Иванов Иван Иванович'
2025-09-24 09:58:41 | DEBUG    | logger.py:66 | 🚀 Вход в функцию: call_external_api
2025-09-24 09:58:41 | DEBUG    | logger.py:85 | 🔍 API_TOKEN загружен: H7Ui3AMYom...
2025-09-24 09:58:41 | DEBUG    | logger.py:85 | 🔍 Полная длина токена: 64
2025-09-24 09:58:41 | DEBUG    | logger.py:85 | 🔍 Токен заканчивается на: ...gRE9QUaV0D
2025-09-24 09:58:41 | DEBUG    | logger.py:85 | 🔍 
  Заголовки запроса: {'User-Agent': 'PolzaAI-Bot/1.0', 'Authorization': 'Bearer
  H7Ui3AMYomFq24zkucJyzOHP3mgHbofnFyFlkEzgSB9vj2F6pdm5lJgRE9QUaV0D'}
2025-09-24 09:58:41 | INFO     | logger.py:125 | 🌐 Выполняю запрос к API: http://labor.tetrakom-crm-miniapp.ru/api/people/compact
2025-09-24 09:58:41 | DEBUG    | logger.py:85 | 🔍 Пробуем получить данные с лимитом 1000
2025-09-24 09:58:42 | DEBUG    | logger.py:85 | 🔍 Получено 210 записей с лимитом 1000
2025-09-24 09:58:42 | INFO     | logger.py:125 | 🌐 API запрос успешен, получено 210 записей сотрудников
2025-09-24 09:58:42 | DEBUG    | logger.py:85 | 🔍 Структура данных: dict с ключом 'data', содержит 210 записей
2025-09-24 09:58:42 | DEBUG    | logger.py:80 | ✅ Выход из функции call_external_api
  Результат: 210
2025-09-24 09:58:50 | INFO     | logger.py:105 | ✅ Результат поиска сотрудников: {
  "data": [],
  "message": "нет сотрудников"
}
2025-09-24 09:58:50 | INFO     | logger.py:105 | ✅ Поиск сотрудников завершен
2025-09-24 09:58:50 | DEBUG    | logger.py:80 | ✅ Выход из функции sort_employee
  Результат: {
  "data": [],
  "message": "нет сотрудников"
}
2025-09-24 09:58:50 | DEBUG    | logger.py:85 | 🔍 sort_employee вернул: <class 'str'>
2025-09-24 09:58:50 | DEBUG    | logger.py:85 | 🔍 Содержимое json_people: {
  "data": [],
  "message": "нет сотрудников"
}
2025-09-24 09:58:50 | DEBUG    | logger.py:85 | 🔍 После парсинга JSON: <class 'dict'>
2025-09-24 09:58:50 | INFO     | logger.py:89 | ℹ️ Сотрудник 'Иванов Иван Иванович' не найден, создаем нового
2025-09-24 09:58:50 | DEBUG    | logger.py:80 | 
  ✅ Выход из функции makeOrderFormat Результат: {'type': 'clarification', 'message': "Сотрудник
  'Иванов Иван Иванович' не найден, создаем нового"}
2025-09-24 09:58:50 | DEBUG    | logger.py:66 | 
  🚀 Вход в функцию: createNewEmployee Аргументы: ('Иванов Иван Иванович', ['обучение для работы на
  лесах'], [{'role': 'user', 'content': 'Иванов Иван Иванович\nСНИЛС 0000000\nИнн
  093883838\n8394948474\n20.03.2001\nМонтажник\nПрошу обучить на леса', 'photo':
  'https://api.telegram.org/file/bot8204433104:AAGTJwvACUkTIMpFLg4_6umMfh-v6cBtcQs/photos/file_23.jpg'}])
2025-09-24 09:58:50 | INFO     | logger.py:89 | ℹ️ Анализирую историю чата для создания нового сотрудника: Иванов Иван Иванович
2025-09-24 09:58:50 | INFO     | logger.py:89 | ℹ️ Отправляю запрос к ИИ для анализа истории чата
2025-09-24 09:58:53 | INFO     | logger.py:89 | ℹ️ 
  Ответ ИИ для создания сотрудника: { "type": "clarification", "employee": { "full_name": "Иванов Иван
  Иванович", "snils": "0000000", "inn": "093883838", "position": "Монтажник", "birth_date":
  "20.03.2001", "phone": "8394948474", "photo": "null" }, "certificate": ["обучение для работы на
  лесах"], "status": "new_employee" }
2025-09-24 09:58:53 | INFO     | logger.py:105 | ✅ 
  Новый сотрудник создан с помощью ИИ: { "type": "clarification", "employee": { "full_name": "Иванов
  Иван Иванович", "snils": "0000000", "inn": "093883838", "position": "Монтажник", "birth_date":
  "20.03.2001", "phone": "8394948474", "photo": "null" }, "certificate": [ "обучение для работы на
  лесах" ], "status": "new_employee" }
2025-09-24 09:58:53 | DEBUG    | logger.py:80 | 
  ✅ Выход из функции createNewEmployee Результат: {'type': 'clarification', 'employee': {'full_name':
  'Иванов Иван Иванович', 'snils': '0000000', 'inn': '093883838', 'position': 'Монтажник',
  'birth_date': '20.03.2001', 'phone': '8394948474', 'photo': 'null'}, 'certificate': ['обучение для
  работы на лесах'], 'status': 'new_employee'}
2025-09-24 09:58:53 | DEBUG    | logger.py:85 | 🔍 
  result makeOrderFormat from order_dispatcher: {'type': 'clarification', 'employee': {'full_name':
  'Иванов Иван Иванович', 'snils': '0000000', 'inn': '093883838', 'position': 'Монтажник',
  'birth_date': '20.03.2001', 'phone': '8394948474', 'photo': 'null'}, 'certificate': ['обучение для
  работы на лесах'], 'status': 'new_employee'}
2025-09-24 09:58:53 | DEBUG    | logger.py:66 | 
  🚀 Вход в функцию: clarification Аргументы: ([{'role': 'user', 'content': 'Иванов Иван
  Иванович\nСНИЛС 0000000\nИнн 093883838\n8394948474\n20.03.2001\nМонтажник\nПрошу обучить на леса',
  'photo':
  'https://api.telegram.org/file/bot8204433104:AAGTJwvACUkTIMpFLg4_6umMfh-v6cBtcQs/photos/file_23.jpg'}],
  {'type': 'clarification', 'employee': {'full_name': 'Иванов Иван Иванович', 'snils': '0000000',
  'inn': '093883838', 'position': 'Монтажник', 'birth_date': '20.03.2001', 'phone': '8394948474',
  'photo': 'null'}, 'certificate': ['обучение для работы на лесах'], 'status': 'new_employee'})
2025-09-24 09:58:53 | INFO     | logger.py:89 | ℹ️ 
  Добавлено фото в заказ:
  https://api.telegram.org/file/bot8204433104:AAGTJwvACUkTIMpFLg4_6umMfh-v6cBtcQs/photos/file_23.jpg
2025-09-24 09:58:53 | INFO     | logger.py:89 | ℹ️ 
  Обновленный order_json: { "type": "clarification", "employee": { "full_name": "Иванов Иван
  Иванович", "snils": "0000000", "inn": "093883838", "position": "Монтажник", "birth_date":
  "20.03.2001", "phone": "8394948474", "photo":
  "https://api.telegram.org/file/bot8204433104:AAGTJwvACUkTIMpFLg4_6umMfh-v6cBtcQs/photos/file_23.jpg"
  }, "certificate": [ "обучение для работы на лесах" ], "status": "new_employee" }
2025-09-24 09:58:56 | INFO     | logger.py:89 | ℹ️ 
  Ответ ИИ clarification: { "type": "readyorder", "employee": { "full_name": "Иванов Иван Иванович",
  "snils": "0000000", "inn": "093883838", "position": "Монтажник", "birth_date": "20.03.2001",
  "phone": "8394948474", "photo":
  "https://api.telegram.org/file/bot8204433104:AAGTJwvACUkTIMpFLg4_6umMfh-v6cBtcQs/photos/file_23.jpg"
  }, "certificate": [ "обучение для работы на лесах" ], "status": "new_employee", "message": "" }
2025-09-24 09:58:56 | DEBUG    | logger.py:80 | 
  ✅ Выход из функции clarification Результат: { "type": "readyorder", "employee": { "full_name":
  "Иванов Иван Иванович", "snils": "000... (обрезано)
2025-09-24 09:58:56 | DEBUG    | logger.py:66 | 
  🚀 Вход в функцию: addToDatabase Аргументы: ({'type': 'readyorder', 'employee': {'full_name': 'Иванов
  Иван Иванович', 'snils': '0000000', 'inn': '093883838', 'position': 'Монтажник', 'birth_date':
  '20.03.2001', 'phone': '8394948474', 'photo':
  'https://api.telegram.org/file/bot8204433104:AAGTJwvACUkTIMpFLg4_6umMfh-v6cBtcQs/photos/file_23.jpg'},
  'certificate': ['обучение для работы на лесах'], 'status': 'new_employee', 'message': ''},)
2025-09-24 09:58:56 | INFO     | logger.py:89 | ℹ️ 🚀 ВХОД В addToDatabase для сотрудника: Иванов Иван Иванович
2025-09-24 09:58:56 | INFO     | logger.py:89 | ℹ️ 
  Создаем сотрудника без фото: {'full_name': 'Иванов Иван Иванович', 'position': 'Монтажник', 'phone':
  '8394948474', 'snils': '0000000', 'inn': '093883838', 'birth_date': '20.03.2001', 'status': 'В
  ожидании'}
2025-09-24 09:58:56 | INFO     | logger.py:89 | ℹ️ 
  Отправляю данные в API: { "full_name": "Иванов Иван Иванович", "position": "Монтажник", "phone":
  "8394948474", "snils": "0000000", "inn": "093883838", "birth_date": "20.03.2001", "status": "В
  ожидании" }
2025-09-24 09:58:56 | INFO     | logger.py:105 | ✅ Заказ успешно добавлен в базу данных
2025-09-24 09:58:56 | INFO     | logger.py:89 | ℹ️ 
  Полный ответ API при создании сотрудника: {'success': True, 'message': 'Человек успешно добавлен',
  'data': {'full_name': 'Иванов Иван Иванович', 'position': 'Монтажник', 'phone': '8394948474',
  'snils': '0000000', 'inn': '093883838', 'birth_date': '2001-03-20T00:00:00.000000Z', 'status': 'В
  ожидании', 'updated_at': '2025-09-24T09:58:56.000000Z', 'created_at': '2025-09-24T09:58:56.000000Z',
  'id': 356}}
2025-09-24 09:58:56 | INFO     | logger.py:89 | ℹ️ Создан сотрудник с ID: 356
2025-09-24 09:58:56 | INFO     | logger.py:89 | ℹ️ 
  order_with_id for updatePerson: {'type': 'readyorder', 'employee': {'id': 356, 'full_name': 'Иванов
  Иван Иванович', 'snils': '0000000', 'inn': '093883838', 'position': 'Монтажник', 'birth_date':
  '20.03.2001', 'phone': '8394948474'}, 'certificate': ['обучение для работы на лесах'], 'status':
  'new_employee'}
2025-09-24 09:58:56 | INFO     | logger.py:89 | ℹ️ 
  Обновляем сотрудника с фото:
  https://api.telegram.org/file/bot8204433104:AAGTJwvACUkTIMpFLg4_6umMfh-v6cBtcQs/photos/file_23.jpg
2025-09-24 09:58:56 | DEBUG    | logger.py:66 | 
  🚀 Вход в функцию: updateEmployeeData Аргументы: ({'type': 'readyorder', 'employee': {'id': 356,
  'full_name': 'Иванов Иван Иванович', 'snils': '0000000', 'inn': '093883838', 'position':
  'Монтажник', 'birth_date': '20.03.2001', 'phone': '8394948474', 'photo':
  'https://api.telegram.org/file/bot8204433104:AAGTJwvACUkTIMpFLg4_6umMfh-v6cBtcQs/photos/file_23.jpg'},
  'certificate': ['обучение для работы на лесах'], 'status': 'new_employee'},)
2025-09-24 09:58:56 | INFO     | logger.py:89 | ℹ️ 
  Обновляем фото сотрудника:
  https://api.telegram.org/file/bot8204433104:AAGTJwvACUkTIMpFLg4_6umMfh-v6cBtcQs/photos/file_23.jpg
2025-09-24 09:58:57 | INFO     | logger.py:89 | ℹ️ Фото загружено для обновления: 86606 байт
2025-09-24 09:58:57 | INFO     | logger.py:89 | ℹ️ 
  Обновляю данные сотрудника ID 356: { "full_name": "Иванов Иван Иванович", "position": "Монтажник",
  "phone": "8394948474", "snils": "0000000", "inn": "093883838", "birth_date": "20.03.2001", "status":
  "В ожидании", "photo":
  "https://api.telegram.org/file/bot8204433104:AAGTJwvACUkTIMpFLg4_6umMfh-v6cBtcQs/photos/file_23.jpg"
  }
2025-09-24 09:58:57 | INFO     | logger.py:105 | ✅ ✅ Данные сотрудника Иванов Иван Иванович успешно обновлены
2025-09-24 09:58:57 | DEBUG    | logger.py:80 | ✅ Выход из функции updateEmployeeData
  Результат: ✅ Данные сотрудника обновлены
2025-09-24 09:58:57 | DEBUG    | logger.py:66 | 
  🚀 Вход в функцию: updatePerson Аргументы: ({'type': 'readyorder', 'employee': {'id': 356,
  'full_name': 'Иванов Иван Иванович', 'snils': '0000000', 'inn': '093883838', 'position':
  'Монтажник', 'birth_date': '20.03.2001', 'phone': '8394948474', 'photo':
  'https://api.telegram.org/file/bot8204433104:AAGTJwvACUkTIMpFLg4_6umMfh-v6cBtcQs/photos/file_23.jpg'},
  'certificate': ['обучение для работы на лесах'], 'status': 'new_employee'},)
2025-09-24 09:58:57 | DEBUG    | logger.py:66 | 🚀 Вход в функцию: parsAllCertificates
2025-09-24 09:58:57 | DEBUG    | logger.py:85 | 🔍 API_TOKEN загружен: H7Ui3AMYom...
2025-09-24 09:58:57 | DEBUG    | logger.py:85 | 🔍 Полная длина токена: 64
2025-09-24 09:58:57 | INFO     | logger.py:89 | ℹ️ 
  Парсинг всех сертификатов: {'success': True, 'data': [{'id': 8, 'name': 'вР (46в)', 'description':
  '"Программе обучения безопасным методам и приемам выполнения работ повышенной опасности, к которым
  предъявляются дополнительные требования в соответствии с нормативными правовыми актами, содержащими
  государственные нормативные требования охраны труда для работников, непосредственно выполняющих
  работы повышенной опасности (п.46в Правил)" в объеме 16 часов', 'created_at':
  '2025-08-25T12:47:45.000000Z', 'updated_at': '2025-09-23T08:07:38.000000Z', 'expiry_date': 1},
  {'id': 5, 'name': 'ОПП ИТР', 'description': '«Оказание первой помощи пострадавшим (п.4в Правил)» в
  объеме 16 часов\nПервая Помощь - «Оказание первой помощи пострадавшим (п.4в Правил)» в объеме 16
  часов', 'created_at': '2025-08-25T12:47:45.000000Z', 'updated_at': '2025-09-23T08:07:56.000000Z',
  'expiry_date': 3}, {'id': 15, 'name': 'Высота(рабочая, 2гр)', 'description': '«Безопасные методы и
  приемы выполнения работ на высоте для работников 2-ой группы» в объеме 32 часа', 'created_at':
  '2025-08-25T12:47:45.000000Z', 'updated_at': '2025-09-23T08:08:05.000000Z', 'expiry_date': 3},
  {'id': 3, 'name': 'ПБО.', 'description': 'Для руководителей организаций, индивидуальных
  предпринимателей, лиц, назначенных руководителем организации индивидуальным предпринимателем
  ответственными за обеспечение пожарной безопасности, в том числе в обособленных структурных
  подразделениях организации" в объеме 16 часов.', 'created_at': '2025-08-25T12:47:45.000000Z',
  'updated_at': '2025-09-22T10:40:48.000000Z', 'expiry_date': 5}, {'id': 4, 'name': 'АБГ',
  'description': '"Объединенной программе обучения по общим вопросам охраны труда и функционирования
  системы управления охраной труда; безопасным методам и приемам выполнения работ при воздействии
  вредных и (или) опасных производственных факторов, источников опасности, идентифицированных в рамках
  специальной оценки условий труда и оценки профессиональных рисков; по использованию (применению)
  средств индивидуальной защиты (п.46а, п.46б, п.4г Правил)" в объеме 40 часов', 'created_at':
  '2025-08-25T12:47:45.000000Z', 'updated_at': '2025-09-16T13:10:22.000000Z', 'expiry_date': 3},
  {'id': 2, 'name': 'ВИТР (ОТ)', 'description': 'Программе обучения безопасным методам и приемам
  выполнения работ повышенной опасности, к которым предъявляются дополнительные требования в
  соответствии с нормативными правовыми актами, содержащими государственные нормативные требования
  охраны труда для лиц, ответственных за организацию, выполнение и контроль работ повышенной опасности
  (п.46в Правил)', 'created_at': '2025-08-25T12:47:45.000000Z', 'updated_at':
  '2025-09-16T13:11:06.000000Z', 'expiry_date': 1}, {'id': 7, 'name': 'ЭБ', 'description':
  '"Электробезопасность 3 группа до 1000В (непромышленные)" в объеме 40 часов', 'created_at':
  '2025-08-25T12:47:45.000000Z', 'updated_at': '2025-09-16T13:11:51.000000Z', 'expiry_date': 1},
  {'id': 6, 'name': 'ПБИ', 'description': 'Для лиц, на которых возложена трудовая функция по
  проведению противопожарного инструктажа" в объеме 16 часов', 'created_at':
  '2025-08-25T12:47:45.000000Z', 'updated_at': '2025-09-22T11:14:31.000000Z', 'expiry_date': 5},
  {'id': 1, 'name': 'A1', 'description': 'основы промышленной безопасности', 'created_at':
  '2025-08-25T12:47:45.000000Z', 'updated_at': '2025-09-16T13:18:06.000000Z', 'expiry_date': 5},
  {'id': 11, 'name': 'Люльки', 'description': 'Рабочие люльки строительного фасадного подъемника» в
  объеме 22 часа.', 'created_at': '2025-08-25T12:47:45.000000Z', 'updated_at':
  '2025-09-22T06:14:25.000000Z', 'expiry_date': 1}, {'id': 16, 'name': 'Высота(ИТР, 3гр)',
  'description': '«Безопасные методы и приемы выполнения работ на высоте для работников 3-ей группы» в
  объеме 32 часа', 'created_at': '2025-08-25T12:47:45.000000Z', 'updated_at':
  '2025-09-16T13:25:07.000000Z', 'expiry_date': 5}, {'id': 18, 'name': 'МВФ', 'description':
  'Монтажник систем вентилируемых фасадов в оъеме 160 часов\nПри условии ежегодной проверки знаний',
  'created_at': '2025-09-22T06:01:45.000000Z', 'updated_at': '2025-09-22T06:17:45.000000Z',
  'expiry_date': 10}, {'id': 17, 'name': 'БГ (46б 4г)', 'description': '"Объединенной Программе
  обучения безопасным методам и приемам выполнения работ при воздействии вредных и (или) опасных
  производственных факторов, источников опасности, идентифицированных в рамках специальной оценки
  условий труда и оценки профессиональных рисков; по использованию (применению) средств индивидуальной
  защиты для работников рабочих профессий (п.46б, п.4г Правил)" в объеме 24 часа', 'created_at':
  '2025-08-25T12:47:45.000000Z', 'updated_at': '2025-09-23T08:07:25.000000Z', 'expiry_date': 3}],
  'pagination': {'current_page': 1, 'last_page': 1, 'per_page': 20, 'total': 13}}
2025-09-24 09:58:57 | INFO     | logger.py:89 | ℹ️ Отправляю запрос к ИИ для анализа истории чата
2025-09-24 09:58:58 | INFO     | logger.py:89 | ℹ️ Ответ ИИ: {"Люльки": 11}
2025-09-24 09:58:58 | INFO     | logger.py:89 | ℹ️ Извлеченные ID сертификатов: [11]
2025-09-24 09:58:58 | DEBUG    | logger.py:80 | ✅ Выход из функции parsAllCertificates
  Результат: [11]
2025-09-24 09:58:58 | INFO     | logger.py:89 | ℹ️ Парсим все сертификаты: [11]
2025-09-24 09:58:58 | INFO     | logger.py:89 | ℹ️ 
  Отправляю данные в API: { "people_id": 356, "certificate_id": 11, "assigned_date": "2000-01-01",
  "certificate_number": "В ожидании" }
2025-09-24 09:58:58 | INFO     | logger.py:105 | ✅ Сертификат 11 успешно добавлен для сотрудника
2025-09-24 09:58:58 | INFO     | logger.py:105 | ✅ Все сертификаты обработаны для сотрудника Иванов Иван Иванович
2025-09-24 09:58:58 | INFO     | logger.py:89 | ℹ️ Добавлено новых сертификатов: 1, уже существующих: 0
2025-09-24 09:58:58 | INFO     | logger.py:89 | ℹ️ Есть новые сертификаты, формируем документ и отправляем уведомления
2025-09-24 09:58:58 | INFO     | logger.py:89 | ℹ️ Event loop уже запущен, создаем задачу для отправки уведомлений
2025-09-24 09:58:58 | INFO     | logger.py:89 | ℹ️ ✅ Уведомления отправлены успешно
2025-09-24 09:58:58 | DEBUG    | logger.py:80 | 
  ✅ Выход из функции updatePerson Результат: ✅ Сертификаты успешно добавлены для Иванов Иван Иванович
2025-09-24 09:58:58 | DEBUG    | logger.py:80 | 
  ✅ Выход из функции addToDatabase Результат: ✅ Заказ для Иванов Иван Иванович успешно добавлен в базу
  данных со статусом 'В ожидании'
2025-09-24 09:58:58 | INFO     | logger.py:89 | ℹ️ Названия сертификатов для получения описаний: ['обучение для работы на лесах']
2025-09-24 09:58:58 | INFO     | logger.py:89 | ℹ️ Существующие сертификаты: []
2025-09-24 09:58:58 | DEBUG    | logger.py:85 | 🔍 API_TOKEN загружен: H7Ui3AMYom...
2025-09-24 09:58:58 | DEBUG    | logger.py:85 | 🔍 Полная длина токена: 64
2025-09-24 09:58:58 | INFO     | logger.py:89 | ℹ️ Получены данные сертификатов: <class 'dict'>
2025-09-24 09:58:58 | INFO     | logger.py:89 | ℹ️ 
  Полученные детали сертификатов: [{'name': 'обучение для работы на лесах', 'description': 'Описание
  отсутствует'}]
2025-09-24 09:58:58 | DEBUG    | logger.py:80 | 
  ✅ Выход из функции order_dispatcher Результат: Заказ оформлен и отправлен в базу данных для Иванов
  Иван Иванович с удостоверениями: • обучение... (обрезано)
2025-09-24 09:58:58 | DEBUG    | logger.py:80 | 
  ✅ Выход из функции connect_dispatcher Результат: {'type': 'orderready', 'message': ' Заказ оформлен
  и отправлен в базу данных \n для Иванов Иван Иванович \n с удостоверениями:\n• обучение для работы
  на лесах - Описание отсутствует\n\n \n СНИЛС: 0000000 \n ИНН: 093883838 \n Должность: Монтажник \n
  Дата рождения: 20.03.2001 \n Телефон: 8394948474 ', 'chat_history_order': '[\n {\n "role":
  "assistant",\n "content": "{\\"message\\": \\" Заказ оформлен и отправлен в базу данных \\\\n для
  Иванов Иван Иванович \\\\n с удостоверениями:\\\\n• обучение для работы на лесах - Описание
  отсутствует\\\\n\\\\n \\\\n СНИЛС: 0000000 \\\\n ИНН: 093883838 \\\\n Должность: Монтажник \\\\n
  Дата рождения: 20.03.2001 \\\\n Телефон: 8394948474 \\"}"\n }\n]'}
2025-09-24 09:58:59 | INFO     | logger.py:89 | ℹ️ 🚀 ВХОД В send_ready_order_notification для сотрудника: Иванов Иван Иванович
2025-09-24 09:58:59 | INFO     | logger.py:89 | ℹ️ 
  Начинаем отправку уведомлений для заказа: {'type': 'readyorder', 'employee': {'id': 356,
  'full_name': 'Иванов Иван Иванович', 'snils': '0000000', 'inn': '093883838', 'position':
  'Монтажник', 'birth_date': '20.03.2001', 'phone': '8394948474', 'photo':
  'https://api.telegram.org/file/bot8204433104:AAGTJwvACUkTIMpFLg4_6umMfh-v6cBtcQs/photos/file_23.jpg'},
  'certificate': ['обучение для работы на лесах'], 'status': 'new_employee'}
2025-09-24 09:58:59 | INFO     | logger.py:89 | ℹ️ 
  Данные сотрудника: Иванов Иван Иванович, фото:
  https://api.telegram.org/file/bot8204433104:AAGTJwvACUkTIMpFLg4_6umMfh-v6cBtcQs/photos/file_23.jpg
2025-09-24 09:58:59 | DEBUG    | logger.py:85 | 🔍 API_TOKEN загружен: H7Ui3AMYom...
2025-09-24 09:58:59 | DEBUG    | logger.py:85 | 🔍 Полная длина токена: 64
2025-09-24 09:58:59 | INFO     | logger.py:89 | ℹ️ Получены данные сертификатов: <class 'dict'>
2025-09-24 09:58:59 | INFO     | logger.py:89 | ℹ️ 
  Список пользователей для уведомлений: {'8316311496': {'name': 'Лариса', 'chat_id': '8316311496'},
  '1174287803': {'name': 'Пользователь 1174287803', 'chat_id': '1174287803'}, '1048507963': {'name':
  'Фарит', 'chat_id': '1048507963'}}
2025-09-24 09:58:59 | INFO     | logger.py:89 | ℹ️ Количество пользователей для уведомлений: 3
2025-09-24 09:58:59 | DEBUG    | logger.py:85 | 🔍 Детальная информация о пользователях: ['8316311496', '1174287803', '1048507963']
2025-09-24 09:58:59 | INFO     | logger.py:89 | ℹ️ Отправляем уведомление пользователю Лариса (ID: 8316311496, chat_id: 8316311496)
2025-09-24 09:58:59 | INFO     | logger.py:89 | ℹ️ ✅ Уведомление успешно отправлено пользователю Лариса
2025-09-24 09:58:59 | INFO     | logger.py:89 | ℹ️ Фото отправлено для Лариса
2025-09-24 09:58:59 | INFO     | logger.py:89 | ℹ️ Уведомление отправлено пользователю Лариса (ID: 8316311496)
2025-09-24 09:58:59 | INFO     | logger.py:89 | ℹ️ Отправляем уведомление пользователю Пользователь 1174287803 (ID: 1174287803, chat_id: 1174287803)
2025-09-24 09:58:59 | INFO     | logger.py:89 | ℹ️ ✅ Уведомление успешно отправлено пользователю Пользователь 1174287803
2025-09-24 09:59:00 | INFO     | logger.py:89 | ℹ️ Фото отправлено для Пользователь 1174287803
2025-09-24 09:59:00 | INFO     | logger.py:89 | ℹ️ Уведомление отправлено пользователю Пользователь 1174287803 (ID: 1174287803)
2025-09-24 09:59:00 | INFO     | logger.py:89 | ℹ️ Отправляем уведомление пользователю Фарит (ID: 1048507963, chat_id: 1048507963)
2025-09-24 09:59:00 | INFO     | logger.py:89 | ℹ️ ✅ Уведомление успешно отправлено пользователю Фарит
2025-09-24 09:59:00 | INFO     | logger.py:89 | ℹ️ Фото отправлено для Фарит
2025-09-24 09:59:00 | INFO     | logger.py:89 | ℹ️ Уведомление отправлено пользователю Фарит (ID: 1048507963)
2025-09-24 09:59:00 | INFO     | logger.py:89 | ℹ️ Уведомления о готовой заявке для Иванов Иван Иванович отправлены 3 пользователям
2025-09-24 09:59:00 | INFO     | logger.py:89 | ℹ️ Создаем документ Word...
2025-09-24 09:59:00 | INFO     | logger.py:89 | ℹ️ Документ Word успешно создан
2025-09-24 09:59:00 | INFO     | logger.py:89 | ℹ️ Документ отправлен пользователю Лариса
2025-09-24 09:59:00 | INFO     | logger.py:89 | ℹ️ Документ отправлен пользователю Пользователь 1174287803
2025-09-24 09:59:01 | INFO     | logger.py:89 | ℹ️ Документ отправлен пользователю Фарит
2025-09-24 09:59:01 | INFO     | logger.py:89 | ℹ️ Временный файл 24.09.2025-Иванов-обучение для работы на лесах.docx удален
2025-09-24 09:59:01 | DEBUG    | logger.py:80 | ✅ Выход из функции handle_photo_with_text
  Результат: Фото с текстом успешно обработано
2025-09-24 22:26:32 | ERROR    | logger.py:97 | ❌ 
  ❌ Неожиданная ошибка (попытка 1/5): HTTPSConnectionPool(host='api.telegram.org', port=443): Read
  timed out. (read timeout=25)
2025-09-24 22:26:32 | INFO     | logger.py:89 | ℹ️ ⏳ Ожидание 5 секунд перед следующей попыткой...
2025-09-24 22:26:32 | INFO     | logger.py:89 | ℹ️ 🔄 Попытка переподключения 1/5
2025-09-24 22:26:37 | INFO     | logger.py:89 | ℹ️ ✅ Webhook удален успешно
2025-09-24 22:26:58 | ERROR    | logger.py:97 | ❌ 
  ❌ Неожиданная ошибка (попытка 2/5): HTTPSConnectionPool(host='api.telegram.org', port=443): Max
  retries exceeded with url:
  /bot8204433104:AAGTJwvACUkTIMpFLg4_6umMfh-v6cBtcQs/getUpdates?offset=501979127&timeout=20 (Caused by
  NewConnectionError('<urllib3.connection.HTTPSConnection object at 0x7ad23c7de3d0>: Failed to
  establish a new connection: [Errno 101] Network is unreachable'))
2025-09-24 22:26:58 | INFO     | logger.py:89 | ℹ️ ⏳ Ожидание 5 секунд перед следующей попыткой...
2025-09-24 22:26:58 | INFO     | logger.py:89 | ℹ️ 🔄 Попытка переподключения 2/5
2025-09-24 22:27:03 | INFO     | logger.py:89 | ℹ️ ✅ Webhook удален успешно
2025-09-25 04:31:05 | ERROR    | logger.py:97 | ❌ 
  ❌ Неожиданная ошибка (попытка 3/5): HTTPSConnectionPool(host='api.telegram.org', port=443): Read
  timed out. (read timeout=25)
2025-09-25 04:31:05 | INFO     | logger.py:89 | ℹ️ ⏳ Ожидание 5 секунд перед следующей попыткой...
2025-09-25 04:31:05 | INFO     | logger.py:89 | ℹ️ 🔄 Попытка переподключения 3/5
2025-09-25 04:31:10 | INFO     | logger.py:89 | ℹ️ ✅ Webhook удален успешно
2025-09-25 05:50:34 | ERROR    | logger.py:97 | ❌ 
  ❌ Неожиданная ошибка (попытка 4/5): HTTPSConnectionPool(host='api.telegram.org', port=443): Read
  timed out. (read timeout=25)
2025-09-25 05:50:34 | INFO     | logger.py:89 | ℹ️ ⏳ Ожидание 5 секунд перед следующей попыткой...
2025-09-25 05:50:34 | INFO     | logger.py:89 | ℹ️ 🔄 Попытка переподключения 4/5
2025-09-25 05:50:39 | INFO     | logger.py:89 | ℹ️ ✅ Webhook удален успешно
2025-09-25 16:35:37 | ERROR    | logger.py:97 | ❌ 
  ❌ Неожиданная ошибка (попытка 5/5): HTTPSConnectionPool(host='api.telegram.org', port=443): Read
  timed out. (read timeout=25)
2025-09-25 16:35:37 | CRITICAL | logger.py:101 | 🚨 ❌ КРИТИЧЕСКАЯ ОШИБКА: Превышено максимальное количество попыток
2025-09-25 16:35:37 | DEBUG    | logger.py:80 | 
  ❌ Выход из функции main с ошибкой: ❌ Неожиданная ошибка (попытка 5/5):
  HTTPSConnectionPool(host='api.telegram.org', port=443): Read timed out. (read timeout=25)
