
2025-09-05 16:59:24 | DEBUG    | logger.py:80 | ✅ Выход из функции main
  Результат: Бот запущен успешно
2025-09-05 16:59:32 | DEBUG    | logger.py:66 | 🚀 Вход в функцию: main
2025-09-05 16:59:41 | DEBUG    | logger.py:66 | 🚀 Вход в функцию: handle_message
  Аргументы: ('Иванов Иван закажи ему ЭБ',)
2025-09-05 16:59:42 | DEBUG    | logger.py:66 | 
  🚀 Вход в функцию: ceo_dispatcher Аргументы: [{'role': 'user', 'content': 'Иванов Иван закажи ему
  ЭБ'}]
2025-09-05 16:59:43 | INFO     | logger.py:89 | ℹ️ ceo_dispatcher, decision: order
2025-09-05 16:59:43 | INFO     | logger.py:89 | ℹ️ ceo_dispatcher, decision после проверки type_of_request: order, 
2025-09-05 16:59:43 | DEBUG    | logger.py:66 | 
  🚀 Вход в функцию: connect_dispatcher Аргументы: ([{'role': 'user', 'content': 'Иванов Иван закажи
  ему ЭБ'}], [{'role': 'user', 'content': 'Иванов Иван закажи ему ЭБ'}])
2025-09-05 16:59:43 | DEBUG    | logger.py:66 | 
  🚀 Вход в функцию: order_dispatcher Аргументы: ([{'role': 'user', 'content': 'Иванов Иван закажи ему
  ЭБ'}], [{'role': 'user', 'content': 'Иванов Иван закажи ему ЭБ'}])
2025-09-05 16:59:43 | DEBUG    | logger.py:85 | 🔍 chat_history: [] messages: [{'role': 'user', 'content': 'Иванов Иван закажи ему ЭБ'}]
2025-09-05 16:59:43 | INFO     | logger.py:89 | ℹ️ Отправляю запрос к ИИ (сообщений: 1)
2025-09-05 16:59:43 | DEBUG    | logger.py:85 | 🔍 Отправляю 2 сообщений в API
2025-09-05 16:59:43 | DEBUG    | logger.py:85 | 🔍 
  Первое сообщение: {'role': 'system', 'content': '\n Ты — помощник для заказа удостоверений.\n\n
  ВАЖНО: Ты ДОЛЖЕН вызывать функции, а не просто отвечать текстом!\n У тебя есть история чата:
  [{"role": "user", "content": "Иванов Иван закажи ему ЭБ"}]. \n Пользователь отвечает: \'Иванов Иван
  закажи ему ЭБ\'. \n Тебе нужно понять из истории, какой заказ уточняется, и передать его в
  order_data.\n\n У тебя есть 2 функции:\n 1. makeOrderFormat(employee_name, certificate_name) —
  создание нового заказа\n 2. clarification(order_data) — уточнение данных заказа\n\n ПРАВИЛА:\n -
  Если пользователь предоставляет ПОЛНЫЕ данные сотрудника (ФИО, СНИЛС, ИНН, телефон, дата рождения,
  должность) и просит удостоверение → вызывай makeOrderFormat()\n - Если пользователь отвечает на
  вопрос (например, "монтажник" на вопрос о должности) → вызывай clarification() с данными из
  предыдущего заказа\n - Если пользователь уточняет детали существующего заказа → вызывай
  clarification()\n - НИКОГДА не отвечай обычным текстом, ВСЕГДА используй функции!\n\n - Если
  пользователь хочет СДЕЛАТЬ НОВЫЙ ЗАКАЗ → вызывай makeOrderFormat().\n • Обязательно верни JSON в
  формате:\n {\n "employee_name": "ФИО сотрудника",\n "certificate_name": ["Название удостоверения"]\n
  }\n • Всегда используй массив для certificate_name, даже если удостоверение одно.\n\n - Если
  пользователь уточняет детали уже существующего заказа (например: "а ещё добавь ПБО", "не Егоров, а
  Егоров Иван", "нужно 2 удостоверения") → вызывай clarification().\n • В clarification() всегда
  передавай:\n - messages → текст уточнения пользователя\n - order_data → JSON заказа, который нужно
  уточнить (по истории чата в chat_history тебе нужно понять какой заказ нужно уточнить) Тебе
  обязательно нужно передавать этот аргумент в функцию\n заказ выглядит в виде json примерно вот так
  {\'type\': \'ПРИМЕР\', \'employee\': {\'full_name\': \'ПРИМЕР\', \'snils\': \'ПРИМЕР\', \'inn\':
  \'ПРИМЕР\', \'position\': None, \'birth_date\': \'ПРИМЕР\', \'phone\': \'ПРИМЕР\'}, \'certificate\':
  [\'ПРИМЕР\'], \'status\': \'ПРИМЕР\', \'message\': \'ПРИМЕР\'}\n - ЖЕСТКОЕ ПРАВИЛО: отвечай только
  JSON в формате:\n\n - Если пользователь хочет СДЕЛАТЬ НОВЫЙ ЗАКАЗ → вызывай makeOrderFormat().\n
  Примеры:\n Пользователь: "Сабиров Рустем, СНИЛС 195-071-028-66, нужно удостоверение высоты"\n Ответ:
  makeOrderFormat({"employee_name": "Сабиров Рустем Рафисович", "certificate_name": ["удостоверение
  высоты"]})\n\n Пользователь: "заказать Егорову ЭБ"\n Ответ: makeOrderFormat({"employee_name":
  "Егоров", "certificate_name": ["ЭБ"]})\n\n Пользователь: "и ещё добавь БСИЗ"\n Ответ:
  clarification(messages="и ещё добавь БСИЗ", order_data={"employee_name": "Егоров",
  "certificate_name": ["ЭБ"]})\n\n Пользователь: "монтажник" (ответ на вопрос о должности)\n Ответ:
  clarification(messages="монтажник", order_data={"employee_name": "Сабиров Рустем Рафисович",
  "certificate_name": ["обучение для работы на лесах"]})\n\n ВАЖНО: Всегда используй массив для
  certificate_name, даже если удостоверение одно!\n '}
2025-09-05 16:59:43 | DEBUG    | logger.py:85 | 🔍 Последнее сообщение: {'role': 'user', 'content': 'Иванов Иван закажи ему ЭБ'}
2025-09-05 16:59:46 | INFO     | logger.py:89 | ℹ️ Ответ ИИ: 
2025-09-05 16:59:46 | INFO     | logger.py:89 | ℹ️ ИИ хочет вызвать инструменты: 1
2025-09-05 16:59:46 | INFO     | logger.py:89 | ℹ️ Вызываю инструмент: makeOrderFormat
2025-09-05 16:59:46 | DEBUG    | logger.py:85 | 🔍 employee_name: Иванов Иван, certificate_name: ['ЭБ']
2025-09-05 16:59:46 | DEBUG    | logger.py:66 | 
  🚀 Вход в функцию: makeOrderFormat Аргументы: ([{'role': 'user', 'content': 'Иванов Иван закажи ему
  ЭБ'}], 'Иванов Иван', ['ЭБ'])
2025-09-05 16:59:46 | DEBUG    | logger.py:66 | 🚀 Вход в функцию: sort_employee
  Аргументы: ('Иванов Иван',)
2025-09-05 16:59:46 | INFO     | logger.py:113 | 🔍 Ищу сотрудников по фильтру: 'Иванов Иван'
2025-09-05 16:59:46 | DEBUG    | logger.py:66 | 🚀 Вход в функцию: call_external_api
2025-09-05 16:59:46 | INFO     | logger.py:125 | 🌐 Выполняю запрос к API: http://labor.tetrakom-crm-miniapp.ru/api/people
2025-09-05 16:59:46 | INFO     | logger.py:125 | 🌐 API запрос успешен, получено 33292 символов
2025-09-05 16:59:46 | DEBUG    | logger.py:80 | ✅ Выход из функции call_external_api
  Результат: 3
2025-09-05 17:00:01 | INFO     | logger.py:105 | ✅ 
  Результат поиска сотрудников: { "data": { "id": 6, "full_name": "Иванов Иван Иванович", "position":
  "Инженер", "phone": "+7-999-123-45-67", "snils": "123-456-789-01", "inn": "123456789012",
  "birth_date": "1990-01-01T00:00:00.000000Z", "all_certificates": [ { "id": 2, "name": "ВИТР (ОТ)",
  "description": "Описание", "expiry_date": 1, "created_at": "2025-08-25T12:47:45.000000Z",
  "updated_at": "2025-08-25T12:47:45.000000Z", "is_assigned": false, "assigned_data": null }, { "id":
  3, "name": "ПБО", "description": "Описание", "expiry_date": 3, "created_at":
  "2025-08-25T12:47:45.000000Z", "updated_at": "2025-08-25T12:47:45.000000Z", "is_assigned": false,
  "assigned_data": null }, { "id": 4, "name": "АБГ", "description": "Описание", "expiry_date": 3,
  "created_at": "2025-08-25T12:47:45.000000Z", "updated_at": "2025-08-25T12:47:45.000000Z",
  "is_assigned": false, "assigned_data": null }, { "id": 5, "name": "Первая Помощь", "description":
  "Описание", "expiry_date": 3, "created_at": "2025-08-25T12:47:45.000000Z", "updated_at":
  "2025-08-25T12:47:45.000000Z", "is_assigned": false, "assigned_data": null }, { "id": 6, "name":
  "ПБИ", "description": "Описание", "expiry_date": 3, "created_at": "2025-08-25T12:47:45.000000Z",
  "updated_at": "2025-08-25T12:47:45.000000Z", "is_assigned": false, "assigned_data": null }, { "id":
  7, "name": "ЭБ", "description": "Описание", "expiry_date": 1, "created_at":
  "2025-08-25T12:47:45.000000Z", "updated_at": "2025-08-25T12:47:45.000000Z", "is_assigned": false,
  "assigned_data": null }, { "id": 8, "name": "ВЛ (ОТ)", "description": "Описание", "expiry_date": 3,
  "created_at": "2025-08-25T12:47:45.000000Z", "updated_at": "2025-08-25T12:47:45.000000Z",
  "is_assigned": false, "assigned_data": null }, { "id": 9, "name": "5.9.3", "description": null,
  "expiry_date": 3, "created_at": "2025-08-25T12:47:45.000000Z", "updated_at":
  "2025-08-25T12:47:45.000000Z", "is_assigned": false, "assigned_data": null }, { "id": 10, "name":
  "5.9.4", "description": null, "expiry_date": 3, "created_at": "2025-08-25T12:47:45.000000Z",
  "updated_at": "2025-08-25T12:47:45.000000Z", "is_assigned": false, "assigned_data": null }, { "id":
  11, "name": "Люльки", "description": "Описание", "expiry_date": 3, "created_at":
  "2025-08-25T12:47:45.000000Z", "updated_at": "2025-08-25T12:47:45.000000Z", "is_assigned": false,
  "assigned_data": null }, { "id": 12, "name": "5.1.9", "description": null, "expiry_date": 3,
  "created_at": "2025-08-25T12:47:45.000000Z", "updated_at": "2025-08-25T12:47:45.000000Z",
  "is_assigned": false, "assigned_data": null }, { "id": 13, "name": "5.1.10", "description": null,
  "expiry_date": 3, "created_at": "2025-08-25T12:47:45.000000Z", "updated_at":
  "2025-08-25T12:47:45.000000Z", "is_assigned": false, "assigned_data": null }, { "id": 14, "name":
  "5.1.11", "description": null, "expiry_date": 3, "created_at": "2025-08-25T12:47:45.000000Z",
  "updated_at": "2025-08-25T12:47:45.000000Z", "is_assigned": false, "assigned_data": null }, { "id":
  15, "name": "Высота(рабочая, 2гр)", "description": "Описание", "expiry_date": 3, "created_at":
  "2025-08-25T12:47:45.000000Z", "updated_at": "2025-08-25T12:47:45.000000Z", "is_assigned": false,
  "assigned_data": null }, { "id": 16, "name": "Высота(ИТР, 3гр)", "description": "Описание",
  "expiry_date": 5, "created_at": "2025-08-25T12:47:45.000000Z", "updated_at":
  "2025-08-25T12:47:45.000000Z", "is_assigned": false, "assigned_data": null }, { "id": 17, "name":
  "БСИЗ", "description": "Описание", "expiry_date": 3, "created_at": "2025-08-25T12:47:45.000000Z",
  "updated_at": "2025-08-25T12:47:45.000000Z", "is_assigned": false, "assigned_data": null }, { "id":
  1, "name": "A1", "description": "Описание", "expiry_date": 5, "created_at":
  "2025-08-25T12:47:45.000000Z", "updated_at": "2025-08-27T10:40:33.000000Z", "is_assigned": false,
  "assigned_data": null } ] } }
2025-09-05 17:00:01 | INFO     | logger.py:105 | ✅ Поиск сотрудников завершен
2025-09-05 17:00:01 | DEBUG    | logger.py:80 | 
  ✅ Выход из функции sort_employee Результат: { "data": { "id": 6, "full_name": "Иванов Иван
  Иванович", "position": "И... (обрезано)
2025-09-05 17:00:01 | DEBUG    | logger.py:85 | 🔍 sort_employee вернул: <class 'str'>
2025-09-05 17:00:01 | DEBUG    | logger.py:85 | 🔍 
  Содержимое json_people: { "data": { "id": 6, "full_name": "Иванов Иван Иванович", "position":
  "Инженер", "phone": "+7-999-123-45-67", "snils": "123-456-789-01", "inn": "123456789012",
  "birth_date": "1990-01-01T00:00:00.000000Z", "all_certificates": [ { "id": 2, "name": "ВИТР (ОТ)",
  "description": "Описание", "expiry_date": 1, "created_at": "2025-08-25T12:47:45.000000Z",
  "updated_at": "2025-08-25T12:47:45.000000Z", "is_assigned": false, "assigned_data": null }, { "id":
  3, "name": "ПБО", "description": "Описание", "expiry_date": 3, "created_at":
  "2025-08-25T12:47:45.000000Z", "updated_at": "2025-08-25T12:47:45.000000Z", "is_assigned": false,
  "assigned_data": null }, { "id": 4, "name": "АБГ", "description": "Описание", "expiry_date": 3,
  "created_at": "2025-08-25T12:47:45.000000Z", "updated_at": "2025-08-25T12:47:45.000000Z",
  "is_assigned": false, "assigned_data": null }, { "id": 5, "name": "Первая Помощь", "description":
  "Описание", "expiry_date": 3, "created_at": "2025-08-25T12:47:45.000000Z", "updated_at":
  "2025-08-25T12:47:45.000000Z", "is_assigned": false, "assigned_data": null }, { "id": 6, "name":
  "ПБИ", "description": "Описание", "expiry_date": 3, "created_at": "2025-08-25T12:47:45.000000Z",
  "updated_at": "2025-08-25T12:47:45.000000Z", "is_assigned": false, "assigned_data": null }, { "id":
  7, "name": "ЭБ", "description": "Описание", "expiry_date": 1, "created_at":
  "2025-08-25T12:47:45.000000Z", "updated_at": "2025-08-25T12:47:45.000000Z", "is_assigned": false,
  "assigned_data": null }, { "id": 8, "name": "ВЛ (ОТ)", "description": "Описание", "expiry_date": 3,
  "created_at": "2025-08-25T12:47:45.000000Z", "updated_at": "2025-08-25T12:47:45.000000Z",
  "is_assigned": false, "assigned_data": null }, { "id": 9, "name": "5.9.3", "description": null,
  "expiry_date": 3, "created_at": "2025-08-25T12:47:45.000000Z", "updated_at":
  "2025-08-25T12:47:45.000000Z", "is_assigned": false, "assigned_data": null }, { "id": 10, "name":
  "5.9.4", "description": null, "expiry_date": 3, "created_at": "2025-08-25T12:47:45.000000Z",
  "updated_at": "2025-08-25T12:47:45.000000Z", "is_assigned": false, "assigned_data": null }, { "id":
  11, "name": "Люльки", "description": "Описание", "expiry_date": 3, "created_at":
  "2025-08-25T12:47:45.000000Z", "updated_at": "2025-08-25T12:47:45.000000Z", "is_assigned": false,
  "assigned_data": null }, { "id": 12, "name": "5.1.9", "description": null, "expiry_date": 3,
  "created_at": "2025-08-25T12:47:45.000000Z", "updated_at": "2025-08-25T12:47:45.000000Z",
  "is_assigned": false, "assigned_data": null }, { "id": 13, "name": "5.1.10", "description": null,
  "expiry_date": 3, "created_at": "2025-08-25T12:47:45.000000Z", "updated_at":
  "2025-08-25T12:47:45.000000Z", "is_assigned": false, "assigned_data": null }, { "id": 14, "name":
  "5.1.11", "description": null, "expiry_date": 3, "created_at": "2025-08-25T12:47:45.000000Z",
  "updated_at": "2025-08-25T12:47:45.000000Z", "is_assigned": false, "assigned_data": null }, { "id":
  15, "name": "Высота(рабочая, 2гр)", "description": "Описание", "expiry_date": 3, "created_at":
  "2025-08-25T12:47:45.000000Z", "updated_at": "2025-08-25T12:47:45.000000Z", "is_assigned": false,
  "assigned_data": null }, { "id": 16, "name": "Высота(ИТР, 3гр)", "description": "Описание",
  "expiry_date": 5, "created_at": "2025-08-25T12:47:45.000000Z", "updated_at":
  "2025-08-25T12:47:45.000000Z", "is_assigned": false, "assigned_data": null }, { "id": 17, "name":
  "БСИЗ", "description": "Описание", "expiry_date": 3, "created_at": "2025-08-25T12:47:45.000000Z",
  "updated_at": "2025-08-25T12:47:45.000000Z", "is_assigned": false, "assigned_data": null }, { "id":
  1, "name": "A1", "description": "Описание", "expiry_date": 5, "created_at":
  "2025-08-25T12:47:45.000000Z", "updated_at": "2025-08-27T10:40:33.000000Z", "is_assigned": false,
  "assigned_data": null } ] } }
2025-09-05 17:00:01 | DEBUG    | logger.py:85 | 🔍 После парсинга JSON: <class 'dict'>
2025-09-05 17:00:01 | DEBUG    | logger.py:85 | 🔍 data type: <class 'dict'>, length: not list
2025-09-05 17:00:01 | DEBUG    | logger.py:85 | 🔍 Extracted from data dict: Иванов Иван Иванович, 123-456-789-01, 123456789012
2025-09-05 17:00:01 | DEBUG    | logger.py:85 | 🔍 
  Сформированный order_json: {'type': 'readyorder', 'employee': {'full_name': 'Иванов Иван Иванович',
  'snils': '123-456-789-01', 'inn': '123456789012', 'position': 'Инженер', 'birth_date':
  '1990-01-01T00:00:00.000000Z', 'phone': '+7-999-123-45-67'}, 'certificate': ['ЭБ'], 'status':
  'pending'}
2025-09-05 17:00:01 | DEBUG    | logger.py:80 | 
  ✅ Выход из функции makeOrderFormat Результат: {'type': 'readyorder', 'employee': {'full_name':
  'Иванов Иван Иванович', 'snils': '123-456-789-01', 'inn': '123456789012', 'position': 'Инженер',
  'birth_date': '1990-01-01T00:00:00.000000Z', 'phone': '+7-999-123-45-67'}, 'certificate': ['ЭБ'],
  'status': 'pending'}
2025-09-05 17:00:01 | DEBUG    | logger.py:85 | 🔍 
  result makeOrderFormat from order_dispatcher: {'type': 'readyorder', 'employee': {'full_name':
  'Иванов Иван Иванович', 'snils': '123-456-789-01', 'inn': '123456789012', 'position': 'Инженер',
  'birth_date': '1990-01-01T00:00:00.000000Z', 'phone': '+7-999-123-45-67'}, 'certificate': ['ЭБ'],
  'status': 'pending'}
2025-09-05 17:00:01 | DEBUG    | logger.py:66 | 
  🚀 Вход в функцию: addToDatabase Аргументы: ({'type': 'readyorder', 'employee': {'full_name': 'Иванов
  Иван Иванович', 'snils': '123-456-789-01', 'inn': '123456789012', 'position': 'Инженер',
  'birth_date': '1990-01-01T00:00:00.000000Z', 'phone': '+7-999-123-45-67'}, 'certificate': ['ЭБ'],
  'status': 'pending'},)
2025-09-05 17:00:01 | INFO     | logger.py:89 | ℹ️ 
  Отправляю данные в API: { "full_name": "Иванов Иван Иванович", "position": "Инженер", "phone":
  "+7-999-123-45-67", "snils": "123-456-789-01", "inn": "123456789012", "birth_date":
  "1990-01-01T00:00:00.000000Z", "status": "В ожидании" }
2025-09-05 17:00:02 | INFO     | logger.py:105 | ✅ Заказ успешно добавлен в базу данных
2025-09-05 17:00:02 | DEBUG    | logger.py:80 | 
  ✅ Выход из функции addToDatabase Результат: ✅ Заказ для Иванов Иван Иванович успешно добавлен в базу
  данных со статусом 'В ожидании'
2025-09-05 17:00:02 | DEBUG    | logger.py:66 | 
  🚀 Вход в функцию: updatePerson Аргументы: ({'type': 'readyorder', 'employee': {'full_name': 'Иванов
  Иван Иванович', 'snils': '123-456-789-01', 'inn': '123456789012', 'position': 'Инженер',
  'birth_date': '1990-01-01T00:00:00.000000Z', 'phone': '+7-999-123-45-67'}, 'certificate': ['ЭБ'],
  'status': 'pending'},)
2025-09-05 17:00:02 | INFO     | logger.py:89 | ℹ️ Парсим все сертификаты: <coroutine object parsAllCertificates at 0x0000024E23FE3BA0>
2025-09-05 17:00:02 | DEBUG    | logger.py:80 | 
  ✅ Выход из функции order_dispatcher Результат: Заказ оформлен и отправлен в базу данных для Иванов
  Иван Иванович с удостоверением ['ЭБ'] ... (обрезано)
2025-09-05 17:00:02 | DEBUG    | logger.py:80 | 
  ✅ Выход из функции connect_dispatcher Результат: {'type': 'orderready', 'message': " Заказ оформлен
  и отправлен в базу данных \n для Иванов Иван Иванович \n с удостоверением ['ЭБ']\n \n СНИЛС:
  123-456-789-01 \n ИНН: 123456789012 \n Должность: Инженер \n Дата рождения: 01.01.1990 \n Телефон:
  +7-999-123-45-67 ", 'chat_history_order': '[\n {\n "role": "assistant",\n "content":
  "{\\"message\\": \\" Заказ оформлен и отправлен в базу данных \\\\n для Иванов Иван Иванович \\\\n с
  удостоверением [\'ЭБ\']\\\\n \\\\n СНИЛС: 123-456-789-01 \\\\n ИНН: 123456789012 \\\\n Должность:
  Инженер \\\\n Дата рождения: 01.01.1990 \\\\n Телефон: +7-999-123-45-67 \\"}"\n }\n]'}
2025-09-05 17:00:02 | DEBUG    | logger.py:80 | ✅ Выход из функции handle_message
  Результат: Сообщение обработано успешно
2025-09-05 17:01:47 | DEBUG    | logger.py:80 | ✅ Выход из функции main
  Результат: Бот запущен успешно
