2025-09-09 14:07:14 | DEBUG    | logger.py:66 | 🚀 Вход в функцию: main
2025-09-09 14:07:20 | DEBUG    | logger.py:66 | 🚀 Вход в функцию: handle_message
  Аргументы: ('закажи иванову ивану люльки',)
2025-09-09 14:07:20 | DEBUG    | logger.py:66 | 
  🚀 Вход в функцию: ceo_dispatcher Аргументы: [{'role': 'user', 'content': 'закажи иванову ивану
  люльки'}]
2025-09-09 14:07:23 | INFO     | logger.py:89 | ℹ️ ceo_dispatcher, decision: order
2025-09-09 14:07:23 | INFO     | logger.py:89 | ℹ️ ceo_dispatcher, decision после проверки type_of_request: order, 
2025-09-09 14:07:23 | DEBUG    | logger.py:66 | 
  🚀 Вход в функцию: connect_dispatcher Аргументы: ([{'role': 'user', 'content': 'закажи иванову ивану
  люльки'}], [{'role': 'user', 'content': 'закажи иванову ивану люльки'}])
2025-09-09 14:07:23 | DEBUG    | logger.py:66 | 
  🚀 Вход в функцию: order_dispatcher Аргументы: ([{'role': 'user', 'content': 'закажи иванову ивану
  люльки'}], [{'role': 'user', 'content': 'закажи иванову ивану люльки'}])
2025-09-09 14:07:23 | DEBUG    | logger.py:85 | 🔍 chat_history: [] messages: [{'role': 'user', 'content': 'закажи иванову ивану люльки'}]
2025-09-09 14:07:23 | INFO     | logger.py:89 | ℹ️ Отправляю запрос к ИИ (сообщений: 1)
2025-09-09 14:07:23 | DEBUG    | logger.py:85 | 🔍 Отправляю 2 сообщений в API
2025-09-09 14:07:23 | DEBUG    | logger.py:85 | 🔍 
  Первое сообщение: {'role': 'system', 'content': '\n Ты — помощник для заказа удостоверений.\n\n
  ВАЖНО: Ты ДОЛЖЕН вызывать функции, а не просто отвечать текстом!\n У тебя есть история чата:
  [{"role": "user", "content": "закажи иванову ивану люльки"}]. \n Пользователь отвечает: \'закажи
  иванову ивану люльки\'. \n Тебе нужно понять из истории, какой заказ уточняется, и передать его в
  order_data.\n\n У тебя есть 2 функции:\n 1. makeOrderFormat(employee_name, certificate_name) —
  создание нового заказа\n 2. clarification(order_data) — уточнение данных заказа\n\n ПРАВИЛА:\n -
  ВАЖНО: Если в истории чата есть уточнение от бота (например, "Пожалуйста, укажите...", "предоставьте
  фото...") и пользователь отправляет фото или текст → это ОБЯЗАТЕЛЬНО ответ на уточнение, вызывай
  clarification()\n - Если пользователь предоставляет ПОЛНЫЕ данные сотрудника (ФИО, СНИЛС, ИНН,
  телефон, дата рождения, должность) и просит удостоверение → вызывай makeOrderFormat()\n - Если
  пользователь отвечает на вопрос (например, "монтажник" на вопрос о должности) → вызывай
  clarification() с данными из предыдущего заказа\n - Если пользователь уточняет детали существующего
  заказа → вызывай clarification()\n - НИКОГДА не отвечай обычным текстом, ВСЕГДА используй функции!\n
  \n **ПРИОРИТЕТ:** Контекст истории чата ВАЖНЕЕ ключевых слов в последнем сообщении!\n\n - Если
  пользователь хочет СДЕЛАТЬ НОВЫЙ ЗАКАЗ → вызывай makeOrderFormat().\n • Обязательно верни JSON в
  формате:\n {\n "employee_name": "ФИО сотрудника",\n "certificate_name": ["Название удостоверения"]\n
  }\n • Всегда используй массив для certificate_name, даже если удостоверение одно.\n\n - Если
  пользователь уточняет детали уже существующего заказа (например: "а ещё добавь ПБО", "не Егоров, а
  Егоров Иван", "нужно 2 удостоверения") → вызывай clarification().\n • В clarification() всегда
  передавай:\n - messages → текст уточнения пользователя\n - order_data → JSON заказа, который нужно
  уточнить (по истории чата в chat_history тебе нужно понять какой заказ нужно уточнить) Тебе
  обязательно нужно передавать этот аргумент в функцию\n заказ выглядит в виде json примерно вот так
  {\'type\': \'ПРИМЕР\', \'employee\': {\'full_name\': \'ПРИМЕР\', \'snils\': \'ПРИМЕР\', \'inn\':
  \'ПРИМЕР\', \'position\': None, \'birth_date\': \'ПРИМЕР\', \'phone\': \'ПРИМЕР\'}, \'certificate\':
  [\'ПРИМЕР\'], \'status\': \'ПРИМЕР\', \'message\': \'ПРИМЕР\'}\n - ЖЕСТКОЕ ПРАВИЛО: отвечай только
  JSON в формате:\n\n - Если пользователь хочет СДЕЛАТЬ НОВЫЙ ЗАКАЗ → вызывай makeOrderFormat().\n
  Примеры:\n Пользователь: "Сабиров Рустем, СНИЛС 195-071-028-66, нужно удостоверение высоты"\n Ответ:
  makeOrderFormat({"employee_name": "Сабиров Рустем Рафисович", "certificate_name": ["удостоверение
  высоты"]})\n\n Пользователь: "заказать Егорову ЭБ"\n Ответ: makeOrderFormat({"employee_name":
  "Егоров", "certificate_name": ["ЭБ"]})\n\n Пользователь: "и ещё добавь БСИЗ"\n Ответ:
  clarification(messages="и ещё добавь БСИЗ", order_data={"employee_name": "Егоров",
  "certificate_name": ["ЭБ"]})\n\n Пользователь: "монтажник" (ответ на вопрос о должности)\n Ответ:
  clarification(messages="монтажник", order_data={"employee_name": "Сабиров Рустем Рафисович",
  "certificate_name": ["обучение для работы на лесах"]})\n\n ВАЖНО: Всегда используй массив для
  certificate_name, даже если удостоверение одно!\n '}
2025-09-09 14:07:23 | DEBUG    | logger.py:85 | 🔍 Последнее сообщение: {'role': 'user', 'content': 'закажи иванову ивану люльки'}
2025-09-09 14:07:24 | INFO     | logger.py:89 | ℹ️ Ответ ИИ: 
2025-09-09 14:07:24 | INFO     | logger.py:89 | ℹ️ ИИ хочет вызвать инструменты: 1
2025-09-09 14:07:24 | INFO     | logger.py:89 | ℹ️ Вызываю инструмент: makeOrderFormat
2025-09-09 14:07:24 | DEBUG    | logger.py:85 | 🔍 employee_name: иванова ивана, certificate_name: ['люльки']
2025-09-09 14:07:24 | DEBUG    | logger.py:66 | 
  🚀 Вход в функцию: makeOrderFormat Аргументы: ([{'role': 'user', 'content': 'закажи иванову ивану
  люльки'}], 'иванова ивана', ['люльки'])
2025-09-09 14:07:24 | DEBUG    | logger.py:66 | 🚀 Вход в функцию: sort_employee
  Аргументы: ('иванова ивана',)
2025-09-09 14:07:24 | INFO     | logger.py:113 | 🔍 Ищу сотрудников по фильтру: 'иванова ивана'
2025-09-09 14:07:24 | DEBUG    | logger.py:66 | 🚀 Вход в функцию: call_external_api
2025-09-09 14:07:24 | INFO     | logger.py:125 | 🌐 Выполняю запрос к API: http://labor.tetrakom-crm-miniapp.ru/api/people
2025-09-09 14:07:24 | INFO     | logger.py:125 | 🌐 API запрос успешен, получено 34655 символов
2025-09-09 14:07:24 | DEBUG    | logger.py:80 | ✅ Выход из функции call_external_api
  Результат: 3
2025-09-09 14:07:40 | INFO     | logger.py:105 | ✅ 
  Результат поиска сотрудников: { "data": [ { "id": 83, "full_name": "Иванов Иван Иванович",
  "position": "монтажник", "phone": "89600450737", "snils": "195-071-028-66", "inn": "161202476959",
  "birth_date": "1988-02-08T00:00:00.000000Z", "photo": "1757339108_photo_file_0.jpg",
  "all_certificates": [ { "id": 2, "name": "ВИТР (ОТ)", "description": "Описание", "expiry_date": 1,
  "created_at": "2025-08-25T12:47:45.000000Z", "updated_at": "2025-08-25T12:47:45.000000Z",
  "is_assigned": true, "assigned_data": { "assigned_date": "2000-01-01", "certificate_number": "В
  ожидании", "status": 2, "notes": null } }, { "id": 3, "name": "ПБО", "description": "Описание",
  "expiry_date": 3, "created_at": "2025-08-25T12:47:45.000000Z", "updated_at":
  "2025-08-25T12:47:45.000000Z", "is_assigned": true, "assigned_data": { "assigned_date":
  "2000-01-01", "certificate_number": "В ожидании", "status": 2, "notes": null } }, { "id": 4, "name":
  "АБГ", "description": "Описание", "expiry_date": 3, "created_at": "2025-08-25T12:47:45.000000Z",
  "updated_at": "2025-08-25T12:47:45.000000Z", "is_assigned": true, "assigned_data": {
  "assigned_date": "2000-01-01", "certificate_number": "В ожидании", "status": 2, "notes": null } }, {
  "id": 5, "name": "Первая Помощь", "description": "Описание", "expiry_date": 3, "created_at":
  "2025-08-25T12:47:45.000000Z", "updated_at": "2025-08-25T12:47:45.000000Z", "is_assigned": false,
  "assigned_data": null }, { "id": 6, "name": "ПБИ", "description": "Описание", "expiry_date": 3,
  "created_at": "2025-08-25T12:47:45.000000Z", "updated_at": "2025-08-25T12:47:45.000000Z",
  "is_assigned": false, "assigned_data": null }, { "id": 7, "name": "ЭБ", "description": "Описание",
  "expiry_date": 1, "created_at": "2025-08-25T12:47:45.000000Z", "updated_at":
  "2025-08-25T12:47:45.000000Z", "is_assigned": false, "assigned_data": null }, { "id": 8, "name": "ВЛ
  (ОТ)", "description": "Описание", "expiry_date": 3, "created_at": "2025-08-25T12:47:45.000000Z",
  "updated_at": "2025-08-25T12:47:45.000000Z", "is_assigned": false, "assigned_data": null }, { "id":
  9, "name": "5.9.3", "description": null, "expiry_date": 3, "created_at":
  "2025-08-25T12:47:45.000000Z", "updated_at": "2025-08-25T12:47:45.000000Z", "is_assigned": false,
  "assigned_data": null }, { "id": 10, "name": "5.9.4", "description": null, "expiry_date": 3,
  "created_at": "2025-08-25T12:47:45.000000Z", "updated_at": "2025-08-25T12:47:45.000000Z",
  "is_assigned": false, "assigned_data": null }, { "id": 12, "name": "5.1.9", "description": null,
  "expiry_date": 3, "created_at": "2025-08-25T12:47:45.000000Z", "updated_at":
  "2025-08-25T12:47:45.000000Z", "is_assigned": false, "assigned_data": null }, { "id": 13, "name":
  "5.1.10", "description": null, "expiry_date": 3, "created_at": "2025-08-25T12:47:45.000000Z",
  "updated_at": "2025-08-25T12:47:45.000000Z", "is_assigned": false, "assigned_data": null }, { "id":
  14, "name": "5.1.11", "description": null, "expiry_date": 3, "created_at":
  "2025-08-25T12:47:45.000000Z", "updated_at": "2025-08-25T12:47:45.000000Z", "is_assigned": false,
  "assigned_data": null }, { "id": 15, "name": "Высота(рабочая, 2гр)", "description": "Описание",
  "expiry_date": 3, "created_at": "2025-08-25T12:47:45.000000Z", "updated_at":
  "2025-08-25T12:47:45.000000Z", "is_assigned": false, "assigned_data": null }, { "id": 16, "name":
  "Высота(ИТР, 3гр)", "description": "Описание", "expiry_date": 5, "created_at":
  "2025-08-25T12:47:45.000000Z", "updated_at": "2025-08-25T12:47:45.000000Z", "is_assigned": false,
  "assigned_data": null }, { "id": 17, "name": "БСИЗ", "description": "Описание", "expiry_date": 3,
  "created_at": "2025-08-25T12:47:45.000000Z", "updated_at": "2025-08-25T12:47:45.000000Z",
  "is_assigned": false, "assigned_data": null }, { "id": 1, "name": "A1", "description": "Описание",
  "expiry_date": 5, "created_at": "2025-08-25T12:47:45.000000Z", "updated_at":
  "2025-08-27T10:40:33.000000Z", "is_assigned": false, "assigned_data": null }, { "id": 11, "name":
  "Люльки", "description": "Рабочий люльки строительного фасадного подъемника", "expiry_date": 3,
  "created_at": "2025-08-25T12:47:45.000000Z", "updated_at": "2025-09-09T11:01:56.000000Z",
  "is_assigned": true, "assigned_data": { "assigned_date": "2000-01-01", "certificate_number": "В
  ожидании", "status": 2, "notes": null } } ] } ] }
2025-09-09 14:07:40 | INFO     | logger.py:105 | ✅ Поиск сотрудников завершен
2025-09-09 14:07:40 | DEBUG    | logger.py:80 | 
  ✅ Выход из функции sort_employee Результат: { "data": [ { "id": 83, "full_name": "Иванов Иван
  Иванович", ... (обрезано)
2025-09-09 14:07:40 | DEBUG    | logger.py:85 | 🔍 sort_employee вернул: <class 'str'>
2025-09-09 14:07:40 | DEBUG    | logger.py:85 | 🔍 
  Содержимое json_people: { "data": [ { "id": 83, "full_name": "Иванов Иван Иванович", "position":
  "монтажник", "phone": "89600450737", "snils": "195-071-028-66", "inn": "161202476959", "birth_date":
  "1988-02-08T00:00:00.000000Z", "photo": "1757339108_photo_file_0.jpg", "all_certificates": [ { "id":
  2, "name": "ВИТР (ОТ)", "description": "Описание", "expiry_date": 1, "created_at":
  "2025-08-25T12:47:45.000000Z", "updated_at": "2025-08-25T12:47:45.000000Z", "is_assigned": true,
  "assigned_data": { "assigned_date": "2000-01-01", "certificate_number": "В ожидании", "status": 2,
  "notes": null } }, { "id": 3, "name": "ПБО", "description": "Описание", "expiry_date": 3,
  "created_at": "2025-08-25T12:47:45.000000Z", "updated_at": "2025-08-25T12:47:45.000000Z",
  "is_assigned": true, "assigned_data": { "assigned_date": "2000-01-01", "certificate_number": "В
  ожидании", "status": 2, "notes": null } }, { "id": 4, "name": "АБГ", "description": "Описание",
  "expiry_date": 3, "created_at": "2025-08-25T12:47:45.000000Z", "updated_at":
  "2025-08-25T12:47:45.000000Z", "is_assigned": true, "assigned_data": { "assigned_date":
  "2000-01-01", "certificate_number": "В ожидании", "status": 2, "notes": null } }, { "id": 5, "name":
  "Первая Помощь", "description": "Описание", "expiry_date": 3, "created_at":
  "2025-08-25T12:47:45.000000Z", "updated_at": "2025-08-25T12:47:45.000000Z", "is_assigned": false,
  "assigned_data": null }, { "id": 6, "name": "ПБИ", "description": "Описание", "expiry_date": 3,
  "created_at": "2025-08-25T12:47:45.000000Z", "updated_at": "2025-08-25T12:47:45.000000Z",
  "is_assigned": false, "assigned_data": null }, { "id": 7, "name": "ЭБ", "description": "Описание",
  "expiry_date": 1, "created_at": "2025-08-25T12:47:45.000000Z", "updated_at":
  "2025-08-25T12:47:45.000000Z", "is_assigned": false, "assigned_data": null }, { "id": 8, "name": "ВЛ
  (ОТ)", "description": "Описание", "expiry_date": 3, "created_at": "2025-08-25T12:47:45.000000Z",
  "updated_at": "2025-08-25T12:47:45.000000Z", "is_assigned": false, "assigned_data": null }, { "id":
  9, "name": "5.9.3", "description": null, "expiry_date": 3, "created_at":
  "2025-08-25T12:47:45.000000Z", "updated_at": "2025-08-25T12:47:45.000000Z", "is_assigned": false,
  "assigned_data": null }, { "id": 10, "name": "5.9.4", "description": null, "expiry_date": 3,
  "created_at": "2025-08-25T12:47:45.000000Z", "updated_at": "2025-08-25T12:47:45.000000Z",
  "is_assigned": false, "assigned_data": null }, { "id": 12, "name": "5.1.9", "description": null,
  "expiry_date": 3, "created_at": "2025-08-25T12:47:45.000000Z", "updated_at":
  "2025-08-25T12:47:45.000000Z", "is_assigned": false, "assigned_data": null }, { "id": 13, "name":
  "5.1.10", "description": null, "expiry_date": 3, "created_at": "2025-08-25T12:47:45.000000Z",
  "updated_at": "2025-08-25T12:47:45.000000Z", "is_assigned": false, "assigned_data": null }, { "id":
  14, "name": "5.1.11", "description": null, "expiry_date": 3, "created_at":
  "2025-08-25T12:47:45.000000Z", "updated_at": "2025-08-25T12:47:45.000000Z", "is_assigned": false,
  "assigned_data": null }, { "id": 15, "name": "Высота(рабочая, 2гр)", "description": "Описание",
  "expiry_date": 3, "created_at": "2025-08-25T12:47:45.000000Z", "updated_at":
  "2025-08-25T12:47:45.000000Z", "is_assigned": false, "assigned_data": null }, { "id": 16, "name":
  "Высота(ИТР, 3гр)", "description": "Описание", "expiry_date": 5, "created_at":
  "2025-08-25T12:47:45.000000Z", "updated_at": "2025-08-25T12:47:45.000000Z", "is_assigned": false,
  "assigned_data": null }, { "id": 17, "name": "БСИЗ", "description": "Описание", "expiry_date": 3,
  "created_at": "2025-08-25T12:47:45.000000Z", "updated_at": "2025-08-25T12:47:45.000000Z",
  "is_assigned": false, "assigned_data": null }, { "id": 1, "name": "A1", "description": "Описание",
  "expiry_date": 5, "created_at": "2025-08-25T12:47:45.000000Z", "updated_at":
  "2025-08-27T10:40:33.000000Z", "is_assigned": false, "assigned_data": null }, { "id": 11, "name":
  "Люльки", "description": "Рабочий люльки строительного фасадного подъемника", "expiry_date": 3,
  "created_at": "2025-08-25T12:47:45.000000Z", "updated_at": "2025-09-09T11:01:56.000000Z",
  "is_assigned": true, "assigned_data": { "assigned_date": "2000-01-01", "certificate_number": "В
  ожидании", "status": 2, "notes": null } } ] } ] }
2025-09-09 14:07:40 | DEBUG    | logger.py:85 | 🔍 После парсинга JSON: <class 'dict'>
2025-09-09 14:07:40 | DEBUG    | logger.py:85 | 🔍 data type: <class 'list'>, length: 1
2025-09-09 14:07:40 | DEBUG    | logger.py:85 | 🔍 
  Extracted from data[0]: Иванов Иван Иванович, 195-071-028-66, 161202476959, photo:
  1757339108_photo_file_0.jpg
2025-09-09 14:07:40 | DEBUG    | logger.py:85 | 🔍 
  Сформированный order_json: {'type': 'readyorder', 'employee': {'id': 83, 'full_name': 'Иванов Иван
  Иванович', 'snils': '195-071-028-66', 'inn': '161202476959', 'position': 'монтажник', 'birth_date':
  '1988-02-08T00:00:00.000000Z', 'phone': '89600450737', 'photo': '1757339108_photo_file_0.jpg'},
  'certificate': ['люльки'], 'status': 'pending'}
2025-09-09 14:07:40 | DEBUG    | logger.py:80 | 
  ✅ Выход из функции makeOrderFormat Результат: {'type': 'readyorder', 'employee': {'id': 83,
  'full_name': 'Иванов Иван Иванович', 'snils': '195-071-028-66', 'inn': '161202476959', 'position':
  'монтажник', 'birth_date': '1988-02-08T00:00:00.000000Z', 'phone': '89600450737', 'photo':
  '1757339108_photo_file_0.jpg'}, 'certificate': ['люльки'], 'status': 'pending'}
2025-09-09 14:07:40 | DEBUG    | logger.py:85 | 🔍 
  result makeOrderFormat from order_dispatcher: {'type': 'readyorder', 'employee': {'id': 83,
  'full_name': 'Иванов Иван Иванович', 'snils': '195-071-028-66', 'inn': '161202476959', 'position':
  'монтажник', 'birth_date': '1988-02-08T00:00:00.000000Z', 'phone': '89600450737', 'photo':
  '1757339108_photo_file_0.jpg'}, 'certificate': ['люльки'], 'status': 'pending'}
2025-09-09 14:07:40 | DEBUG    | logger.py:66 | 
  🚀 Вход в функцию: updatePerson Аргументы: ({'type': 'readyorder', 'employee': {'id': 83,
  'full_name': 'Иванов Иван Иванович', 'snils': '195-071-028-66', 'inn': '161202476959', 'position':
  'монтажник', 'birth_date': '1988-02-08T00:00:00.000000Z', 'phone': '89600450737', 'photo':
  '1757339108_photo_file_0.jpg'}, 'certificate': ['люльки'], 'status': 'pending'},)
2025-09-09 14:07:40 | DEBUG    | logger.py:66 | 🚀 Вход в функцию: parsAllCertificates
2025-09-09 14:07:40 | INFO     | logger.py:89 | ℹ️ 
  Парсинг всех сертификатов: {'success': True, 'data': [{'id': 2, 'name': 'ВИТР (ОТ)', 'description':
  'Описание', 'created_at': '2025-08-25T12:47:45.000000Z', 'updated_at':
  '2025-08-25T12:47:45.000000Z', 'expiry_date': 1}, {'id': 3, 'name': 'ПБО', 'description':
  'Описание', 'created_at': '2025-08-25T12:47:45.000000Z', 'updated_at':
  '2025-08-25T12:47:45.000000Z', 'expiry_date': 3}, {'id': 4, 'name': 'АБГ', 'description':
  'Описание', 'created_at': '2025-08-25T12:47:45.000000Z', 'updated_at':
  '2025-08-25T12:47:45.000000Z', 'expiry_date': 3}, {'id': 5, 'name': 'Первая Помощь', 'description':
  'Описание', 'created_at': '2025-08-25T12:47:45.000000Z', 'updated_at':
  '2025-08-25T12:47:45.000000Z', 'expiry_date': 3}, {'id': 6, 'name': 'ПБИ', 'description':
  'Описание', 'created_at': '2025-08-25T12:47:45.000000Z', 'updated_at':
  '2025-08-25T12:47:45.000000Z', 'expiry_date': 3}, {'id': 7, 'name': 'ЭБ', 'description': 'Описание',
  'created_at': '2025-08-25T12:47:45.000000Z', 'updated_at': '2025-08-25T12:47:45.000000Z',
  'expiry_date': 1}, {'id': 8, 'name': 'ВЛ (ОТ)', 'description': 'Описание', 'created_at':
  '2025-08-25T12:47:45.000000Z', 'updated_at': '2025-08-25T12:47:45.000000Z', 'expiry_date': 3},
  {'id': 9, 'name': '5.9.3', 'description': None, 'created_at': '2025-08-25T12:47:45.000000Z',
  'updated_at': '2025-08-25T12:47:45.000000Z', 'expiry_date': 3}, {'id': 10, 'name': '5.9.4',
  'description': None, 'created_at': '2025-08-25T12:47:45.000000Z', 'updated_at':
  '2025-08-25T12:47:45.000000Z', 'expiry_date': 3}, {'id': 12, 'name': '5.1.9', 'description': None,
  'created_at': '2025-08-25T12:47:45.000000Z', 'updated_at': '2025-08-25T12:47:45.000000Z',
  'expiry_date': 3}, {'id': 13, 'name': '5.1.10', 'description': None, 'created_at':
  '2025-08-25T12:47:45.000000Z', 'updated_at': '2025-08-25T12:47:45.000000Z', 'expiry_date': 3},
  {'id': 14, 'name': '5.1.11', 'description': None, 'created_at': '2025-08-25T12:47:45.000000Z',
  'updated_at': '2025-08-25T12:47:45.000000Z', 'expiry_date': 3}, {'id': 15, 'name': 'Высота(рабочая,
  2гр)', 'description': 'Описание', 'created_at': '2025-08-25T12:47:45.000000Z', 'updated_at':
  '2025-08-25T12:47:45.000000Z', 'expiry_date': 3}, {'id': 16, 'name': 'Высота(ИТР, 3гр)',
  'description': 'Описание', 'created_at': '2025-08-25T12:47:45.000000Z', 'updated_at':
  '2025-08-25T12:47:45.000000Z', 'expiry_date': 5}, {'id': 17, 'name': 'БСИЗ', 'description':
  'Описание', 'created_at': '2025-08-25T12:47:45.000000Z', 'updated_at':
  '2025-08-25T12:47:45.000000Z', 'expiry_date': 3}, {'id': 1, 'name': 'A1', 'description': 'Описание',
  'created_at': '2025-08-25T12:47:45.000000Z', 'updated_at': '2025-08-27T10:40:33.000000Z',
  'expiry_date': 5}, {'id': 11, 'name': 'Люльки', 'description': 'Рабочий люльки строительного
  фасадного подъемника', 'created_at': '2025-08-25T12:47:45.000000Z', 'updated_at':
  '2025-09-09T11:01:56.000000Z', 'expiry_date': 3}], 'pagination': {'current_page': 1, 'last_page': 1,
  'per_page': 20, 'total': 17}}
2025-09-09 14:07:40 | INFO     | logger.py:89 | ℹ️ Отправляю запрос к ИИ для анализа истории чата
2025-09-09 14:07:41 | INFO     | logger.py:89 | ℹ️ Ответ ИИ: {"Люльки": 11}
2025-09-09 14:07:41 | INFO     | logger.py:89 | ℹ️ Извлеченные ID сертификатов: [11]
2025-09-09 14:07:41 | DEBUG    | logger.py:80 | ✅ Выход из функции parsAllCertificates
  Результат: [11]
2025-09-09 14:07:41 | INFO     | logger.py:89 | ℹ️ Парсим все сертификаты: [11]
2025-09-09 14:07:41 | INFO     | logger.py:89 | ℹ️ 
  Отправляю данные в API: { "people_id": 83, "certificate_id": 11, "assigned_date": "2000-01-01",
  "certificate_number": "В ожидании" }
2025-09-09 14:07:41 | ERROR    | logger.py:97 | ❌ 
  Ошибка API для сертификата 11: 422 -
  {"success":false,"message":"\u0421\u0435\u0440\u0442\u0438\u0444\u0438\u043a\u0430\u0442
  \u0443\u0436\u0435 \u043f\u0440\u0438\u0432\u044f\u0437\u0430\u043d \u043a
  \u044d\u0442\u043e\u043c\u0443 \u0447\u0435\u043b\u043e\u0432\u0435\u043a\u0443"}
2025-09-09 14:07:41 | INFO     | logger.py:105 | ✅ Все сертификаты обработаны для сотрудника Иванов Иван Иванович
2025-09-09 14:07:41 | DEBUG    | logger.py:80 | 
  ✅ Выход из функции updatePerson Результат: ✅ Сертификаты успешно добавлены для Иванов Иван Иванович
2025-09-09 14:07:41 | INFO     | logger.py:89 | ℹ️ Названия сертификатов для получения описаний: ['люльки']
2025-09-09 14:07:41 | INFO     | logger.py:89 | ℹ️ Получены данные сертификатов: <class 'dict'>
2025-09-09 14:07:41 | INFO     | logger.py:89 | ℹ️ 
  Полученные детали сертификатов: [{'name': 'Люльки', 'description': 'Рабочий люльки строительного
  фасадного подъемника'}]
2025-09-09 14:07:41 | DEBUG    | logger.py:80 | 
  ✅ Выход из функции order_dispatcher Результат: Заказ оформлен и отправлен в базу данных для Иванов
  Иван Иванович с удостоверениями: • Люльки -... (обрезано)
2025-09-09 14:07:41 | DEBUG    | logger.py:80 | 
  ✅ Выход из функции connect_dispatcher Результат: {'type': 'orderready', 'message': ' Заказ оформлен
  и отправлен в базу данных \n для Иванов Иван Иванович \n с удостоверениями:\n• Люльки - Рабочий
  люльки строительного фасадного подъемника\n\n \n СНИЛС: 195-071-028-66 \n ИНН: 161202476959 \n
  Должность: монтажник \n Дата рождения: 08.02.1988 \n Телефон: 89600450737 ', 'chat_history_order':
  '[\n {\n "role": "assistant",\n "content": "{\\"message\\": \\" Заказ оформлен и отправлен в базу
  данных \\\\n для Иванов Иван Иванович \\\\n с удостоверениями:\\\\n• Люльки - Рабочий люльки
  строительного фасадного подъемника\\\\n\\\\n \\\\n СНИЛС: 195-071-028-66 \\\\n ИНН: 161202476959
  \\\\n Должность: монтажник \\\\n Дата рождения: 08.02.1988 \\\\n Телефон: 89600450737 \\"}"\n }\n]'}
2025-09-09 14:07:42 | INFO     | logger.py:89 | ℹ️ 
  Начинаем отправку уведомлений для заказа: {'type': 'readyorder', 'employee': {'id': 83, 'full_name':
  'Иванов Иван Иванович', 'snils': '195-071-028-66', 'inn': '161202476959', 'position': 'монтажник',
  'birth_date': '1988-02-08T00:00:00.000000Z', 'phone': '89600450737', 'photo':
  '1757339108_photo_file_0.jpg'}, 'certificate': ['люльки'], 'status': 'pending'}
2025-09-09 14:07:42 | INFO     | logger.py:89 | ℹ️ Данные сотрудника: Иванов Иван Иванович, фото: 1757339108_photo_file_0.jpg
2025-09-09 14:07:42 | INFO     | logger.py:89 | ℹ️ Получены данные сертификатов: <class 'dict'>
2025-09-09 14:07:42 | INFO     | logger.py:89 | ℹ️ Список пользователей для уведомлений: {'8316311496': {'name': 'Лариса', 'chat_id': '8316311496'}}
2025-09-09 14:07:42 | INFO     | logger.py:89 | ℹ️ Не удалось получить URL для фото 1757339108_photo_file_0.jpg
2025-09-09 14:07:42 | INFO     | logger.py:89 | ℹ️ Уведомления о готовой заявке для Иванов Иван Иванович отправлены 1 пользователям
2025-09-09 14:07:42 | DEBUG    | logger.py:80 | ✅ Выход из функции handle_message
  Результат: Сообщение обработано успешно
2025-09-09 14:12:12 | DEBUG    | logger.py:66 | 🚀 Вход в функцию: handle_message
  Аргументы: ('Прошу обучить на первую помощь и люльки Азата',)
2025-09-09 14:12:13 | DEBUG    | logger.py:66 | 
  🚀 Вход в функцию: ceo_dispatcher Аргументы: [{'role': 'user', 'content': 'Прошу обучить на первую
  помощь и люльки Азата'}]
2025-09-09 14:12:15 | INFO     | logger.py:89 | ℹ️ ceo_dispatcher, decision: order
2025-09-09 14:12:15 | INFO     | logger.py:89 | ℹ️ ceo_dispatcher, decision после проверки type_of_request: order, orderready
2025-09-09 14:12:15 | DEBUG    | logger.py:66 | 
  🚀 Вход в функцию: connect_dispatcher Аргументы: ([{'role': 'user', 'content': 'Прошу обучить на
  первую помощь и люльки Азата'}], [{'role': 'assistant', 'content': '[\n {\n "role": "assistant",\n
  "content": "{\\"message\\": \\" Заказ оформлен и отправлен в базу данных \\\\n для Иванов Иван
  Иванович \\\\n с удостоверениями:\\\\n• Люльки - Рабочий люльки строительного фасадного
  подъемника\\\\n\\\\n \\\\n СНИЛС: 195-071-028-66 \\\\n ИНН: 161202476959 \\\\n Должность: монтажник
  \\\\n Дата рождения: 08.02.1988 \\\\n Телефон: 89600450737 \\"}"\n }\n]'}, {'role': 'user',
  'content': 'Прошу обучить на первую помощь и люльки Азата'}])
2025-09-09 14:12:15 | DEBUG    | logger.py:66 | 
  🚀 Вход в функцию: order_dispatcher Аргументы: ([{'role': 'user', 'content': 'Прошу обучить на первую
  помощь и люльки Азата'}], [{'role': 'assistant', 'content': '[\n {\n "role": "assistant",\n
  "content": "{\\"message\\": \\" Заказ оформлен и отправлен в базу данных \\\\n для Иванов Иван
  Иванович \\\\n с удостоверениями:\\\\n• Люльки - Рабочий люльки строительного фасадного
  подъемника\\\\n\\\\n \\\\n СНИЛС: 195-071-028-66 \\\\n ИНН: 161202476959 \\\\n Должность: монтажник
  \\\\n Дата рождения: 08.02.1988 \\\\n Телефон: 89600450737 \\"}"\n }\n]'}, {'role': 'user',
  'content': 'Прошу обучить на первую помощь и люльки Азата'}])
2025-09-09 14:12:15 | DEBUG    | logger.py:85 | 🔍 
  chat_history: [] messages: [{'role': 'user', 'content': 'Прошу обучить на первую помощь и люльки
  Азата'}]
2025-09-09 14:12:15 | INFO     | logger.py:89 | ℹ️ Отправляю запрос к ИИ (сообщений: 1)
2025-09-09 14:12:15 | DEBUG    | logger.py:85 | 🔍 Отправляю 2 сообщений в API
2025-09-09 14:12:15 | DEBUG    | logger.py:85 | 🔍 
  Первое сообщение: {'role': 'system', 'content': '\n Ты — помощник для заказа удостоверений.\n\n
  ВАЖНО: Ты ДОЛЖЕН вызывать функции, а не просто отвечать текстом!\n У тебя есть история чата:
  [{"role": "assistant", "content": "[\\n {\\n \\"role\\": \\"assistant\\",\\n \\"content\\":
  \\"{\\\\\\"message\\\\\\": \\\\\\" Заказ оформлен и отправлен в базу данных \\\\\\\\n для Иванов
  Иван Иванович \\\\\\\\n с удостоверениями:\\\\\\\\n• Люльки - Рабочий люльки строительного фасадного
  подъемника\\\\\\\\n\\\\\\\\n \\\\\\\\n СНИЛС: 195-071-028-66 \\\\\\\\n ИНН: 161202476959 \\\\\\\\n
  Должность: монтажник \\\\\\\\n Дата рождения: 08.02.1988 \\\\\\\\n Телефон: 89600450737
  \\\\\\"}\\"\\n }\\n]"}, {"role": "user", "content": "Прошу обучить на первую помощь и люльки
  Азата"}]. \n Пользователь отвечает: \'Прошу обучить на первую помощь и люльки Азата\'. \n Тебе нужно
  понять из истории, какой заказ уточняется, и передать его в order_data.\n\n У тебя есть 2 функции:\n
  1. makeOrderFormat(employee_name, certificate_name) — создание нового заказа\n 2.
  clarification(order_data) — уточнение данных заказа\n\n ПРАВИЛА:\n - ВАЖНО: Если в истории чата есть
  уточнение от бота (например, "Пожалуйста, укажите...", "предоставьте фото...") и пользователь
  отправляет фото или текст → это ОБЯЗАТЕЛЬНО ответ на уточнение, вызывай clarification()\n - Если
  пользователь предоставляет ПОЛНЫЕ данные сотрудника (ФИО, СНИЛС, ИНН, телефон, дата рождения,
  должность) и просит удостоверение → вызывай makeOrderFormat()\n - Если пользователь отвечает на
  вопрос (например, "монтажник" на вопрос о должности) → вызывай clarification() с данными из
  предыдущего заказа\n - Если пользователь уточняет детали существующего заказа → вызывай
  clarification()\n - НИКОГДА не отвечай обычным текстом, ВСЕГДА используй функции!\n \n
  **ПРИОРИТЕТ:** Контекст истории чата ВАЖНЕЕ ключевых слов в последнем сообщении!\n\n - Если
  пользователь хочет СДЕЛАТЬ НОВЫЙ ЗАКАЗ → вызывай makeOrderFormat().\n • Обязательно верни JSON в
  формате:\n {\n "employee_name": "ФИО сотрудника",\n "certificate_name": ["Название удостоверения"]\n
  }\n • Всегда используй массив для certificate_name, даже если удостоверение одно.\n\n - Если
  пользователь уточняет детали уже существующего заказа (например: "а ещё добавь ПБО", "не Егоров, а
  Егоров Иван", "нужно 2 удостоверения") → вызывай clarification().\n • В clarification() всегда
  передавай:\n - messages → текст уточнения пользователя\n - order_data → JSON заказа, который нужно
  уточнить (по истории чата в chat_history тебе нужно понять какой заказ нужно уточнить) Тебе
  обязательно нужно передавать этот аргумент в функцию\n заказ выглядит в виде json примерно вот так
  {\'type\': \'ПРИМЕР\', \'employee\': {\'full_name\': \'ПРИМЕР\', \'snils\': \'ПРИМЕР\', \'inn\':
  \'ПРИМЕР\', \'position\': None, \'birth_date\': \'ПРИМЕР\', \'phone\': \'ПРИМЕР\'}, \'certificate\':
  [\'ПРИМЕР\'], \'status\': \'ПРИМЕР\', \'message\': \'ПРИМЕР\'}\n - ЖЕСТКОЕ ПРАВИЛО: отвечай только
  JSON в формате:\n\n - Если пользователь хочет СДЕЛАТЬ НОВЫЙ ЗАКАЗ → вызывай makeOrderFormat().\n
  Примеры:\n Пользователь: "Сабиров Рустем, СНИЛС 195-071-028-66, нужно удостоверение высоты"\n Ответ:
  makeOrderFormat({"employee_name": "Сабиров Рустем Рафисович", "certificate_name": ["удостоверение
  высоты"]})\n\n Пользователь: "заказать Егорову ЭБ"\n Ответ: makeOrderFormat({"employee_name":
  "Егоров", "certificate_name": ["ЭБ"]})\n\n Пользователь: "и ещё добавь БСИЗ"\n Ответ:
  clarification(messages="и ещё добавь БСИЗ", order_data={"employee_name": "Егоров",
  "certificate_name": ["ЭБ"]})\n\n Пользователь: "монтажник" (ответ на вопрос о должности)\n Ответ:
  clarification(messages="монтажник", order_data={"employee_name": "Сабиров Рустем Рафисович",
  "certificate_name": ["обучение для работы на лесах"]})\n\n ВАЖНО: Всегда используй массив для
  certificate_name, даже если удостоверение одно!\n '}
2025-09-09 14:12:15 | DEBUG    | logger.py:85 | 🔍 Последнее сообщение: {'role': 'user', 'content': 'Прошу обучить на первую помощь и люльки Азата'}
2025-09-09 14:12:18 | INFO     | logger.py:89 | ℹ️ Ответ ИИ: 
2025-09-09 14:12:18 | INFO     | logger.py:89 | ℹ️ ИИ хочет вызвать инструменты: 1
2025-09-09 14:12:18 | INFO     | logger.py:89 | ℹ️ Вызываю инструмент: clarification
2025-09-09 14:12:18 | INFO     | logger.py:89 | ℹ️ Аргументы для clarification: Function(arguments='{}', name='clarification')
2025-09-09 14:12:18 | DEBUG    | logger.py:80 | ❌ Выход из функции order_dispatcher с ошибкой: Не указаны данные заказа для уточнения
2025-09-09 14:12:18 | DEBUG    | logger.py:80 | 
  ✅ Выход из функции connect_dispatcher Результат: {'type': 'orderclar', 'message': '❌ Ошибка: не
  указаны данные заказа для уточнения', 'chat_history_order': '[]'}
2025-09-09 14:12:18 | DEBUG    | logger.py:80 | ✅ Выход из функции handle_message
  Результат: Сообщение обработано успешно
2025-09-09 14:35:33 | DEBUG    | logger.py:66 | 
  🚀 Вход в функцию: handle_message Аргументы: ('Прошу обучить на первую помощь и люльки Хайруллин Азат
  Фаридович',)
2025-09-09 14:35:34 | DEBUG    | logger.py:66 | 
  🚀 Вход в функцию: ceo_dispatcher Аргументы: [{'role': 'user', 'content': 'Прошу обучить на первую
  помощь и люльки Хайруллин Азат Фаридович'}]
2025-09-09 14:35:38 | INFO     | logger.py:89 | ℹ️ ceo_dispatcher, decision: order
2025-09-09 14:35:38 | INFO     | logger.py:89 | ℹ️ ceo_dispatcher, decision после проверки type_of_request: order, orderclar
2025-09-09 14:35:38 | DEBUG    | logger.py:66 | 
  🚀 Вход в функцию: connect_dispatcher Аргументы: ([{'role': 'user', 'content': 'Прошу обучить на
  первую помощь и люльки Хайруллин Азат Фаридович'}], [{'role': 'assistant', 'content': '[\n {\n
  "role": "assistant",\n "content": "{\\"message\\": \\" Заказ оформлен и отправлен в базу данных
  \\\\n для Иванов Иван Иванович \\\\n с удостоверениями:\\\\n• Люльки - Рабочий люльки строительного
  фасадного подъемника\\\\n\\\\n \\\\n СНИЛС: 195-071-028-66 \\\\n ИНН: 161202476959 \\\\n Должность:
  монтажник \\\\n Дата рождения: 08.02.1988 \\\\n Телефон: 89600450737 \\"}"\n }\n]'}, {'role':
  'assistant', 'content': '[]'}, {'role': 'user', 'content': 'Прошу обучить на первую помощь и люльки
  Хайруллин Азат Фаридович'}])
2025-09-09 14:35:38 | DEBUG    | logger.py:66 | 
  🚀 Вход в функцию: order_dispatcher Аргументы: ([{'role': 'user', 'content': 'Прошу обучить на первую
  помощь и люльки Хайруллин Азат Фаридович'}], [{'role': 'assistant', 'content': '[\n {\n "role":
  "assistant",\n "content": "{\\"message\\": \\" Заказ оформлен и отправлен в базу данных \\\\n для
  Иванов Иван Иванович \\\\n с удостоверениями:\\\\n• Люльки - Рабочий люльки строительного фасадного
  подъемника\\\\n\\\\n \\\\n СНИЛС: 195-071-028-66 \\\\n ИНН: 161202476959 \\\\n Должность: монтажник
  \\\\n Дата рождения: 08.02.1988 \\\\n Телефон: 89600450737 \\"}"\n }\n]'}, {'role': 'assistant',
  'content': '[]'}, {'role': 'user', 'content': 'Прошу обучить на первую помощь и люльки Хайруллин
  Азат Фаридович'}])
2025-09-09 14:35:38 | DEBUG    | logger.py:85 | 🔍 
  chat_history: [] messages: [{'role': 'user', 'content': 'Прошу обучить на первую помощь и люльки
  Хайруллин Азат Фаридович'}]
2025-09-09 14:35:38 | INFO     | logger.py:89 | ℹ️ Отправляю запрос к ИИ (сообщений: 1)
2025-09-09 14:35:38 | DEBUG    | logger.py:85 | 🔍 Отправляю 2 сообщений в API
2025-09-09 14:35:38 | DEBUG    | logger.py:85 | 🔍 
  Первое сообщение: {'role': 'system', 'content': '\n Ты — помощник для заказа удостоверений.\n\n
  ВАЖНО: Ты ДОЛЖЕН вызывать функции, а не просто отвечать текстом!\n У тебя есть история чата:
  [{"role": "assistant", "content": "[\\n {\\n \\"role\\": \\"assistant\\",\\n \\"content\\":
  \\"{\\\\\\"message\\\\\\": \\\\\\" Заказ оформлен и отправлен в базу данных \\\\\\\\n для Иванов
  Иван Иванович \\\\\\\\n с удостоверениями:\\\\\\\\n• Люльки - Рабочий люльки строительного фасадного
  подъемника\\\\\\\\n\\\\\\\\n \\\\\\\\n СНИЛС: 195-071-028-66 \\\\\\\\n ИНН: 161202476959 \\\\\\\\n
  Должность: монтажник \\\\\\\\n Дата рождения: 08.02.1988 \\\\\\\\n Телефон: 89600450737
  \\\\\\"}\\"\\n }\\n]"}, {"role": "assistant", "content": "[]"}, {"role": "user", "content": "Прошу
  обучить на первую помощь и люльки Хайруллин Азат Фаридович"}]. \n Пользователь отвечает: \'Прошу
  обучить на первую помощь и люльки Хайруллин Азат Фаридович\'. \n Тебе нужно понять из истории, какой
  заказ уточняется, и передать его в order_data.\n\n У тебя есть 2 функции:\n 1.
  makeOrderFormat(employee_name, certificate_name) — создание нового заказа\n 2.
  clarification(order_data) — уточнение данных заказа\n\n ПРАВИЛА:\n - ВАЖНО: Если в истории чата есть
  уточнение от бота (например, "Пожалуйста, укажите...", "предоставьте фото...") и пользователь
  отправляет фото или текст → это ОБЯЗАТЕЛЬНО ответ на уточнение, вызывай clarification()\n - Если
  пользователь предоставляет ПОЛНЫЕ данные сотрудника (ФИО, СНИЛС, ИНН, телефон, дата рождения,
  должность) и просит удостоверение → вызывай makeOrderFormat()\n - Если пользователь отвечает на
  вопрос (например, "монтажник" на вопрос о должности) → вызывай clarification() с данными из
  предыдущего заказа\n - Если пользователь уточняет детали существующего заказа → вызывай
  clarification()\n - НИКОГДА не отвечай обычным текстом, ВСЕГДА используй функции!\n \n
  **ПРИОРИТЕТ:** Контекст истории чата ВАЖНЕЕ ключевых слов в последнем сообщении!\n\n - Если
  пользователь хочет СДЕЛАТЬ НОВЫЙ ЗАКАЗ → вызывай makeOrderFormat().\n • Обязательно верни JSON в
  формате:\n {\n "employee_name": "ФИО сотрудника",\n "certificate_name": ["Название удостоверения"]\n
  }\n • Всегда используй массив для certificate_name, даже если удостоверение одно.\n\n - Если
  пользователь уточняет детали уже существующего заказа (например: "а ещё добавь ПБО", "не Егоров, а
  Егоров Иван", "нужно 2 удостоверения") → вызывай clarification().\n • В clarification() всегда
  передавай:\n - messages → текст уточнения пользователя\n - order_data → JSON заказа, который нужно
  уточнить (по истории чата в chat_history тебе нужно понять какой заказ нужно уточнить) Тебе
  обязательно нужно передавать этот аргумент в функцию\n заказ выглядит в виде json примерно вот так
  {\'type\': \'ПРИМЕР\', \'employee\': {\'full_name\': \'ПРИМЕР\', \'snils\': \'ПРИМЕР\', \'inn\':
  \'ПРИМЕР\', \'position\': None, \'birth_date\': \'ПРИМЕР\', \'phone\': \'ПРИМЕР\'}, \'certificate\':
  [\'ПРИМЕР\'], \'status\': \'ПРИМЕР\', \'message\': \'ПРИМЕР\'}\n - ЖЕСТКОЕ ПРАВИЛО: отвечай только
  JSON в формате:\n\n - Если пользователь хочет СДЕЛАТЬ НОВЫЙ ЗАКАЗ → вызывай makeOrderFormat().\n
  Примеры:\n Пользователь: "Сабиров Рустем, СНИЛС 195-071-028-66, нужно удостоверение высоты"\n Ответ:
  makeOrderFormat({"employee_name": "Сабиров Рустем Рафисович", "certificate_name": ["удостоверение
  высоты"]})\n\n Пользователь: "заказать Егорову ЭБ"\n Ответ: makeOrderFormat({"employee_name":
  "Егоров", "certificate_name": ["ЭБ"]})\n\n Пользователь: "и ещё добавь БСИЗ"\n Ответ:
  clarification(messages="и ещё добавь БСИЗ", order_data={"employee_name": "Егоров",
  "certificate_name": ["ЭБ"]})\n\n Пользователь: "монтажник" (ответ на вопрос о должности)\n Ответ:
  clarification(messages="монтажник", order_data={"employee_name": "Сабиров Рустем Рафисович",
  "certificate_name": ["обучение для работы на лесах"]})\n\n ВАЖНО: Всегда используй массив для
  certificate_name, даже если удостоверение одно!\n '}
2025-09-09 14:35:38 | DEBUG    | logger.py:85 | 🔍 
  Последнее сообщение: {'role': 'user', 'content': 'Прошу обучить на первую помощь и люльки Хайруллин
  Азат Фаридович'}
2025-09-09 14:35:52 | INFO     | logger.py:89 | ℹ️ Ответ ИИ: 
2025-09-09 14:35:52 | INFO     | logger.py:89 | ℹ️ ИИ хочет вызвать инструменты: 1
2025-09-09 14:35:52 | INFO     | logger.py:89 | ℹ️ Вызываю инструмент: makeOrderFormat
2025-09-09 14:35:52 | DEBUG    | logger.py:85 | 🔍 employee_name: Хайруллин Азат Фаридович, certificate_name: ['Первая помощь', 'Люльки']
2025-09-09 14:35:52 | DEBUG    | logger.py:66 | 
  🚀 Вход в функцию: makeOrderFormat Аргументы: ([{'role': 'user', 'content': 'Прошу обучить на первую
  помощь и люльки Хайруллин Азат Фаридович'}], 'Хайруллин Азат Фаридович', ['Первая помощь',
  'Люльки'])
2025-09-09 14:35:52 | DEBUG    | logger.py:66 | 🚀 Вход в функцию: sort_employee
  Аргументы: ('Хайруллин Азат Фаридович',)
2025-09-09 14:35:52 | INFO     | logger.py:113 | 🔍 Ищу сотрудников по фильтру: 'Хайруллин Азат Фаридович'
2025-09-09 14:35:52 | DEBUG    | logger.py:66 | 🚀 Вход в функцию: call_external_api
2025-09-09 14:35:52 | INFO     | logger.py:125 | 🌐 Выполняю запрос к API: http://labor.tetrakom-crm-miniapp.ru/api/people
2025-09-09 14:35:52 | INFO     | logger.py:125 | 🌐 API запрос успешен, получено 34871 символов
2025-09-09 14:35:52 | DEBUG    | logger.py:80 | ✅ Выход из функции call_external_api
  Результат: 3
2025-09-09 14:36:39 | INFO     | logger.py:105 | ✅ 
  Результат поиска сотрудников: { "data": [ { "id": 27, "full_name": "Хайруллин Азат Фаридович",
  "position": "монтажник", "phone": "89867142064", "snils": "071-501-831 27", "inn": "165606378337",
  "birth_date": "1983-11-11T00:00:00.000000Z", "photo":
  "1756369882_photo_c6e3d512-f63e-4297-b59e-1c309853ce26.jpg", "all_certificates": [ { "id": 2,
  "name": "ВИТР (ОТ)", "description": "Описание", "expiry_date": 1, "created_at":
  "2025-08-25T12:47:45.000000Z", "updated_at": "2025-08-25T12:47:45.000000Z", "is_assigned": false,
  "assigned_data": null }, { "id": 3, "name": "ПБО", "description": "Описание", "expiry_date": 3,
  "created_at": "2025-08-25T12:47:45.000000Z", "updated_at": "2025-08-25T12:47:45.000000Z",
  "is_assigned": false, "assigned_data": null }, { "id": 4, "name": "АБГ", "description": "Описание",
  "expiry_date": 3, "created_at": "2025-08-25T12:47:45.000000Z", "updated_at":
  "2025-08-25T12:47:45.000000Z", "is_assigned": false, "assigned_data": null }, { "id": 6, "name":
  "ПБИ", "description": "Описание", "expiry_date": 3, "created_at": "2025-08-25T12:47:45.000000Z",
  "updated_at": "2025-08-25T12:47:45.000000Z", "is_assigned": false, "assigned_data": null }, { "id":
  7, "name": "ЭБ", "description": "Описание", "expiry_date": 1, "created_at":
  "2025-08-25T12:47:45.000000Z", "updated_at": "2025-08-25T12:47:45.000000Z", "is_assigned": false,
  "assigned_data": null }, { "id": 8, "name": "ВЛ (ОТ)", "description": "Описание", "expiry_date": 3,
  "created_at": "2025-08-25T12:47:45.000000Z", "updated_at": "2025-08-25T12:47:45.000000Z",
  "is_assigned": false, "assigned_data": null }, { "id": 9, "name": "5.9.3", "description": null,
  "expiry_date": 3, "created_at": "2025-08-25T12:47:45.000000Z", "updated_at":
  "2025-08-25T12:47:45.000000Z", "is_assigned": false, "assigned_data": null }, { "id": 10, "name":
  "5.9.4", "description": null, "expiry_date": 3, "created_at": "2025-08-25T12:47:45.000000Z",
  "updated_at": "2025-08-25T12:47:45.000000Z", "is_assigned": false, "assigned_data": null }, { "id":
  12, "name": "5.1.9", "description": null, "expiry_date": 3, "created_at":
  "2025-08-25T12:47:45.000000Z", "updated_at": "2025-08-25T12:47:45.000000Z", "is_assigned": false,
  "assigned_data": null }, { "id": 13, "name": "5.1.10", "description": null, "expiry_date": 3,
  "created_at": "2025-08-25T12:47:45.000000Z", "updated_at": "2025-08-25T12:47:45.000000Z",
  "is_assigned": false, "assigned_data": null }, { "id": 14, "name": "5.1.11", "description": null,
  "expiry_date": 3, "created_at": "2025-08-25T12:47:45.000000Z", "updated_at":
  "2025-08-25T12:47:45.000000Z", "is_assigned": false, "assigned_data": null }, { "id": 15, "name":
  "Высота(рабочая, 2гр)", "description": "Описание", "expiry_date": 3, "created_at":
  "2025-08-25T12:47:45.000000Z", "updated_at": "2025-08-25T12:47:45.000000Z", "is_assigned": false,
  "assigned_data": null }, { "id": 16, "name": "Высота(ИТР, 3гр)", "description": "Описание",
  "expiry_date": 5, "created_at": "2025-08-25T12:47:45.000000Z", "updated_at":
  "2025-08-25T12:47:45.000000Z", "is_assigned": false, "assigned_data": null }, { "id": 17, "name":
  "БСИЗ", "description": "Описание", "expiry_date": 3, "created_at": "2025-08-25T12:47:45.000000Z",
  "updated_at": "2025-08-25T12:47:45.000000Z", "is_assigned": false, "assigned_data": null }, { "id":
  1, "name": "A1", "description": "Описание", "expiry_date": 5, "created_at":
  "2025-08-25T12:47:45.000000Z", "updated_at": "2025-08-27T10:40:33.000000Z", "is_assigned": false,
  "assigned_data": null }, { "id": 11, "name": "Люльки", "description": "Рабочий люльки строительного
  фасадного подъемника", "expiry_date": 3, "created_at": "2025-08-25T12:47:45.000000Z", "updated_at":
  "2025-09-09T11:01:56.000000Z", "is_assigned": false, "assigned_data": null }, { "id": 5, "name":
  "Первая Помощь", "description": "Оказание первой помощи пострадавшим", "expiry_date": 3,
  "created_at": "2025-08-25T12:47:45.000000Z", "updated_at": "2025-09-09T11:11:30.000000Z",
  "is_assigned": false, "assigned_data": null } ] } ] }
2025-09-09 14:36:39 | INFO     | logger.py:105 | ✅ Поиск сотрудников завершен
2025-09-09 14:36:39 | DEBUG    | logger.py:80 | 
  ✅ Выход из функции sort_employee Результат: { "data": [ { "id": 27, "full_name": "Хайруллин Азат
  Фаридович",... (обрезано)
2025-09-09 14:36:39 | DEBUG    | logger.py:85 | 🔍 sort_employee вернул: <class 'str'>
2025-09-09 14:36:39 | DEBUG    | logger.py:85 | 🔍 
  Содержимое json_people: { "data": [ { "id": 27, "full_name": "Хайруллин Азат Фаридович", "position":
  "монтажник", "phone": "89867142064", "snils": "071-501-831 27", "inn": "165606378337", "birth_date":
  "1983-11-11T00:00:00.000000Z", "photo": "1756369882_photo_c6e3d512-f63e-4297-b59e-1c309853ce26.jpg",
  "all_certificates": [ { "id": 2, "name": "ВИТР (ОТ)", "description": "Описание", "expiry_date": 1,
  "created_at": "2025-08-25T12:47:45.000000Z", "updated_at": "2025-08-25T12:47:45.000000Z",
  "is_assigned": false, "assigned_data": null }, { "id": 3, "name": "ПБО", "description": "Описание",
  "expiry_date": 3, "created_at": "2025-08-25T12:47:45.000000Z", "updated_at":
  "2025-08-25T12:47:45.000000Z", "is_assigned": false, "assigned_data": null }, { "id": 4, "name":
  "АБГ", "description": "Описание", "expiry_date": 3, "created_at": "2025-08-25T12:47:45.000000Z",
  "updated_at": "2025-08-25T12:47:45.000000Z", "is_assigned": false, "assigned_data": null }, { "id":
  6, "name": "ПБИ", "description": "Описание", "expiry_date": 3, "created_at":
  "2025-08-25T12:47:45.000000Z", "updated_at": "2025-08-25T12:47:45.000000Z", "is_assigned": false,
  "assigned_data": null }, { "id": 7, "name": "ЭБ", "description": "Описание", "expiry_date": 1,
  "created_at": "2025-08-25T12:47:45.000000Z", "updated_at": "2025-08-25T12:47:45.000000Z",
  "is_assigned": false, "assigned_data": null }, { "id": 8, "name": "ВЛ (ОТ)", "description":
  "Описание", "expiry_date": 3, "created_at": "2025-08-25T12:47:45.000000Z", "updated_at":
  "2025-08-25T12:47:45.000000Z", "is_assigned": false, "assigned_data": null }, { "id": 9, "name":
  "5.9.3", "description": null, "expiry_date": 3, "created_at": "2025-08-25T12:47:45.000000Z",
  "updated_at": "2025-08-25T12:47:45.000000Z", "is_assigned": false, "assigned_data": null }, { "id":
  10, "name": "5.9.4", "description": null, "expiry_date": 3, "created_at":
  "2025-08-25T12:47:45.000000Z", "updated_at": "2025-08-25T12:47:45.000000Z", "is_assigned": false,
  "assigned_data": null }, { "id": 12, "name": "5.1.9", "description": null, "expiry_date": 3,
  "created_at": "2025-08-25T12:47:45.000000Z", "updated_at": "2025-08-25T12:47:45.000000Z",
  "is_assigned": false, "assigned_data": null }, { "id": 13, "name": "5.1.10", "description": null,
  "expiry_date": 3, "created_at": "2025-08-25T12:47:45.000000Z", "updated_at":
  "2025-08-25T12:47:45.000000Z", "is_assigned": false, "assigned_data": null }, { "id": 14, "name":
  "5.1.11", "description": null, "expiry_date": 3, "created_at": "2025-08-25T12:47:45.000000Z",
  "updated_at": "2025-08-25T12:47:45.000000Z", "is_assigned": false, "assigned_data": null }, { "id":
  15, "name": "Высота(рабочая, 2гр)", "description": "Описание", "expiry_date": 3, "created_at":
  "2025-08-25T12:47:45.000000Z", "updated_at": "2025-08-25T12:47:45.000000Z", "is_assigned": false,
  "assigned_data": null }, { "id": 16, "name": "Высота(ИТР, 3гр)", "description": "Описание",
  "expiry_date": 5, "created_at": "2025-08-25T12:47:45.000000Z", "updated_at":
  "2025-08-25T12:47:45.000000Z", "is_assigned": false, "assigned_data": null }, { "id": 17, "name":
  "БСИЗ", "description": "Описание", "expiry_date": 3, "created_at": "2025-08-25T12:47:45.000000Z",
  "updated_at": "2025-08-25T12:47:45.000000Z", "is_assigned": false, "assigned_data": null }, { "id":
  1, "name": "A1", "description": "Описание", "expiry_date": 5, "created_at":
  "2025-08-25T12:47:45.000000Z", "updated_at": "2025-08-27T10:40:33.000000Z", "is_assigned": false,
  "assigned_data": null }, { "id": 11, "name": "Люльки", "description": "Рабочий люльки строительного
  фасадного подъемника", "expiry_date": 3, "created_at": "2025-08-25T12:47:45.000000Z", "updated_at":
  "2025-09-09T11:01:56.000000Z", "is_assigned": false, "assigned_data": null }, { "id": 5, "name":
  "Первая Помощь", "description": "Оказание первой помощи пострадавшим", "expiry_date": 3,
  "created_at": "2025-08-25T12:47:45.000000Z", "updated_at": "2025-09-09T11:11:30.000000Z",
  "is_assigned": false, "assigned_data": null } ] } ] }
2025-09-09 14:36:39 | DEBUG    | logger.py:85 | 🔍 После парсинга JSON: <class 'dict'>
2025-09-09 14:36:39 | DEBUG    | logger.py:85 | 🔍 data type: <class 'list'>, length: 1
2025-09-09 14:36:39 | DEBUG    | logger.py:85 | 🔍 
  Extracted from data[0]: Хайруллин Азат Фаридович, 071-501-831 27, 165606378337, photo:
  1756369882_photo_c6e3d512-f63e-4297-b59e-1c309853ce26.jpg
2025-09-09 14:36:39 | DEBUG    | logger.py:85 | 🔍 
  Сформированный order_json: {'type': 'readyorder', 'employee': {'id': 27, 'full_name': 'Хайруллин
  Азат Фаридович', 'snils': '071-501-831 27', 'inn': '165606378337', 'position': 'монтажник',
  'birth_date': '1983-11-11T00:00:00.000000Z', 'phone': '89867142064', 'photo':
  '1756369882_photo_c6e3d512-f63e-4297-b59e-1c309853ce26.jpg'}, 'certificate': ['Первая помощь',
  'Люльки'], 'status': 'pending'}
2025-09-09 14:36:39 | DEBUG    | logger.py:80 | 
  ✅ Выход из функции makeOrderFormat Результат: {'type': 'readyorder', 'employee': {'id': 27,
  'full_name': 'Хайруллин Азат Фаридович', 'snils': '071-501-831 27', 'inn': '165606378337',
  'position': 'монтажник', 'birth_date': '1983-11-11T00:00:00.000000Z', 'phone': '89867142064',
  'photo': '1756369882_photo_c6e3d512-f63e-4297-b59e-1c309853ce26.jpg'}, 'certificate': ['Первая
  помощь', 'Люльки'], 'status': 'pending'}
2025-09-09 14:36:39 | DEBUG    | logger.py:85 | 🔍 
  result makeOrderFormat from order_dispatcher: {'type': 'readyorder', 'employee': {'id': 27,
  'full_name': 'Хайруллин Азат Фаридович', 'snils': '071-501-831 27', 'inn': '165606378337',
  'position': 'монтажник', 'birth_date': '1983-11-11T00:00:00.000000Z', 'phone': '89867142064',
  'photo': '1756369882_photo_c6e3d512-f63e-4297-b59e-1c309853ce26.jpg'}, 'certificate': ['Первая
  помощь', 'Люльки'], 'status': 'pending'}
2025-09-09 14:36:39 | DEBUG    | logger.py:66 | 
  🚀 Вход в функцию: updatePerson Аргументы: ({'type': 'readyorder', 'employee': {'id': 27,
  'full_name': 'Хайруллин Азат Фаридович', 'snils': '071-501-831 27', 'inn': '165606378337',
  'position': 'монтажник', 'birth_date': '1983-11-11T00:00:00.000000Z', 'phone': '89867142064',
  'photo': '1756369882_photo_c6e3d512-f63e-4297-b59e-1c309853ce26.jpg'}, 'certificate': ['Первая
  помощь', 'Люльки'], 'status': 'pending'},)
2025-09-09 14:36:39 | DEBUG    | logger.py:66 | 🚀 Вход в функцию: parsAllCertificates
2025-09-09 14:36:40 | INFO     | logger.py:89 | ℹ️ 
  Парсинг всех сертификатов: {'success': True, 'data': [{'id': 2, 'name': 'ВИТР (ОТ)', 'description':
  'Описание', 'created_at': '2025-08-25T12:47:45.000000Z', 'updated_at':
  '2025-08-25T12:47:45.000000Z', 'expiry_date': 1}, {'id': 3, 'name': 'ПБО', 'description':
  'Описание', 'created_at': '2025-08-25T12:47:45.000000Z', 'updated_at':
  '2025-08-25T12:47:45.000000Z', 'expiry_date': 3}, {'id': 4, 'name': 'АБГ', 'description':
  'Описание', 'created_at': '2025-08-25T12:47:45.000000Z', 'updated_at':
  '2025-08-25T12:47:45.000000Z', 'expiry_date': 3}, {'id': 6, 'name': 'ПБИ', 'description':
  'Описание', 'created_at': '2025-08-25T12:47:45.000000Z', 'updated_at':
  '2025-08-25T12:47:45.000000Z', 'expiry_date': 3}, {'id': 7, 'name': 'ЭБ', 'description': 'Описание',
  'created_at': '2025-08-25T12:47:45.000000Z', 'updated_at': '2025-08-25T12:47:45.000000Z',
  'expiry_date': 1}, {'id': 8, 'name': 'ВЛ (ОТ)', 'description': 'Описание', 'created_at':
  '2025-08-25T12:47:45.000000Z', 'updated_at': '2025-08-25T12:47:45.000000Z', 'expiry_date': 3},
  {'id': 9, 'name': '5.9.3', 'description': None, 'created_at': '2025-08-25T12:47:45.000000Z',
  'updated_at': '2025-08-25T12:47:45.000000Z', 'expiry_date': 3}, {'id': 10, 'name': '5.9.4',
  'description': None, 'created_at': '2025-08-25T12:47:45.000000Z', 'updated_at':
  '2025-08-25T12:47:45.000000Z', 'expiry_date': 3}, {'id': 12, 'name': '5.1.9', 'description': None,
  'created_at': '2025-08-25T12:47:45.000000Z', 'updated_at': '2025-08-25T12:47:45.000000Z',
  'expiry_date': 3}, {'id': 13, 'name': '5.1.10', 'description': None, 'created_at':
  '2025-08-25T12:47:45.000000Z', 'updated_at': '2025-08-25T12:47:45.000000Z', 'expiry_date': 3},
  {'id': 14, 'name': '5.1.11', 'description': None, 'created_at': '2025-08-25T12:47:45.000000Z',
  'updated_at': '2025-08-25T12:47:45.000000Z', 'expiry_date': 3}, {'id': 15, 'name': 'Высота(рабочая,
  2гр)', 'description': 'Описание', 'created_at': '2025-08-25T12:47:45.000000Z', 'updated_at':
  '2025-08-25T12:47:45.000000Z', 'expiry_date': 3}, {'id': 16, 'name': 'Высота(ИТР, 3гр)',
  'description': 'Описание', 'created_at': '2025-08-25T12:47:45.000000Z', 'updated_at':
  '2025-08-25T12:47:45.000000Z', 'expiry_date': 5}, {'id': 17, 'name': 'БСИЗ', 'description':
  'Описание', 'created_at': '2025-08-25T12:47:45.000000Z', 'updated_at':
  '2025-08-25T12:47:45.000000Z', 'expiry_date': 3}, {'id': 1, 'name': 'A1', 'description': 'Описание',
  'created_at': '2025-08-25T12:47:45.000000Z', 'updated_at': '2025-08-27T10:40:33.000000Z',
  'expiry_date': 5}, {'id': 11, 'name': 'Люльки', 'description': 'Рабочий люльки строительного
  фасадного подъемника', 'created_at': '2025-08-25T12:47:45.000000Z', 'updated_at':
  '2025-09-09T11:01:56.000000Z', 'expiry_date': 3}, {'id': 5, 'name': 'Первая Помощь', 'description':
  'Оказание первой помощи пострадавшим', 'created_at': '2025-08-25T12:47:45.000000Z', 'updated_at':
  '2025-09-09T11:11:30.000000Z', 'expiry_date': 3}], 'pagination': {'current_page': 1, 'last_page': 1,
  'per_page': 20, 'total': 17}}
2025-09-09 14:36:40 | INFO     | logger.py:89 | ℹ️ Отправляю запрос к ИИ для анализа истории чата
2025-09-09 14:36:41 | INFO     | logger.py:89 | ℹ️ Ответ ИИ: {"Первая Помощь": 5, "Люльки": 11}
2025-09-09 14:36:41 | INFO     | logger.py:89 | ℹ️ Извлеченные ID сертификатов: [5, 11]
2025-09-09 14:36:41 | DEBUG    | logger.py:80 | ✅ Выход из функции parsAllCertificates
  Результат: [5, 11]
2025-09-09 14:36:41 | INFO     | logger.py:89 | ℹ️ Парсим все сертификаты: [5, 11]
2025-09-09 14:36:41 | INFO     | logger.py:89 | ℹ️ 
  Отправляю данные в API: { "people_id": 27, "certificate_id": 5, "assigned_date": "2000-01-01",
  "certificate_number": "В ожидании" }
2025-09-09 14:36:41 | INFO     | logger.py:105 | ✅ Сертификат 5 успешно добавлен для сотрудника
2025-09-09 14:36:41 | INFO     | logger.py:89 | ℹ️ 
  Отправляю данные в API: { "people_id": 27, "certificate_id": 11, "assigned_date": "2000-01-01",
  "certificate_number": "В ожидании" }
2025-09-09 14:36:41 | INFO     | logger.py:105 | ✅ Сертификат 11 успешно добавлен для сотрудника
2025-09-09 14:36:41 | INFO     | logger.py:105 | ✅ Все сертификаты обработаны для сотрудника Хайруллин Азат Фаридович
2025-09-09 14:36:41 | DEBUG    | logger.py:80 | 
  ✅ Выход из функции updatePerson Результат: ✅ Сертификаты успешно добавлены для Хайруллин Азат
  Фаридович
2025-09-09 14:36:41 | INFO     | logger.py:89 | ℹ️ Названия сертификатов для получения описаний: ['Первая помощь', 'Люльки']
2025-09-09 14:36:42 | INFO     | logger.py:89 | ℹ️ Получены данные сертификатов: <class 'dict'>
2025-09-09 14:36:42 | INFO     | logger.py:89 | ℹ️ 
  Полученные детали сертификатов: [{'name': 'Первая Помощь', 'description': 'Оказание первой помощи
  пострадавшим'}, {'name': 'Люльки', 'description': 'Рабочий люльки строительного фасадного
  подъемника'}]
2025-09-09 14:36:42 | DEBUG    | logger.py:80 | 
  ✅ Выход из функции order_dispatcher Результат: Заказ оформлен и отправлен в базу данных для
  Хайруллин Азат Фаридович с удостоверениями: • Перв... (обрезано)
2025-09-09 14:36:42 | DEBUG    | logger.py:80 | 
  ✅ Выход из функции connect_dispatcher Результат: {'type': 'orderready', 'message': ' Заказ оформлен
  и отправлен в базу данных \n для Хайруллин Азат Фаридович \n с удостоверениями:\n• Первая Помощь -
  Оказание первой помощи пострадавшим\n• Люльки - Рабочий люльки строительного фасадного
  подъемника\n\n \n СНИЛС: 071-501-831 27 \n ИНН: 165606378337 \n Должность: монтажник \n Дата
  рождения: 11.11.1983 \n Телефон: 89867142064 ', 'chat_history_order': '[\n {\n "role":
  "assistant",\n "content": "{\\"message\\": \\" Заказ оформлен и отправлен в базу данных \\\\n для
  Хайруллин Азат Фаридович \\\\n с удостоверениями:\\\\n• Первая Помощь - Оказание первой помощи
  пострадавшим\\\\n• Люльки - Рабочий люльки строительного фасадного подъемника\\\\n\\\\n \\\\n СНИЛС:
  071-501-831 27 \\\\n ИНН: 165606378337 \\\\n Должность: монтажник \\\\n Дата рождения: 11.11.1983
  \\\\n Телефон: 89867142064 \\"}"\n }\n]'}
2025-09-09 14:36:42 | INFO     | logger.py:89 | ℹ️ 
  Начинаем отправку уведомлений для заказа: {'type': 'readyorder', 'employee': {'id': 27, 'full_name':
  'Хайруллин Азат Фаридович', 'snils': '071-501-831 27', 'inn': '165606378337', 'position':
  'монтажник', 'birth_date': '1983-11-11T00:00:00.000000Z', 'phone': '89867142064', 'photo':
  '1756369882_photo_c6e3d512-f63e-4297-b59e-1c309853ce26.jpg'}, 'certificate': ['Первая помощь',
  'Люльки'], 'status': 'pending'}
2025-09-09 14:36:42 | INFO     | logger.py:89 | ℹ️ 
  Данные сотрудника: Хайруллин Азат Фаридович, фото:
  1756369882_photo_c6e3d512-f63e-4297-b59e-1c309853ce26.jpg
2025-09-09 14:36:42 | INFO     | logger.py:89 | ℹ️ Получены данные сертификатов: <class 'dict'>
2025-09-09 14:36:42 | INFO     | logger.py:89 | ℹ️ Список пользователей для уведомлений: {'8316311496': {'name': 'Лариса', 'chat_id': '8316311496'}}
2025-09-09 14:36:42 | INFO     | logger.py:89 | ℹ️ Не удалось получить URL для фото 1756369882_photo_c6e3d512-f63e-4297-b59e-1c309853ce26.jpg
2025-09-09 14:36:42 | INFO     | logger.py:89 | ℹ️ Уведомления о готовой заявке для Хайруллин Азат Фаридович отправлены 1 пользователям
2025-09-09 14:36:42 | DEBUG    | logger.py:80 | ✅ Выход из функции handle_message
  Результат: Сообщение обработано успешно
2025-09-09 14:58:35 | DEBUG    | logger.py:80 | ✅ Выход из функции main
  Результат: Бот запущен успешно
2025-09-09 15:39:50 | DEBUG    | logger.py:66 | 🚀 Вход в функцию: main
2025-09-09 15:42:53 | DEBUG    | logger.py:66 | 
  🚀 Вход в функцию: handle_photo_with_text Аргументы: ([<telebot.types.PhotoSize object at
  0x00000214BC96BCB0>, <telebot.types.PhotoSize object at 0x00000214BC9D8E10>,
  <telebot.types.PhotoSize object at 0x00000214BC9D8F50>, <telebot.types.PhotoSize object at
  0x00000214BC9D0E90>], 'Ахмедшин Альберт Рашитович\nСНИЛС 079-205-590-83\nМонтажник\nИНН
  4949495566\n20.12.1974\nТелефон 47484885858859\nПрошу обучить на люльки')
2025-09-09 15:42:55 | INFO     | logger.py:89 | ℹ️ 
  Получено фото:
  https://api.telegram.org/file/bot7934916395:AAFKUivVycRo_sf2azOv4oJUVaslRJ1j1YU/photos/file_6.jpg
2025-09-09 15:42:55 | INFO     | logger.py:89 | ℹ️ 
  Обрабатываем заказ с фото: Ахмедшин Альберт Рашитович СНИЛС 079-205-590-83 Монтажник ИНН 4949495566
  20.12.1974 Телефон 47484885858859 Прошу обучить на люльки
2025-09-09 15:42:55 | DEBUG    | logger.py:66 | 
  🚀 Вход в функцию: ceo_dispatcher Аргументы: [{'role': 'user', 'content': 'Ахмедшин Альберт
  Рашитович\nСНИЛС 079-205-590-83\nМонтажник\nИНН 4949495566\n20.12.1974\nТелефон
  47484885858859\nПрошу обучить на люльки', 'photo':
  'https://api.telegram.org/file/bot7934916395:AAFKUivVycRo_sf2azOv4oJUVaslRJ1j1YU/photos/file_6.jpg'}]
2025-09-09 15:42:56 | INFO     | logger.py:89 | ℹ️ ceo_dispatcher, decision: order
2025-09-09 15:42:56 | INFO     | logger.py:89 | ℹ️ ceo_dispatcher, decision после проверки type_of_request: order, 
2025-09-09 15:42:56 | DEBUG    | logger.py:66 | 
  🚀 Вход в функцию: connect_dispatcher Аргументы: ([{'role': 'user', 'content': 'Ахмедшин Альберт
  Рашитович\nСНИЛС 079-205-590-83\nМонтажник\nИНН 4949495566\n20.12.1974\nТелефон
  47484885858859\nПрошу обучить на люльки', 'photo':
  'https://api.telegram.org/file/bot7934916395:AAFKUivVycRo_sf2azOv4oJUVaslRJ1j1YU/photos/file_6.jpg'}],
  [{'role': 'user', 'content': 'Ахмедшин Альберт Рашитович\nСНИЛС 079-205-590-83\nМонтажник\nИНН
  4949495566\n20.12.1974\nТелефон 47484885858859\nПрошу обучить на люльки', 'photo':
  'https://api.telegram.org/file/bot7934916395:AAFKUivVycRo_sf2azOv4oJUVaslRJ1j1YU/photos/file_6.jpg'}])
2025-09-09 15:42:56 | DEBUG    | logger.py:66 | 
  🚀 Вход в функцию: order_dispatcher Аргументы: ([{'role': 'user', 'content': 'Ахмедшин Альберт
  Рашитович\nСНИЛС 079-205-590-83\nМонтажник\nИНН 4949495566\n20.12.1974\nТелефон
  47484885858859\nПрошу обучить на люльки', 'photo':
  'https://api.telegram.org/file/bot7934916395:AAFKUivVycRo_sf2azOv4oJUVaslRJ1j1YU/photos/file_6.jpg'}],
  [{'role': 'user', 'content': 'Ахмедшин Альберт Рашитович\nСНИЛС 079-205-590-83\nМонтажник\nИНН
  4949495566\n20.12.1974\nТелефон 47484885858859\nПрошу обучить на люльки', 'photo':
  'https://api.telegram.org/file/bot7934916395:AAFKUivVycRo_sf2azOv4oJUVaslRJ1j1YU/photos/file_6.jpg'}])
2025-09-09 15:42:56 | DEBUG    | logger.py:85 | 🔍 
  chat_history: [] messages: [{'role': 'user', 'content': 'Ахмедшин Альберт Рашитович\nСНИЛС
  079-205-590-83\nМонтажник\nИНН 4949495566\n20.12.1974\nТелефон 47484885858859\nПрошу обучить на
  люльки', 'photo':
  'https://api.telegram.org/file/bot7934916395:AAFKUivVycRo_sf2azOv4oJUVaslRJ1j1YU/photos/file_6.jpg'}]
2025-09-09 15:42:56 | INFO     | logger.py:89 | ℹ️ Отправляю запрос к ИИ (сообщений: 1)
2025-09-09 15:42:56 | DEBUG    | logger.py:85 | 🔍 Отправляю 2 сообщений в API
2025-09-09 15:42:56 | DEBUG    | logger.py:85 | 🔍 
  Первое сообщение: {'role': 'system', 'content': '\n Ты — помощник для заказа удостоверений.\n\n
  ВАЖНО: Ты ДОЛЖЕН вызывать функции, а не просто отвечать текстом!\n У тебя есть история чата:
  [{"role": "user", "content": "Ахмедшин Альберт Рашитович\\nСНИЛС 079-205-590-83\\nМонтажник\\nИНН
  4949495566\\n20.12.1974\\nТелефон 47484885858859\\nПрошу обучить на люльки", "photo":
  "https://api.telegram.org/file/bot7934916395:AAFKUivVycRo_sf2azOv4oJUVaslRJ1j1YU/photos/file_6.jpg"}].
  \n Пользователь отвечает: \'Ахмедшин Альберт Рашитович\nСНИЛС 079-205-590-83\nМонтажник\nИНН
  4949495566\n20.12.1974\nТелефон 47484885858859\nПрошу обучить на люльки\'. \n Тебе нужно понять из
  истории, какой заказ уточняется, и передать его в order_data.\n\n У тебя есть 2 функции:\n 1.
  makeOrderFormat(employee_name, certificate_name) — создание нового заказа\n 2.
  clarification(order_data) — уточнение данных заказа\n\n ПРАВИЛА:\n - ВАЖНО: Если в истории чата есть
  уточнение от бота (например, "Пожалуйста, укажите...", "предоставьте фото...") и пользователь
  отправляет фото или текст → это ОБЯЗАТЕЛЬНО ответ на уточнение, вызывай clarification()\n - Если
  пользователь предоставляет ПОЛНЫЕ данные сотрудника (ФИО, СНИЛС, ИНН, телефон, дата рождения,
  должность) и просит удостоверение → вызывай makeOrderFormat()\n - Если пользователь отвечает на
  вопрос (например, "монтажник" на вопрос о должности) → вызывай clarification() с данными из
  предыдущего заказа\n - Если пользователь уточняет детали существующего заказа → вызывай
  clarification()\n - НИКОГДА не отвечай обычным текстом, ВСЕГДА используй функции!\n \n
  **ПРИОРИТЕТ:** Контекст истории чата ВАЖНЕЕ ключевых слов в последнем сообщении!\n\n - Если
  пользователь хочет СДЕЛАТЬ НОВЫЙ ЗАКАЗ → вызывай makeOrderFormat().\n • Обязательно верни JSON в
  формате:\n {\n "employee_name": "ФИО сотрудника",\n "certificate_name": ["Название удостоверения"]\n
  }\n • Всегда используй массив для certificate_name, даже если удостоверение одно.\n\n - Если
  пользователь уточняет детали уже существующего заказа (например: "а ещё добавь ПБО", "не Егоров, а
  Егоров Иван", "нужно 2 удостоверения") → вызывай clarification().\n • В clarification() всегда
  передавай:\n - messages → текст уточнения пользователя\n - order_data → JSON заказа, который нужно
  уточнить (по истории чата в chat_history тебе нужно понять какой заказ нужно уточнить) Тебе
  обязательно нужно передавать этот аргумент в функцию\n заказ выглядит в виде json примерно вот так
  {\'type\': \'ПРИМЕР\', \'employee\': {\'full_name\': \'ПРИМЕР\', \'snils\': \'ПРИМЕР\', \'inn\':
  \'ПРИМЕР\', \'position\': None, \'birth_date\': \'ПРИМЕР\', \'phone\': \'ПРИМЕР\'}, \'certificate\':
  [\'ПРИМЕР\'], \'status\': \'ПРИМЕР\', \'message\': \'ПРИМЕР\'}\n - ЖЕСТКОЕ ПРАВИЛО: отвечай только
  JSON в формате:\n\n - Если пользователь хочет СДЕЛАТЬ НОВЫЙ ЗАКАЗ → вызывай makeOrderFormat().\n
  Примеры:\n Пользователь: "Сабиров Рустем, СНИЛС 195-071-028-66, нужно удостоверение высоты"\n Ответ:
  makeOrderFormat({"employee_name": "Сабиров Рустем Рафисович", "certificate_name": ["удостоверение
  высоты"]})\n\n Пользователь: "заказать Егорову ЭБ"\n Ответ: makeOrderFormat({"employee_name":
  "Егоров", "certificate_name": ["ЭБ"]})\n\n Пользователь: "и ещё добавь БСИЗ"\n Ответ:
  clarification(messages="и ещё добавь БСИЗ", order_data={"employee_name": "Егоров",
  "certificate_name": ["ЭБ"]})\n\n Пользователь: "монтажник" (ответ на вопрос о должности)\n Ответ:
  clarification(messages="монтажник", order_data={"employee_name": "Сабиров Рустем Рафисович",
  "certificate_name": ["обучение для работы на лесах"]})\n\n ВАЖНО: Всегда используй массив для
  certificate_name, даже если удостоверение одно!\n '}
2025-09-09 15:42:56 | DEBUG    | logger.py:85 | 🔍 
  Последнее сообщение: {'role': 'user', 'content': 'Ахмедшин Альберт Рашитович\nСНИЛС
  079-205-590-83\nМонтажник\nИНН 4949495566\n20.12.1974\nТелефон 47484885858859\nПрошу обучить на
  люльки', 'photo':
  'https://api.telegram.org/file/bot7934916395:AAFKUivVycRo_sf2azOv4oJUVaslRJ1j1YU/photos/file_6.jpg'}
2025-09-09 15:42:58 | INFO     | logger.py:89 | ℹ️ Ответ ИИ: 
2025-09-09 15:42:58 | INFO     | logger.py:89 | ℹ️ ИИ хочет вызвать инструменты: 1
2025-09-09 15:42:58 | INFO     | logger.py:89 | ℹ️ Вызываю инструмент: makeOrderFormat
2025-09-09 15:42:58 | DEBUG    | logger.py:85 | 🔍 employee_name: Ахмедшин Альберт Рашитович, certificate_name: ['обучение на люльки']
2025-09-09 15:42:58 | DEBUG    | logger.py:66 | 
  🚀 Вход в функцию: makeOrderFormat Аргументы: ([{'role': 'user', 'content': 'Ахмедшин Альберт
  Рашитович\nСНИЛС 079-205-590-83\nМонтажник\nИНН 4949495566\n20.12.1974\nТелефон
  47484885858859\nПрошу обучить на люльки', 'photo':
  'https://api.telegram.org/file/bot7934916395:AAFKUivVycRo_sf2azOv4oJUVaslRJ1j1YU/photos/file_6.jpg'}],
  'Ахмедшин Альберт Рашитович', ['обучение на люльки'])
2025-09-09 15:42:58 | DEBUG    | logger.py:66 | 🚀 Вход в функцию: sort_employee
  Аргументы: ('Ахмедшин Альберт Рашитович',)
2025-09-09 15:42:58 | INFO     | logger.py:113 | 🔍 Ищу сотрудников по фильтру: 'Ахмедшин Альберт Рашитович'
2025-09-09 15:42:58 | DEBUG    | logger.py:66 | 🚀 Вход в функцию: call_external_api
2025-09-09 15:42:58 | INFO     | logger.py:125 | 🌐 Выполняю запрос к API: http://labor.tetrakom-crm-miniapp.ru/api/people
2025-09-09 15:42:58 | INFO     | logger.py:125 | 🌐 API запрос успешен, получено 35922 символов
2025-09-09 15:42:58 | DEBUG    | logger.py:80 | ✅ Выход из функции call_external_api
  Результат: 3
2025-09-09 15:43:01 | INFO     | logger.py:105 | ✅ Результат поиска сотрудников: {"data": [], "message": "нет сотрудников"}
2025-09-09 15:43:01 | INFO     | logger.py:105 | ✅ Поиск сотрудников завершен
2025-09-09 15:43:01 | DEBUG    | logger.py:80 | ✅ Выход из функции sort_employee
  Результат: {"data": [], "message": "нет сотрудников"}
2025-09-09 15:43:01 | DEBUG    | logger.py:85 | 🔍 sort_employee вернул: <class 'str'>
2025-09-09 15:43:01 | DEBUG    | logger.py:85 | 🔍 Содержимое json_people: {"data": [], "message": "нет сотрудников"}
2025-09-09 15:43:01 | DEBUG    | logger.py:85 | 🔍 После парсинга JSON: <class 'dict'>
2025-09-09 15:43:01 | INFO     | logger.py:89 | ℹ️ Сотрудник 'Ахмедшин Альберт Рашитович' не найден, создаем нового
2025-09-09 15:43:01 | DEBUG    | logger.py:80 | 
  ✅ Выход из функции makeOrderFormat Результат: {'type': 'clarification', 'message': "Сотрудник
  'Ахмедшин Альберт Рашитович' не найден, создаем нового"}
2025-09-09 15:43:01 | DEBUG    | logger.py:66 | 
  🚀 Вход в функцию: createNewEmployee Аргументы: ('Ахмедшин Альберт Рашитович', ['обучение на
  люльки'], [{'role': 'user', 'content': 'Ахмедшин Альберт Рашитович\nСНИЛС
  079-205-590-83\nМонтажник\nИНН 4949495566\n20.12.1974\nТелефон 47484885858859\nПрошу обучить на
  люльки', 'photo':
  'https://api.telegram.org/file/bot7934916395:AAFKUivVycRo_sf2azOv4oJUVaslRJ1j1YU/photos/file_6.jpg'}])
2025-09-09 15:43:01 | INFO     | logger.py:89 | ℹ️ Анализирую историю чата для создания нового сотрудника: Ахмедшин Альберт Рашитович
2025-09-09 15:43:01 | INFO     | logger.py:89 | ℹ️ Отправляю запрос к ИИ для анализа истории чата
2025-09-09 15:43:05 | INFO     | logger.py:89 | ℹ️ 
  Ответ ИИ для создания сотрудника: { "type": "clarification", "employee": { "full_name": "Ахмедшин
  Альберт Рашитович", "snils": "079-205-590-83", "inn": "4949495566", "position": "Монтажник",
  "birth_date": "20.12.1974", "phone": "47484885858859", "photo": "null" }, "certificate": ["обучение
  на люльки"], "status": "new_employee" }
2025-09-09 15:43:05 | INFO     | logger.py:105 | ✅ 
  Новый сотрудник создан с помощью ИИ: { "type": "clarification", "employee": { "full_name": "Ахмедшин
  Альберт Рашитович", "snils": "079-205-590-83", "inn": "4949495566", "position": "Монтажник",
  "birth_date": "20.12.1974", "phone": "47484885858859", "photo": "null" }, "certificate": [ "обучение
  на люльки" ], "status": "new_employee" }
2025-09-09 15:43:05 | DEBUG    | logger.py:80 | 
  ✅ Выход из функции createNewEmployee Результат: {'type': 'clarification', 'employee': {'full_name':
  'Ахмедшин Альберт Рашитович', 'snils': '079-205-590-83', 'inn': '4949495566', 'position':
  'Монтажник', 'birth_date': '20.12.1974', 'phone': '47484885858859', 'photo': 'null'}, 'certificate':
  ['обучение на люльки'], 'status': 'new_employee'}
2025-09-09 15:43:05 | DEBUG    | logger.py:85 | 🔍 
  result makeOrderFormat from order_dispatcher: {'type': 'clarification', 'employee': {'full_name':
  'Ахмедшин Альберт Рашитович', 'snils': '079-205-590-83', 'inn': '4949495566', 'position':
  'Монтажник', 'birth_date': '20.12.1974', 'phone': '47484885858859', 'photo': 'null'}, 'certificate':
  ['обучение на люльки'], 'status': 'new_employee'}
2025-09-09 15:43:05 | DEBUG    | logger.py:66 | 
  🚀 Вход в функцию: clarification Аргументы: ([{'role': 'user', 'content': 'Ахмедшин Альберт
  Рашитович\nСНИЛС 079-205-590-83\nМонтажник\nИНН 4949495566\n20.12.1974\nТелефон
  47484885858859\nПрошу обучить на люльки', 'photo':
  'https://api.telegram.org/file/bot7934916395:AAFKUivVycRo_sf2azOv4oJUVaslRJ1j1YU/photos/file_6.jpg'}],
  {'type': 'clarification', 'employee': {'full_name': 'Ахмедшин Альберт Рашитович', 'snils':
  '079-205-590-83', 'inn': '4949495566', 'position': 'Монтажник', 'birth_date': '20.12.1974', 'phone':
  '47484885858859', 'photo': 'null'}, 'certificate': ['обучение на люльки'], 'status':
  'new_employee'})
2025-09-09 15:43:05 | INFO     | logger.py:89 | ℹ️ 
  Добавлено фото в заказ:
  https://api.telegram.org/file/bot7934916395:AAFKUivVycRo_sf2azOv4oJUVaslRJ1j1YU/photos/file_6.jpg
2025-09-09 15:43:05 | INFO     | logger.py:89 | ℹ️ 
  Обновленный order_json: { "type": "clarification", "employee": { "full_name": "Ахмедшин Альберт
  Рашитович", "snils": "079-205-590-83", "inn": "4949495566", "position": "Монтажник", "birth_date":
  "20.12.1974", "phone": "47484885858859", "photo":
  "https://api.telegram.org/file/bot7934916395:AAFKUivVycRo_sf2azOv4oJUVaslRJ1j1YU/photos/file_6.jpg"
  }, "certificate": [ "обучение на люльки" ], "status": "new_employee" }
2025-09-09 15:43:07 | INFO     | logger.py:89 | ℹ️ 
  Ответ ИИ clarification: { "type": "readyorder", "employee": { "full_name": "Ахмедшин Альберт
  Рашитович", "snils": "079-205-590-83", "inn": "4949495566", "position": "Монтажник", "birth_date":
  "20.12.1974", "phone": "47484885858859", "photo":
  "https://api.telegram.org/file/bot7934916395:AAFKUivVycRo_sf2azOv4oJUVaslRJ1j1YU/photos/file_6.jpg"
  }, "certificate": [ "обучение на люльки" ], "status": "new_employee" }
2025-09-09 15:43:07 | DEBUG    | logger.py:80 | 
  ✅ Выход из функции clarification Результат: { "type": "readyorder", "employee": { "full_name":
  "Ахмедшин Альберт Рашитович", "snils"... (обрезано)
2025-09-09 15:43:07 | DEBUG    | logger.py:66 | 
  🚀 Вход в функцию: addToDatabase Аргументы: ({'type': 'readyorder', 'employee': {'full_name':
  'Ахмедшин Альберт Рашитович', 'snils': '079-205-590-83', 'inn': '4949495566', 'position':
  'Монтажник', 'birth_date': '20.12.1974', 'phone': '47484885858859', 'photo':
  'https://api.telegram.org/file/bot7934916395:AAFKUivVycRo_sf2azOv4oJUVaslRJ1j1YU/photos/file_6.jpg'},
  'certificate': ['обучение на люльки'], 'status': 'new_employee'},)
2025-09-09 15:43:07 | INFO     | logger.py:89 | ℹ️ 
  Создаем сотрудника без фото: {'full_name': 'Ахмедшин Альберт Рашитович', 'position': 'Монтажник',
  'phone': '47484885858859', 'snils': '079-205-590-83', 'inn': '4949495566', 'birth_date':
  '20.12.1974', 'status': 'В ожидании'}
2025-09-09 15:43:07 | INFO     | logger.py:89 | ℹ️ 
  Отправляю данные в API: { "full_name": "Ахмедшин Альберт Рашитович", "position": "Монтажник",
  "phone": "47484885858859", "snils": "079-205-590-83", "inn": "4949495566", "birth_date":
  "20.12.1974", "status": "В ожидании" }
2025-09-09 15:43:08 | INFO     | logger.py:105 | ✅ Заказ успешно добавлен в базу данных
2025-09-09 15:43:08 | INFO     | logger.py:89 | ℹ️ 
  Полный ответ API при создании сотрудника: {'success': True, 'message': 'Человек успешно добавлен',
  'data': {'full_name': 'Ахмедшин Альберт Рашитович', 'position': 'Монтажник', 'phone':
  '47484885858859', 'snils': '079-205-590-83', 'inn': '4949495566', 'birth_date':
  '1974-12-20T00:00:00.000000Z', 'status': 'В ожидании', 'updated_at': '2025-09-09T12:43:07.000000Z',
  'created_at': '2025-09-09T12:43:07.000000Z', 'id': 92}}
2025-09-09 15:43:08 | INFO     | logger.py:89 | ℹ️ Создан сотрудник с ID: 92
2025-09-09 15:43:08 | INFO     | logger.py:89 | ℹ️ 
  order_with_id for updatePerson: {'type': 'readyorder', 'employee': {'id': 92, 'full_name': 'Ахмедшин
  Альберт Рашитович', 'snils': '079-205-590-83', 'inn': '4949495566', 'position': 'Монтажник',
  'birth_date': '20.12.1974', 'phone': '47484885858859'}, 'certificate': ['обучение на люльки'],
  'status': 'new_employee'}
2025-09-09 15:43:08 | INFO     | logger.py:89 | ℹ️ 
  Обновляем сотрудника с фото:
  https://api.telegram.org/file/bot7934916395:AAFKUivVycRo_sf2azOv4oJUVaslRJ1j1YU/photos/file_6.jpg
2025-09-09 15:43:08 | DEBUG    | logger.py:66 | 
  🚀 Вход в функцию: updateEmployeeData Аргументы: ({'type': 'readyorder', 'employee': {'id': 92,
  'full_name': 'Ахмедшин Альберт Рашитович', 'snils': '079-205-590-83', 'inn': '4949495566',
  'position': 'Монтажник', 'birth_date': '20.12.1974', 'phone': '47484885858859', 'photo':
  'https://api.telegram.org/file/bot7934916395:AAFKUivVycRo_sf2azOv4oJUVaslRJ1j1YU/photos/file_6.jpg'},
  'certificate': ['обучение на люльки'], 'status': 'new_employee'},)
2025-09-09 15:43:08 | INFO     | logger.py:89 | ℹ️ 
  Обновляем фото сотрудника:
  https://api.telegram.org/file/bot7934916395:AAFKUivVycRo_sf2azOv4oJUVaslRJ1j1YU/photos/file_6.jpg
2025-09-09 15:43:09 | INFO     | logger.py:89 | ℹ️ Фото загружено для обновления: 64463 байт
2025-09-09 15:43:09 | INFO     | logger.py:89 | ℹ️ 
  Обновляю данные сотрудника ID 92: { "full_name": "Ахмедшин Альберт Рашитович", "position":
  "Монтажник", "phone": "47484885858859", "snils": "079-205-590-83", "inn": "4949495566",
  "birth_date": "20.12.1974", "status": "В ожидании", "photo":
  "https://api.telegram.org/file/bot7934916395:AAFKUivVycRo_sf2azOv4oJUVaslRJ1j1YU/photos/file_6.jpg"
  }
2025-09-09 15:43:09 | INFO     | logger.py:105 | ✅ ✅ Данные сотрудника Ахмедшин Альберт Рашитович успешно обновлены
2025-09-09 15:43:09 | DEBUG    | logger.py:80 | ✅ Выход из функции updateEmployeeData
  Результат: ✅ Данные сотрудника обновлены
2025-09-09 15:43:09 | DEBUG    | logger.py:66 | 
  🚀 Вход в функцию: updatePerson Аргументы: ({'type': 'readyorder', 'employee': {'id': 92,
  'full_name': 'Ахмедшин Альберт Рашитович', 'snils': '079-205-590-83', 'inn': '4949495566',
  'position': 'Монтажник', 'birth_date': '20.12.1974', 'phone': '47484885858859', 'photo':
  'https://api.telegram.org/file/bot7934916395:AAFKUivVycRo_sf2azOv4oJUVaslRJ1j1YU/photos/file_6.jpg'},
  'certificate': ['обучение на люльки'], 'status': 'new_employee'},)
2025-09-09 15:43:09 | DEBUG    | logger.py:66 | 🚀 Вход в функцию: parsAllCertificates
2025-09-09 15:43:09 | INFO     | logger.py:89 | ℹ️ 
  Парсинг всех сертификатов: {'success': True, 'data': [{'id': 2, 'name': 'ВИТР (ОТ)', 'description':
  'Описание', 'created_at': '2025-08-25T12:47:45.000000Z', 'updated_at':
  '2025-08-25T12:47:45.000000Z', 'expiry_date': 1}, {'id': 3, 'name': 'ПБО', 'description':
  'Описание', 'created_at': '2025-08-25T12:47:45.000000Z', 'updated_at':
  '2025-08-25T12:47:45.000000Z', 'expiry_date': 3}, {'id': 4, 'name': 'АБГ', 'description':
  'Описание', 'created_at': '2025-08-25T12:47:45.000000Z', 'updated_at':
  '2025-08-25T12:47:45.000000Z', 'expiry_date': 3}, {'id': 6, 'name': 'ПБИ', 'description':
  'Описание', 'created_at': '2025-08-25T12:47:45.000000Z', 'updated_at':
  '2025-08-25T12:47:45.000000Z', 'expiry_date': 3}, {'id': 7, 'name': 'ЭБ', 'description': 'Описание',
  'created_at': '2025-08-25T12:47:45.000000Z', 'updated_at': '2025-08-25T12:47:45.000000Z',
  'expiry_date': 1}, {'id': 8, 'name': 'ВЛ (ОТ)', 'description': 'Описание', 'created_at':
  '2025-08-25T12:47:45.000000Z', 'updated_at': '2025-08-25T12:47:45.000000Z', 'expiry_date': 3},
  {'id': 9, 'name': '5.9.3', 'description': None, 'created_at': '2025-08-25T12:47:45.000000Z',
  'updated_at': '2025-08-25T12:47:45.000000Z', 'expiry_date': 3}, {'id': 10, 'name': '5.9.4',
  'description': None, 'created_at': '2025-08-25T12:47:45.000000Z', 'updated_at':
  '2025-08-25T12:47:45.000000Z', 'expiry_date': 3}, {'id': 12, 'name': '5.1.9', 'description': None,
  'created_at': '2025-08-25T12:47:45.000000Z', 'updated_at': '2025-08-25T12:47:45.000000Z',
  'expiry_date': 3}, {'id': 13, 'name': '5.1.10', 'description': None, 'created_at':
  '2025-08-25T12:47:45.000000Z', 'updated_at': '2025-08-25T12:47:45.000000Z', 'expiry_date': 3},
  {'id': 14, 'name': '5.1.11', 'description': None, 'created_at': '2025-08-25T12:47:45.000000Z',
  'updated_at': '2025-08-25T12:47:45.000000Z', 'expiry_date': 3}, {'id': 15, 'name': 'Высота(рабочая,
  2гр)', 'description': 'Описание', 'created_at': '2025-08-25T12:47:45.000000Z', 'updated_at':
  '2025-08-25T12:47:45.000000Z', 'expiry_date': 3}, {'id': 16, 'name': 'Высота(ИТР, 3гр)',
  'description': 'Описание', 'created_at': '2025-08-25T12:47:45.000000Z', 'updated_at':
  '2025-08-25T12:47:45.000000Z', 'expiry_date': 5}, {'id': 17, 'name': 'БСИЗ', 'description':
  'Описание', 'created_at': '2025-08-25T12:47:45.000000Z', 'updated_at':
  '2025-08-25T12:47:45.000000Z', 'expiry_date': 3}, {'id': 1, 'name': 'A1', 'description': 'Описание',
  'created_at': '2025-08-25T12:47:45.000000Z', 'updated_at': '2025-08-27T10:40:33.000000Z',
  'expiry_date': 5}, {'id': 11, 'name': 'Люльки', 'description': 'Рабочий люльки строительного
  фасадного подъемника', 'created_at': '2025-08-25T12:47:45.000000Z', 'updated_at':
  '2025-09-09T11:01:56.000000Z', 'expiry_date': 3}, {'id': 5, 'name': 'Первая Помощь', 'description':
  'Оказание первой помощи пострадавшим', 'created_at': '2025-08-25T12:47:45.000000Z', 'updated_at':
  '2025-09-09T11:11:30.000000Z', 'expiry_date': 3}], 'pagination': {'current_page': 1, 'last_page': 1,
  'per_page': 20, 'total': 17}}
2025-09-09 15:43:09 | INFO     | logger.py:89 | ℹ️ Отправляю запрос к ИИ для анализа истории чата
2025-09-09 15:43:11 | INFO     | logger.py:89 | ℹ️ Ответ ИИ: {"Люльки": 11}
2025-09-09 15:43:11 | INFO     | logger.py:89 | ℹ️ Извлеченные ID сертификатов: [11]
2025-09-09 15:43:11 | DEBUG    | logger.py:80 | ✅ Выход из функции parsAllCertificates
  Результат: [11]
2025-09-09 15:43:11 | INFO     | logger.py:89 | ℹ️ Парсим все сертификаты: [11]
2025-09-09 15:43:11 | INFO     | logger.py:89 | ℹ️ 
  Отправляю данные в API: { "people_id": 92, "certificate_id": 11, "assigned_date": "2000-01-01",
  "certificate_number": "В ожидании" }
2025-09-09 15:43:11 | INFO     | logger.py:105 | ✅ Сертификат 11 успешно добавлен для сотрудника
2025-09-09 15:43:11 | INFO     | logger.py:105 | ✅ Все сертификаты обработаны для сотрудника Ахмедшин Альберт Рашитович
2025-09-09 15:43:11 | DEBUG    | logger.py:80 | 
  ✅ Выход из функции updatePerson Результат: ✅ Сертификаты успешно добавлены для Ахмедшин Альберт
  Рашитович
2025-09-09 15:43:11 | DEBUG    | logger.py:80 | 
  ✅ Выход из функции addToDatabase Результат: ✅ Заказ для Ахмедшин Альберт Рашитович успешно добавлен
  в базу данных со статусом 'В ожидании'
2025-09-09 15:43:11 | INFO     | logger.py:89 | ℹ️ Названия сертификатов для получения описаний: ['обучение на люльки']
2025-09-09 15:43:11 | INFO     | logger.py:89 | ℹ️ Получены данные сертификатов: <class 'dict'>
2025-09-09 15:43:11 | INFO     | logger.py:89 | ℹ️ 
  Полученные детали сертификатов: [{'name': 'обучение на люльки', 'description': 'Описание
  отсутствует'}]
2025-09-09 15:43:11 | DEBUG    | logger.py:80 | 
  ✅ Выход из функции order_dispatcher Результат: Заказ оформлен и отправлен в базу данных для Ахмедшин
  Альберт Рашитович с удостоверениями: • об... (обрезано)
2025-09-09 15:43:11 | DEBUG    | logger.py:80 | 
  ✅ Выход из функции connect_dispatcher Результат: {'type': 'orderready', 'message': ' Заказ оформлен
  и отправлен в базу данных \n для Ахмедшин Альберт Рашитович \n с удостоверениями:\n• обучение на
  люльки - Описание отсутствует\n\n \n СНИЛС: 079-205-590-83 \n ИНН: 4949495566 \n Должность:
  Монтажник \n Дата рождения: 20.12.1974 \n Телефон: 47484885858859 ', 'chat_history_order': '[\n {\n
  "role": "assistant",\n "content": "{\\"message\\": \\" Заказ оформлен и отправлен в базу данных
  \\\\n для Ахмедшин Альберт Рашитович \\\\n с удостоверениями:\\\\n• обучение на люльки - Описание
  отсутствует\\\\n\\\\n \\\\n СНИЛС: 079-205-590-83 \\\\n ИНН: 4949495566 \\\\n Должность: Монтажник
  \\\\n Дата рождения: 20.12.1974 \\\\n Телефон: 47484885858859 \\"}"\n }\n]'}
2025-09-09 15:43:11 | INFO     | logger.py:89 | ℹ️ 
  Начинаем отправку уведомлений для заказа: {'type': 'readyorder', 'employee': {'id': 92, 'full_name':
  'Ахмедшин Альберт Рашитович', 'snils': '079-205-590-83', 'inn': '4949495566', 'position':
  'Монтажник', 'birth_date': '20.12.1974', 'phone': '47484885858859', 'photo':
  'https://api.telegram.org/file/bot7934916395:AAFKUivVycRo_sf2azOv4oJUVaslRJ1j1YU/photos/file_6.jpg'},
  'certificate': ['обучение на люльки'], 'status': 'new_employee'}
2025-09-09 15:43:11 | INFO     | logger.py:89 | ℹ️ 
  Данные сотрудника: Ахмедшин Альберт Рашитович, фото:
  https://api.telegram.org/file/bot7934916395:AAFKUivVycRo_sf2azOv4oJUVaslRJ1j1YU/photos/file_6.jpg
2025-09-09 15:43:11 | INFO     | logger.py:89 | ℹ️ Получены данные сертификатов: <class 'dict'>
2025-09-09 15:43:11 | INFO     | logger.py:89 | ℹ️ Список пользователей для уведомлений: {'8316311496': {'name': 'Лариса', 'chat_id': '8316311496'}}
2025-09-09 15:43:13 | INFO     | logger.py:89 | ℹ️ Фото отправлено для Лариса
2025-09-09 15:43:13 | INFO     | logger.py:89 | ℹ️ Уведомление отправлено пользователю Лариса (ID: 8316311496)
2025-09-09 15:43:13 | INFO     | logger.py:89 | ℹ️ Уведомления о готовой заявке для Ахмедшин Альберт Рашитович отправлены 1 пользователям
2025-09-09 15:43:13 | INFO     | logger.py:89 | ℹ️ 
  Начинаем отправку уведомлений для заказа: {'type': 'readyorder', 'employee': {'full_name': 'Ахмедшин
  Альберт Рашитович', 'snils': '079-205-590-83', 'inn': '4949495566', 'position': 'Монтажник',
  'birth_date': '20.12.1974', 'phone': '47484885858859', 'photo':
  'https://api.telegram.org/file/bot7934916395:AAFKUivVycRo_sf2azOv4oJUVaslRJ1j1YU/photos/file_6.jpg'},
  'certificate': ['обучение на люльки'], 'status': 'new_employee'}
2025-09-09 15:43:13 | INFO     | logger.py:89 | ℹ️ 
  Данные сотрудника: Ахмедшин Альберт Рашитович, фото:
  https://api.telegram.org/file/bot7934916395:AAFKUivVycRo_sf2azOv4oJUVaslRJ1j1YU/photos/file_6.jpg
2025-09-09 15:43:13 | INFO     | logger.py:89 | ℹ️ Получены данные сертификатов: <class 'dict'>
2025-09-09 15:43:13 | INFO     | logger.py:89 | ℹ️ Список пользователей для уведомлений: {'8316311496': {'name': 'Лариса', 'chat_id': '8316311496'}}
2025-09-09 15:43:14 | INFO     | logger.py:89 | ℹ️ Фото отправлено для Лариса
2025-09-09 15:43:14 | INFO     | logger.py:89 | ℹ️ Уведомление отправлено пользователю Лариса (ID: 8316311496)
2025-09-09 15:43:14 | INFO     | logger.py:89 | ℹ️ Уведомления о готовой заявке для Ахмедшин Альберт Рашитович отправлены 1 пользователям
2025-09-09 15:43:14 | DEBUG    | logger.py:80 | ✅ Выход из функции handle_photo_with_text
  Результат: Фото с текстом успешно обработано
