2025-09-12 02:50:43 | DEBUG    | logger.py:66 | 🚀 Вход в функцию: main
2025-09-12 02:50:43 | INFO     | logger.py:89 | ℹ️ ✅ Webhook удален успешно
2025-09-12 04:14:26 | ERROR    | logger.py:97 | ❌ 
  ❌ Неожиданная ошибка (попытка 1/5): HTTPSConnectionPool(host='api.telegram.org', port=443): Read
  timed out. (read timeout=25)
2025-09-12 04:14:26 | INFO     | logger.py:89 | ℹ️ ⏳ Ожидание 5 секунд перед следующей попыткой...
2025-09-12 04:14:26 | INFO     | logger.py:89 | ℹ️ 🔄 Попытка переподключения 1/5
2025-09-12 04:14:31 | INFO     | logger.py:89 | ℹ️ ✅ Webhook удален успешно
2025-09-12 04:14:52 | ERROR    | logger.py:97 | ❌ 
  ❌ Неожиданная ошибка (попытка 2/5): HTTPSConnectionPool(host='api.telegram.org', port=443): Max
  retries exceeded with url:
  /bot8204433104:AAGTJwvACUkTIMpFLg4_6umMfh-v6cBtcQs/getUpdates?offset=1&timeout=20 (Caused by
  NewConnectionError('<urllib3.connection.HTTPSConnection object at 0x7fa5900c4950>: Failed to
  establish a new connection: [Errno 101] Network is unreachable'))
2025-09-12 04:14:52 | INFO     | logger.py:89 | ℹ️ ⏳ Ожидание 5 секунд перед следующей попыткой...
2025-09-12 04:14:52 | INFO     | logger.py:89 | ℹ️ 🔄 Попытка переподключения 2/5
2025-09-12 04:14:58 | INFO     | logger.py:89 | ℹ️ ✅ Webhook удален успешно
2025-09-12 04:27:43 | ERROR    | logger.py:97 | ❌ 
  ❌ Неожиданная ошибка (попытка 3/5): HTTPSConnectionPool(host='api.telegram.org', port=443): Read
  timed out. (read timeout=25)
2025-09-12 04:27:43 | INFO     | logger.py:89 | ℹ️ ⏳ Ожидание 5 секунд перед следующей попыткой...
2025-09-12 04:27:43 | INFO     | logger.py:89 | ℹ️ 🔄 Попытка переподключения 3/5
2025-09-12 04:27:48 | INFO     | logger.py:89 | ℹ️ ✅ Webhook удален успешно
2025-09-12 08:48:16 | ERROR    | logger.py:97 | ❌ 
  ❌ Неожиданная ошибка (попытка 4/5): HTTPSConnectionPool(host='api.telegram.org', port=443): Read
  timed out. (read timeout=25)
2025-09-12 08:48:16 | INFO     | logger.py:89 | ℹ️ ⏳ Ожидание 5 секунд перед следующей попыткой...
2025-09-12 08:48:16 | INFO     | logger.py:89 | ℹ️ 🔄 Попытка переподключения 4/5
2025-09-12 08:48:22 | INFO     | logger.py:89 | ℹ️ ✅ Webhook удален успешно
2025-09-12 08:49:09 | ERROR    | logger.py:97 | ❌ 
  ❌ Неожиданная ошибка (попытка 5/5): HTTPSConnectionPool(host='api.telegram.org', port=443): Read
  timed out. (read timeout=25)
2025-09-12 08:49:09 | CRITICAL | logger.py:101 | 🚨 ❌ КРИТИЧЕСКАЯ ОШИБКА: Превышено максимальное количество попыток
2025-09-12 08:49:09 | DEBUG    | logger.py:80 | 
  ❌ Выход из функции main с ошибкой: ❌ Неожиданная ошибка (попытка 5/5):
  HTTPSConnectionPool(host='api.telegram.org', port=443): Read timed out. (read timeout=25)
2025-09-12 08:49:11 | DEBUG    | logger.py:66 | 🚀 Вход в функцию: main
2025-09-12 08:49:11 | INFO     | logger.py:89 | ℹ️ ✅ Webhook удален успешно
2025-09-12 08:56:01 | ERROR    | logger.py:97 | ❌ 
  ❌ Неожиданная ошибка (попытка 1/5): HTTPSConnectionPool(host='api.telegram.org', port=443): Read
  timed out. (read timeout=25)
2025-09-12 08:56:01 | INFO     | logger.py:89 | ℹ️ ⏳ Ожидание 5 секунд перед следующей попыткой...
2025-09-12 08:56:01 | INFO     | logger.py:89 | ℹ️ 🔄 Попытка переподключения 1/5
2025-09-12 08:56:06 | INFO     | logger.py:89 | ℹ️ 
  ℹ️ Webhook не был активен или уже удален: ('Connection aborted.', RemoteDisconnected('Remote end
  closed connection without response'))
2025-09-12 09:37:59 | ERROR    | logger.py:97 | ❌ 
  ❌ Неожиданная ошибка (попытка 2/5): HTTPSConnectionPool(host='api.telegram.org', port=443): Read
  timed out. (read timeout=25)
2025-09-12 09:37:59 | INFO     | logger.py:89 | ℹ️ ⏳ Ожидание 5 секунд перед следующей попыткой...
2025-09-12 09:37:59 | INFO     | logger.py:89 | ℹ️ 🔄 Попытка переподключения 2/5
2025-09-12 09:38:04 | INFO     | logger.py:89 | ℹ️ ✅ Webhook удален успешно
