2025-09-08 17:18:49 | DEBUG    | logger.py:66 | 🚀 Вход в функцию: main
2025-09-08 17:19:03 | DEBUG    | logger.py:66 | 🚀 Вход в функцию: handle_message
  Аргументы: ('закажи мордасу ПБО',)
2025-09-08 17:19:04 | DEBUG    | logger.py:66 | 🚀 Вход в функцию: ceo_dispatcher
  Аргументы: [{'role': 'user', 'content': 'закажи мордасу ПБО'}]
2025-09-08 17:19:05 | INFO     | logger.py:89 | ℹ️ ceo_dispatcher, decision: order
2025-09-08 17:19:05 | INFO     | logger.py:89 | ℹ️ ceo_dispatcher, decision после проверки type_of_request: order, 
2025-09-08 17:19:05 | DEBUG    | logger.py:66 | 
  🚀 Вход в функцию: connect_dispatcher Аргументы: ([{'role': 'user', 'content': 'закажи мордасу
  ПБО'}], [{'role': 'user', 'content': 'закажи мордасу ПБО'}])
2025-09-08 17:19:05 | DEBUG    | logger.py:66 | 
  🚀 Вход в функцию: order_dispatcher Аргументы: ([{'role': 'user', 'content': 'закажи мордасу ПБО'}],
  [{'role': 'user', 'content': 'закажи мордасу ПБО'}])
2025-09-08 17:19:05 | DEBUG    | logger.py:85 | 🔍 chat_history: [] messages: [{'role': 'user', 'content': 'закажи мордасу ПБО'}]
2025-09-08 17:19:05 | INFO     | logger.py:89 | ℹ️ Отправляю запрос к ИИ (сообщений: 1)
2025-09-08 17:19:05 | DEBUG    | logger.py:85 | 🔍 Отправляю 2 сообщений в API
2025-09-08 17:19:05 | DEBUG    | logger.py:85 | 🔍 
  Первое сообщение: {'role': 'system', 'content': '\n Ты — помощник для заказа удостоверений.\n\n
  ВАЖНО: Ты ДОЛЖЕН вызывать функции, а не просто отвечать текстом!\n У тебя есть история чата:
  [{"role": "user", "content": "закажи мордасу ПБО"}]. \n Пользователь отвечает: \'закажи мордасу
  ПБО\'. \n Тебе нужно понять из истории, какой заказ уточняется, и передать его в order_data.\n\n У
  тебя есть 2 функции:\n 1. makeOrderFormat(employee_name, certificate_name) — создание нового
  заказа\n 2. clarification(order_data) — уточнение данных заказа\n\n ПРАВИЛА:\n - ВАЖНО: Если в
  истории чата есть уточнение от бота (например, "Пожалуйста, укажите...", "предоставьте фото...") и
  пользователь отправляет фото или текст → это ОБЯЗАТЕЛЬНО ответ на уточнение, вызывай
  clarification()\n - Если пользователь предоставляет ПОЛНЫЕ данные сотрудника (ФИО, СНИЛС, ИНН,
  телефон, дата рождения, должность) и просит удостоверение → вызывай makeOrderFormat()\n - Если
  пользователь отвечает на вопрос (например, "монтажник" на вопрос о должности) → вызывай
  clarification() с данными из предыдущего заказа\n - Если пользователь уточняет детали существующего
  заказа → вызывай clarification()\n - НИКОГДА не отвечай обычным текстом, ВСЕГДА используй функции!\n
  \n **ПРИОРИТЕТ:** Контекст истории чата ВАЖНЕЕ ключевых слов в последнем сообщении!\n\n - Если
  пользователь хочет СДЕЛАТЬ НОВЫЙ ЗАКАЗ → вызывай makeOrderFormat().\n • Обязательно верни JSON в
  формате:\n {\n "employee_name": "ФИО сотрудника",\n "certificate_name": ["Название удостоверения"]\n
  }\n • Всегда используй массив для certificate_name, даже если удостоверение одно.\n\n - Если
  пользователь уточняет детали уже существующего заказа (например: "а ещё добавь ПБО", "не Егоров, а
  Егоров Иван", "нужно 2 удостоверения") → вызывай clarification().\n • В clarification() всегда
  передавай:\n - messages → текст уточнения пользователя\n - order_data → JSON заказа, который нужно
  уточнить (по истории чата в chat_history тебе нужно понять какой заказ нужно уточнить) Тебе
  обязательно нужно передавать этот аргумент в функцию\n заказ выглядит в виде json примерно вот так
  {\'type\': \'ПРИМЕР\', \'employee\': {\'full_name\': \'ПРИМЕР\', \'snils\': \'ПРИМЕР\', \'inn\':
  \'ПРИМЕР\', \'position\': None, \'birth_date\': \'ПРИМЕР\', \'phone\': \'ПРИМЕР\'}, \'certificate\':
  [\'ПРИМЕР\'], \'status\': \'ПРИМЕР\', \'message\': \'ПРИМЕР\'}\n - ЖЕСТКОЕ ПРАВИЛО: отвечай только
  JSON в формате:\n\n - Если пользователь хочет СДЕЛАТЬ НОВЫЙ ЗАКАЗ → вызывай makeOrderFormat().\n
  Примеры:\n Пользователь: "Сабиров Рустем, СНИЛС 195-071-028-66, нужно удостоверение высоты"\n Ответ:
  makeOrderFormat({"employee_name": "Сабиров Рустем Рафисович", "certificate_name": ["удостоверение
  высоты"]})\n\n Пользователь: "заказать Егорову ЭБ"\n Ответ: makeOrderFormat({"employee_name":
  "Егоров", "certificate_name": ["ЭБ"]})\n\n Пользователь: "и ещё добавь БСИЗ"\n Ответ:
  clarification(messages="и ещё добавь БСИЗ", order_data={"employee_name": "Егоров",
  "certificate_name": ["ЭБ"]})\n\n Пользователь: "монтажник" (ответ на вопрос о должности)\n Ответ:
  clarification(messages="монтажник", order_data={"employee_name": "Сабиров Рустем Рафисович",
  "certificate_name": ["обучение для работы на лесах"]})\n\n ВАЖНО: Всегда используй массив для
  certificate_name, даже если удостоверение одно!\n '}
2025-09-08 17:19:05 | DEBUG    | logger.py:85 | 🔍 Последнее сообщение: {'role': 'user', 'content': 'закажи мордасу ПБО'}
2025-09-08 17:19:07 | INFO     | logger.py:89 | ℹ️ Ответ ИИ: 
2025-09-08 17:19:07 | INFO     | logger.py:89 | ℹ️ ИИ хочет вызвать инструменты: 1
2025-09-08 17:19:07 | INFO     | logger.py:89 | ℹ️ Вызываю инструмент: makeOrderFormat
2025-09-08 17:19:07 | DEBUG    | logger.py:85 | 🔍 employee_name: мордасу, certificate_name: ['ПБО']
2025-09-08 17:19:07 | DEBUG    | logger.py:66 | 
  🚀 Вход в функцию: makeOrderFormat Аргументы: ([{'role': 'user', 'content': 'закажи мордасу ПБО'}],
  'мордасу', ['ПБО'])
2025-09-08 17:19:07 | DEBUG    | logger.py:66 | 🚀 Вход в функцию: sort_employee
  Аргументы: ('мордасу',)
2025-09-08 17:19:07 | INFO     | logger.py:113 | 🔍 Ищу сотрудников по фильтру: 'мордасу'
2025-09-08 17:19:07 | DEBUG    | logger.py:66 | 🚀 Вход в функцию: call_external_api
2025-09-08 17:19:07 | INFO     | logger.py:125 | 🌐 Выполняю запрос к API: http://labor.tetrakom-crm-miniapp.ru/api/people
2025-09-08 17:19:07 | INFO     | logger.py:125 | 🌐 API запрос успешен, получено 32384 символов
2025-09-08 17:19:07 | DEBUG    | logger.py:80 | ✅ Выход из функции call_external_api
  Результат: 3
2025-09-08 17:19:48 | INFO     | logger.py:105 | ✅ 
  Результат поиска сотрудников: { "data": { "id": 2, "full_name": "Мордас Александр Александрович",
  "position": "прораб", "phone": "186-767-625-40", "snils": "22222222222", "inn":
  "23333333333333333333", "birth_date": "1991-01-01T00:00:00.000000Z", "all_certificates": [ { "id":
  2, "name": "ВИТР (ОТ)", "description": "Описание", "expiry_date": 1, "created_at":
  "2025-08-25T12:47:45.000000Z", "updated_at": "2025-08-25T12:47:45.000000Z", "is_assigned": true,
  "assigned_data": { "assigned_date": "2000-01-01", "certificate_number": "В ожидании", "status": 2,
  "notes": null } }, { "id": 3, "name": "ПБО", "description": "Описание", "expiry_date": 3,
  "created_at": "2025-08-25T12:47:45.000000Z", "updated_at": "2025-08-25T12:47:45.000000Z",
  "is_assigned": true, "assigned_data": { "assigned_date": "2000-01-01", "certificate_number": "В
  ожидании", "status": 2, "notes": null } }, { "id": 4, "name": "АБГ", "description": "Описание",
  "expiry_date": 3, "created_at": "2025-08-25T12:47:45.000000Z", "updated_at":
  "2025-08-25T12:47:45.000000Z", "is_assigned": false, "assigned_data": null }, { "id": 5, "name":
  "Первая Помощь", "description": "Описание", "expiry_date": 3, "created_at":
  "2025-08-25T12:47:45.000000Z", "updated_at": "2025-08-25T12:47:45.000000Z", "is_assigned": false,
  "assigned_data": null }, { "id": 6, "name": "ПБИ", "description": "Описание", "expiry_date": 3,
  "created_at": "2025-08-25T12:47:45.000000Z", "updated_at": "2025-08-25T12:47:45.000000Z",
  "is_assigned": false, "assigned_data": null }, { "id": 7, "name": "ЭБ", "description": "Описание",
  "expiry_date": 1, "created_at": "2025-08-25T12:47:45.000000Z", "updated_at":
  "2025-08-25T12:47:45.000000Z", "is_assigned": false, "assigned_data": null }, { "id": 8, "name": "ВЛ
  (ОТ)", "description": "Описание", "expiry_date": 3, "created_at": "2025-08-25T12:47:45.000000Z",
  "updated_at": "2025-08-25T12:47:45.000000Z", "is_assigned": false, "assigned_data": null }, { "id":
  9, "name": "5.9.3", "description": null, "expiry_date": 3, "created_at":
  "2025-08-25T12:47:45.000000Z", "updated_at": "2025-08-25T12:47:45.000000Z", "is_assigned": false,
  "assigned_data": null }, { "id": 10, "name": "5.9.4", "description": null, "expiry_date": 3,
  "created_at": "2025-08-25T12:47:45.000000Z", "updated_at": "2025-08-25T12:47:45.000000Z",
  "is_assigned": false, "assigned_data": null }, { "id": 11, "name": "Люльки", "description":
  "Описание", "expiry_date": 3, "created_at": "2025-08-25T12:47:45.000000Z", "updated_at":
  "2025-08-25T12:47:45.000000Z", "is_assigned": false, "assigned_data": null }, { "id": 12, "name":
  "5.1.9", "description": null, "expiry_date": 3, "created_at": "2025-08-25T12:47:45.000000Z",
  "updated_at": "2025-08-25T12:47:45.000000Z", "is_assigned": false, "assigned_data": null }, { "id":
  13, "name": "5.1.10", "description": null, "expiry_date": 3, "created_at":
  "2025-08-25T12:47:45.000000Z", "updated_at": "2025-08-25T12:47:45.000000Z", "is_assigned": false,
  "assigned_data": null }, { "id": 14, "name": "5.1.11", "description": null, "expiry_date": 3,
  "created_at": "2025-08-25T12:47:45.000000Z", "updated_at": "2025-08-25T12:47:45.000000Z",
  "is_assigned": false, "assigned_data": null }, { "id": 15, "name": "Высота(рабочая, 2гр)",
  "description": "Описание", "expiry_date": 3, "created_at": "2025-08-25T12:47:45.000000Z",
  "updated_at": "2025-08-25T12:47:45.000000Z", "is_assigned": false, "assigned_data": null }, { "id":
  16, "name": "Высота(ИТР, 3гр)", "description": "Описание", "expiry_date": 5, "created_at":
  "2025-08-25T12:47:45.000000Z", "updated_at": "2025-08-25T12:47:45.000000Z", "is_assigned": false,
  "assigned_data": null }, { "id": 17, "name": "БСИЗ", "description": "Описание", "expiry_date": 3,
  "created_at": "2025-08-25T12:47:45.000000Z", "updated_at": "2025-08-25T12:47:45.000000Z",
  "is_assigned": false, "assigned_data": null }, { "id": 1, "name": "A1", "description": "Описание",
  "expiry_date": 5, "created_at": "2025-08-25T12:47:45.000000Z", "updated_at":
  "2025-08-27T10:40:33.000000Z", "is_assigned": false, "assigned_data": null } ] } }
2025-09-08 17:19:48 | INFO     | logger.py:105 | ✅ Поиск сотрудников завершен
2025-09-08 17:19:48 | DEBUG    | logger.py:80 | 
  ✅ Выход из функции sort_employee Результат: { "data": { "id": 2, "full_name": "Мордас Александр
  Александрович", "pos... (обрезано)
2025-09-08 17:19:48 | DEBUG    | logger.py:85 | 🔍 sort_employee вернул: <class 'str'>
2025-09-08 17:19:48 | DEBUG    | logger.py:85 | 🔍 
  Содержимое json_people: { "data": { "id": 2, "full_name": "Мордас Александр Александрович",
  "position": "прораб", "phone": "186-767-625-40", "snils": "22222222222", "inn":
  "23333333333333333333", "birth_date": "1991-01-01T00:00:00.000000Z", "all_certificates": [ { "id":
  2, "name": "ВИТР (ОТ)", "description": "Описание", "expiry_date": 1, "created_at":
  "2025-08-25T12:47:45.000000Z", "updated_at": "2025-08-25T12:47:45.000000Z", "is_assigned": true,
  "assigned_data": { "assigned_date": "2000-01-01", "certificate_number": "В ожидании", "status": 2,
  "notes": null } }, { "id": 3, "name": "ПБО", "description": "Описание", "expiry_date": 3,
  "created_at": "2025-08-25T12:47:45.000000Z", "updated_at": "2025-08-25T12:47:45.000000Z",
  "is_assigned": true, "assigned_data": { "assigned_date": "2000-01-01", "certificate_number": "В
  ожидании", "status": 2, "notes": null } }, { "id": 4, "name": "АБГ", "description": "Описание",
  "expiry_date": 3, "created_at": "2025-08-25T12:47:45.000000Z", "updated_at":
  "2025-08-25T12:47:45.000000Z", "is_assigned": false, "assigned_data": null }, { "id": 5, "name":
  "Первая Помощь", "description": "Описание", "expiry_date": 3, "created_at":
  "2025-08-25T12:47:45.000000Z", "updated_at": "2025-08-25T12:47:45.000000Z", "is_assigned": false,
  "assigned_data": null }, { "id": 6, "name": "ПБИ", "description": "Описание", "expiry_date": 3,
  "created_at": "2025-08-25T12:47:45.000000Z", "updated_at": "2025-08-25T12:47:45.000000Z",
  "is_assigned": false, "assigned_data": null }, { "id": 7, "name": "ЭБ", "description": "Описание",
  "expiry_date": 1, "created_at": "2025-08-25T12:47:45.000000Z", "updated_at":
  "2025-08-25T12:47:45.000000Z", "is_assigned": false, "assigned_data": null }, { "id": 8, "name": "ВЛ
  (ОТ)", "description": "Описание", "expiry_date": 3, "created_at": "2025-08-25T12:47:45.000000Z",
  "updated_at": "2025-08-25T12:47:45.000000Z", "is_assigned": false, "assigned_data": null }, { "id":
  9, "name": "5.9.3", "description": null, "expiry_date": 3, "created_at":
  "2025-08-25T12:47:45.000000Z", "updated_at": "2025-08-25T12:47:45.000000Z", "is_assigned": false,
  "assigned_data": null }, { "id": 10, "name": "5.9.4", "description": null, "expiry_date": 3,
  "created_at": "2025-08-25T12:47:45.000000Z", "updated_at": "2025-08-25T12:47:45.000000Z",
  "is_assigned": false, "assigned_data": null }, { "id": 11, "name": "Люльки", "description":
  "Описание", "expiry_date": 3, "created_at": "2025-08-25T12:47:45.000000Z", "updated_at":
  "2025-08-25T12:47:45.000000Z", "is_assigned": false, "assigned_data": null }, { "id": 12, "name":
  "5.1.9", "description": null, "expiry_date": 3, "created_at": "2025-08-25T12:47:45.000000Z",
  "updated_at": "2025-08-25T12:47:45.000000Z", "is_assigned": false, "assigned_data": null }, { "id":
  13, "name": "5.1.10", "description": null, "expiry_date": 3, "created_at":
  "2025-08-25T12:47:45.000000Z", "updated_at": "2025-08-25T12:47:45.000000Z", "is_assigned": false,
  "assigned_data": null }, { "id": 14, "name": "5.1.11", "description": null, "expiry_date": 3,
  "created_at": "2025-08-25T12:47:45.000000Z", "updated_at": "2025-08-25T12:47:45.000000Z",
  "is_assigned": false, "assigned_data": null }, { "id": 15, "name": "Высота(рабочая, 2гр)",
  "description": "Описание", "expiry_date": 3, "created_at": "2025-08-25T12:47:45.000000Z",
  "updated_at": "2025-08-25T12:47:45.000000Z", "is_assigned": false, "assigned_data": null }, { "id":
  16, "name": "Высота(ИТР, 3гр)", "description": "Описание", "expiry_date": 5, "created_at":
  "2025-08-25T12:47:45.000000Z", "updated_at": "2025-08-25T12:47:45.000000Z", "is_assigned": false,
  "assigned_data": null }, { "id": 17, "name": "БСИЗ", "description": "Описание", "expiry_date": 3,
  "created_at": "2025-08-25T12:47:45.000000Z", "updated_at": "2025-08-25T12:47:45.000000Z",
  "is_assigned": false, "assigned_data": null }, { "id": 1, "name": "A1", "description": "Описание",
  "expiry_date": 5, "created_at": "2025-08-25T12:47:45.000000Z", "updated_at":
  "2025-08-27T10:40:33.000000Z", "is_assigned": false, "assigned_data": null } ] } }
2025-09-08 17:19:48 | DEBUG    | logger.py:85 | 🔍 После парсинга JSON: <class 'dict'>
2025-09-08 17:19:48 | DEBUG    | logger.py:85 | 🔍 data type: <class 'dict'>, length: not list
2025-09-08 17:19:48 | DEBUG    | logger.py:85 | 🔍 
  Extracted from data dict: Мордас Александр Александрович, 22222222222, 23333333333333333333, photo:
  null
2025-09-08 17:19:48 | DEBUG    | logger.py:85 | 🔍 
  Сформированный order_json: {'type': 'clarification', 'employee': {'id': 2, 'full_name': 'Мордас
  Александр Александрович', 'snils': '22222222222', 'inn': '23333333333333333333', 'position':
  'прораб', 'birth_date': '1991-01-01T00:00:00.000000Z', 'phone': '186-767-625-40', 'photo': 'null'},
  'certificate': ['ПБО'], 'status': 'pending'}
2025-09-08 17:19:48 | DEBUG    | logger.py:80 | 
  ✅ Выход из функции makeOrderFormat Результат: {'type': 'clarification', 'employee': {'id': 2,
  'full_name': 'Мордас Александр Александрович', 'snils': '22222222222', 'inn':
  '23333333333333333333', 'position': 'прораб', 'birth_date': '1991-01-01T00:00:00.000000Z', 'phone':
  '186-767-625-40', 'photo': 'null'}, 'certificate': ['ПБО'], 'status': 'pending'}
2025-09-08 17:19:48 | DEBUG    | logger.py:85 | 🔍 
  result makeOrderFormat from order_dispatcher: {'type': 'clarification', 'employee': {'id': 2,
  'full_name': 'Мордас Александр Александрович', 'snils': '22222222222', 'inn':
  '23333333333333333333', 'position': 'прораб', 'birth_date': '1991-01-01T00:00:00.000000Z', 'phone':
  '186-767-625-40', 'photo': 'null'}, 'certificate': ['ПБО'], 'status': 'pending'}
2025-09-08 17:19:48 | DEBUG    | logger.py:66 | 
  🚀 Вход в функцию: clarification Аргументы: ([{'role': 'user', 'content': 'закажи мордасу ПБО'}],
  {'type': 'clarification', 'employee': {'id': 2, 'full_name': 'Мордас Александр Александрович',
  'snils': '22222222222', 'inn': '23333333333333333333', 'position': 'прораб', 'birth_date':
  '1991-01-01T00:00:00.000000Z', 'phone': '186-767-625-40', 'photo': 'null'}, 'certificate': ['ПБО'],
  'status': 'pending'})
2025-09-08 17:19:53 | INFO     | logger.py:89 | ℹ️ 
  Ответ ИИ clarification: { "type": "clarification", "employee": { "id": 2, "full_name": "Мордас
  Александр Александрович", "snils": "22222222222", "inn": "23333333333333333333", "position":
  "прораб", "birth_date": "1991-01-01T00:00:00.000000Z", "phone": "186-767-625-40", "photo": "null" },
  "certificate": [ "ПБО" ], "status": "pending", "message": "Пожалуйста, предоставьте фото сотрудника
  Мордас Александр Александрович." }
2025-09-08 17:19:53 | DEBUG    | logger.py:80 | 
  ✅ Выход из функции clarification Результат: { "type": "clarification", "employee": { "id": 2,
  "full_name": "Мордас Александр Алексан... (обрезано)
2025-09-08 17:19:53 | DEBUG    | logger.py:80 | 
  ✅ Выход из функции order_dispatcher Результат: Пожалуйста, предоставьте фото сотрудника Мордас
  Александр Александрович.
2025-09-08 17:19:53 | DEBUG    | logger.py:80 | 
  ✅ Выход из функции connect_dispatcher Результат: {'type': 'orderclar', 'message': 'Пожалуйста,
  предоставьте фото сотрудника Мордас Александр Александрович.', 'chat_history_order': '[\n {\n
  "role": "assistant",\n "content": "{\\"type\\": \\"clarification\\", \\"employee\\": {\\"id\\": 2,
  \\"full_name\\": \\"Мордас Александр Александрович\\", \\"snils\\": \\"22222222222\\", \\"inn\\":
  \\"23333333333333333333\\", \\"position\\": \\"прораб\\", \\"birth_date\\":
  \\"1991-01-01T00:00:00.000000Z\\", \\"phone\\": \\"186-767-625-40\\", \\"photo\\": \\"null\\"},
  \\"certificate\\": [\\"ПБО\\"], \\"status\\": \\"pending\\", \\"message\\": \\"Пожалуйста,
  предоставьте фото сотрудника Мордас Александр Александрович.\\"}"\n }\n]'}
2025-09-08 17:19:53 | DEBUG    | logger.py:80 | ✅ Выход из функции handle_message
  Результат: Сообщение обработано успешно
2025-09-08 17:20:03 | DEBUG    | logger.py:66 | 
  🚀 Вход в функцию: handle_photo_with_text Аргументы: ([<telebot.types.PhotoSize object at
  0x000002B6FB1A5FD0>, <telebot.types.PhotoSize object at 0x000002B6FB214550>,
  <telebot.types.PhotoSize object at 0x000002B6FB214690>, <telebot.types.PhotoSize object at
  0x000002B6FB0B10F0>], None)
2025-09-08 17:20:05 | INFO     | logger.py:89 | ℹ️ 
  Получено фото:
  https://api.telegram.org/file/bot7934916395:AAFKUivVycRo_sf2azOv4oJUVaslRJ1j1YU/photos/file_0.jpg
2025-09-08 17:20:05 | DEBUG    | logger.py:80 | ✅ Выход из функции handle_photo_with_text
  Результат: Фото с текстом успешно обработано
2025-09-08 17:20:15 | DEBUG    | logger.py:66 | 🚀 Вход в функцию: handle_message
  Аргументы: ('мордасу ПБО',)
2025-09-08 17:20:16 | INFO     | logger.py:89 | ℹ️ 
  Добавляем фото в сообщение:
  https://api.telegram.org/file/bot7934916395:AAFKUivVycRo_sf2azOv4oJUVaslRJ1j1YU/photos/file_0.jpg
2025-09-08 17:20:16 | DEBUG    | logger.py:66 | 
  🚀 Вход в функцию: ceo_dispatcher Аргументы: [{'role': 'user', 'content': 'мордасу ПБО', 'photo':
  'https://api.telegram.org/file/bot7934916395:AAFKUivVycRo_sf2azOv4oJUVaslRJ1j1YU/photos/file_0.jpg'}]
2025-09-08 17:20:18 | INFO     | logger.py:89 | ℹ️ ceo_dispatcher, decision: order
2025-09-08 17:20:18 | INFO     | logger.py:89 | ℹ️ ceo_dispatcher, decision после проверки type_of_request: order, orderclar
2025-09-08 17:20:18 | DEBUG    | logger.py:66 | 
  🚀 Вход в функцию: connect_dispatcher Аргументы: ([{'role': 'user', 'content': 'мордасу ПБО',
  'photo':
  'https://api.telegram.org/file/bot7934916395:AAFKUivVycRo_sf2azOv4oJUVaslRJ1j1YU/photos/file_0.jpg'}],
  [{'role': 'assistant', 'content': '[\n {\n "role": "assistant",\n "content": "{\\"type\\":
  \\"clarification\\", \\"employee\\": {\\"id\\": 2, \\"full_name\\": \\"Мордас Александр
  Александрович\\", \\"snils\\": \\"22222222222\\", \\"inn\\": \\"23333333333333333333\\",
  \\"position\\": \\"прораб\\", \\"birth_date\\": \\"1991-01-01T00:00:00.000000Z\\", \\"phone\\":
  \\"186-767-625-40\\", \\"photo\\": \\"null\\"}, \\"certificate\\": [\\"ПБО\\"], \\"status\\":
  \\"pending\\", \\"message\\": \\"Пожалуйста, предоставьте фото сотрудника Мордас Александр
  Александрович.\\"}"\n }\n]'}, {'role': 'user', 'content': 'мордасу ПБО', 'photo':
  'https://api.telegram.org/file/bot7934916395:AAFKUivVycRo_sf2azOv4oJUVaslRJ1j1YU/photos/file_0.jpg'}])
2025-09-08 17:20:18 | DEBUG    | logger.py:66 | 
  🚀 Вход в функцию: order_dispatcher Аргументы: ([{'role': 'user', 'content': 'мордасу ПБО', 'photo':
  'https://api.telegram.org/file/bot7934916395:AAFKUivVycRo_sf2azOv4oJUVaslRJ1j1YU/photos/file_0.jpg'}],
  [{'role': 'assistant', 'content': '[\n {\n "role": "assistant",\n "content": "{\\"type\\":
  \\"clarification\\", \\"employee\\": {\\"id\\": 2, \\"full_name\\": \\"Мордас Александр
  Александрович\\", \\"snils\\": \\"22222222222\\", \\"inn\\": \\"23333333333333333333\\",
  \\"position\\": \\"прораб\\", \\"birth_date\\": \\"1991-01-01T00:00:00.000000Z\\", \\"phone\\":
  \\"186-767-625-40\\", \\"photo\\": \\"null\\"}, \\"certificate\\": [\\"ПБО\\"], \\"status\\":
  \\"pending\\", \\"message\\": \\"Пожалуйста, предоставьте фото сотрудника Мордас Александр
  Александрович.\\"}"\n }\n]'}, {'role': 'user', 'content': 'мордасу ПБО', 'photo':
  'https://api.telegram.org/file/bot7934916395:AAFKUivVycRo_sf2azOv4oJUVaslRJ1j1YU/photos/file_0.jpg'}])
2025-09-08 17:20:18 | DEBUG    | logger.py:85 | 🔍 
  chat_history: [] messages: [{'role': 'user', 'content': 'мордасу ПБО', 'photo':
  'https://api.telegram.org/file/bot7934916395:AAFKUivVycRo_sf2azOv4oJUVaslRJ1j1YU/photos/file_0.jpg'}]
2025-09-08 17:20:18 | INFO     | logger.py:89 | ℹ️ Отправляю запрос к ИИ (сообщений: 1)
2025-09-08 17:20:18 | DEBUG    | logger.py:85 | 🔍 Отправляю 2 сообщений в API
2025-09-08 17:20:18 | DEBUG    | logger.py:85 | 🔍 
  Первое сообщение: {'role': 'system', 'content': '\n Ты — помощник для заказа удостоверений.\n\n
  ВАЖНО: Ты ДОЛЖЕН вызывать функции, а не просто отвечать текстом!\n У тебя есть история чата:
  [{"role": "assistant", "content": "[\\n {\\n \\"role\\": \\"assistant\\",\\n \\"content\\":
  \\"{\\\\\\"type\\\\\\": \\\\\\"clarification\\\\\\", \\\\\\"employee\\\\\\": {\\\\\\"id\\\\\\": 2,
  \\\\\\"full_name\\\\\\": \\\\\\"Мордас Александр Александрович\\\\\\", \\\\\\"snils\\\\\\":
  \\\\\\"22222222222\\\\\\", \\\\\\"inn\\\\\\": \\\\\\"23333333333333333333\\\\\\",
  \\\\\\"position\\\\\\": \\\\\\"прораб\\\\\\", \\\\\\"birth_date\\\\\\":
  \\\\\\"1991-01-01T00:00:00.000000Z\\\\\\", \\\\\\"phone\\\\\\": \\\\\\"186-767-625-40\\\\\\",
  \\\\\\"photo\\\\\\": \\\\\\"null\\\\\\"}, \\\\\\"certificate\\\\\\": [\\\\\\"ПБО\\\\\\"],
  \\\\\\"status\\\\\\": \\\\\\"pending\\\\\\", \\\\\\"message\\\\\\": \\\\\\"Пожалуйста, предоставьте
  фото сотрудника Мордас Александр Александрович.\\\\\\"}\\"\\n }\\n]"}, {"role": "user", "content":
  "мордасу ПБО", "photo":
  "https://api.telegram.org/file/bot7934916395:AAFKUivVycRo_sf2azOv4oJUVaslRJ1j1YU/photos/file_0.jpg"}].
  \n Пользователь отвечает: \'мордасу ПБО\'. \n Тебе нужно понять из истории, какой заказ уточняется,
  и передать его в order_data.\n\n У тебя есть 2 функции:\n 1. makeOrderFormat(employee_name,
  certificate_name) — создание нового заказа\n 2. clarification(order_data) — уточнение данных
  заказа\n\n ПРАВИЛА:\n - ВАЖНО: Если в истории чата есть уточнение от бота (например, "Пожалуйста,
  укажите...", "предоставьте фото...") и пользователь отправляет фото или текст → это ОБЯЗАТЕЛЬНО
  ответ на уточнение, вызывай clarification()\n - Если пользователь предоставляет ПОЛНЫЕ данные
  сотрудника (ФИО, СНИЛС, ИНН, телефон, дата рождения, должность) и просит удостоверение → вызывай
  makeOrderFormat()\n - Если пользователь отвечает на вопрос (например, "монтажник" на вопрос о
  должности) → вызывай clarification() с данными из предыдущего заказа\n - Если пользователь уточняет
  детали существующего заказа → вызывай clarification()\n - НИКОГДА не отвечай обычным текстом, ВСЕГДА
  используй функции!\n \n **ПРИОРИТЕТ:** Контекст истории чата ВАЖНЕЕ ключевых слов в последнем
  сообщении!\n\n - Если пользователь хочет СДЕЛАТЬ НОВЫЙ ЗАКАЗ → вызывай makeOrderFormat().\n •
  Обязательно верни JSON в формате:\n {\n "employee_name": "ФИО сотрудника",\n "certificate_name":
  ["Название удостоверения"]\n }\n • Всегда используй массив для certificate_name, даже если
  удостоверение одно.\n\n - Если пользователь уточняет детали уже существующего заказа (например: "а
  ещё добавь ПБО", "не Егоров, а Егоров Иван", "нужно 2 удостоверения") → вызывай clarification().\n •
  В clarification() всегда передавай:\n - messages → текст уточнения пользователя\n - order_data →
  JSON заказа, который нужно уточнить (по истории чата в chat_history тебе нужно понять какой заказ
  нужно уточнить) Тебе обязательно нужно передавать этот аргумент в функцию\n заказ выглядит в виде
  json примерно вот так {\'type\': \'ПРИМЕР\', \'employee\': {\'full_name\': \'ПРИМЕР\', \'snils\':
  \'ПРИМЕР\', \'inn\': \'ПРИМЕР\', \'position\': None, \'birth_date\': \'ПРИМЕР\', \'phone\':
  \'ПРИМЕР\'}, \'certificate\': [\'ПРИМЕР\'], \'status\': \'ПРИМЕР\', \'message\': \'ПРИМЕР\'}\n -
  ЖЕСТКОЕ ПРАВИЛО: отвечай только JSON в формате:\n\n - Если пользователь хочет СДЕЛАТЬ НОВЫЙ ЗАКАЗ →
  вызывай makeOrderFormat().\n Примеры:\n Пользователь: "Сабиров Рустем, СНИЛС 195-071-028-66, нужно
  удостоверение высоты"\n Ответ: makeOrderFormat({"employee_name": "Сабиров Рустем Рафисович",
  "certificate_name": ["удостоверение высоты"]})\n\n Пользователь: "заказать Егорову ЭБ"\n Ответ:
  makeOrderFormat({"employee_name": "Егоров", "certificate_name": ["ЭБ"]})\n\n Пользователь: "и ещё
  добавь БСИЗ"\n Ответ: clarification(messages="и ещё добавь БСИЗ", order_data={"employee_name":
  "Егоров", "certificate_name": ["ЭБ"]})\n\n Пользователь: "монтажник" (ответ на вопрос о должности)\n
  Ответ: clarification(messages="монтажник", order_data={"employee_name": "Сабиров Рустем Рафисович",
  "certificate_name": ["обучение для работы на лесах"]})\n\n ВАЖНО: Всегда используй массив для
  certificate_name, даже если удостоверение одно!\n '}
2025-09-08 17:20:18 | DEBUG    | logger.py:85 | 🔍 
  Последнее сообщение: {'role': 'user', 'content': 'мордасу ПБО', 'photo':
  'https://api.telegram.org/file/bot7934916395:AAFKUivVycRo_sf2azOv4oJUVaslRJ1j1YU/photos/file_0.jpg'}
2025-09-08 17:20:22 | INFO     | logger.py:89 | ℹ️ Ответ ИИ: 
2025-09-08 17:20:22 | INFO     | logger.py:89 | ℹ️ ИИ хочет вызвать инструменты: 1
2025-09-08 17:20:22 | INFO     | logger.py:89 | ℹ️ Вызываю инструмент: clarification
2025-09-08 17:20:22 | INFO     | logger.py:89 | ℹ️ 
  Аргументы для clarification:
  Function(arguments='{"order_data":{"type":"clarification","employee":{"id":2,"full_name":"Мордас
  Александр
  Александрович","snils":"22222222222","inn":"23333333333333333333","position":"прораб","birth_date":"1991-01-01T00:00:00.000000Z","phone":"186-767-625-40","photo":"null"},"certificate":["ПБО"],"status":"pending","message":"Пожалуйста,
  предоставьте фото сотрудника Мордас Александр Александрович."}}', name='clarification')
2025-09-08 17:20:22 | DEBUG    | logger.py:66 | 
  🚀 Вход в функцию: clarification Аргументы: ([{'role': 'user', 'content': 'мордасу ПБО', 'photo':
  'https://api.telegram.org/file/bot7934916395:AAFKUivVycRo_sf2azOv4oJUVaslRJ1j1YU/photos/file_0.jpg'}],
  {'type': 'clarification', 'employee': {'id': 2, 'full_name': 'Мордас Александр Александрович',
  'snils': '22222222222', 'inn': '23333333333333333333', 'position': 'прораб', 'birth_date':
  '1991-01-01T00:00:00.000000Z', 'phone': '186-767-625-40', 'photo': 'null'}, 'certificate': ['ПБО'],
  'status': 'pending', 'message': 'Пожалуйста, предоставьте фото сотрудника Мордас Александр
  Александрович.'})
2025-09-08 17:20:22 | INFO     | logger.py:89 | ℹ️ 
  Добавлено фото в заказ:
  https://api.telegram.org/file/bot7934916395:AAFKUivVycRo_sf2azOv4oJUVaslRJ1j1YU/photos/file_0.jpg
2025-09-08 17:20:26 | INFO     | logger.py:89 | ℹ️ 
  Ответ ИИ clarification: { "type": "readyorder", "employee": { "id": 2, "full_name": "Мордас
  Александр Александрович", "snils": "22222222222", "inn": "23333333333333333333", "position":
  "прораб", "birth_date": "1991-01-01T00:00:00.000000Z", "phone": "186-767-625-40", "photo":
  "https://api.telegram.org/file/bot7934916395:AAFKUivVycRo_sf2azOv4oJUVaslRJ1j1YU/photos/file_0.jpg"
  }, "certificate": [ "ПБО" ], "status": "existing_employee_with_photo", "message": "" }
2025-09-08 17:20:26 | DEBUG    | logger.py:80 | 
  ✅ Выход из функции clarification Результат: { "type": "readyorder", "employee": { "id": 2,
  "full_name": "Мордас Александр Александро... (обрезано)
2025-09-08 17:20:26 | DEBUG    | logger.py:66 | 
  🚀 Вход в функцию: updateEmployeeData Аргументы: ({'type': 'readyorder', 'employee': {'id': 2,
  'full_name': 'Мордас Александр Александрович', 'snils': '22222222222', 'inn':
  '23333333333333333333', 'position': 'прораб', 'birth_date': '1991-01-01T00:00:00.000000Z', 'phone':
  '186-767-625-40', 'photo':
  'https://api.telegram.org/file/bot7934916395:AAFKUivVycRo_sf2azOv4oJUVaslRJ1j1YU/photos/file_0.jpg'},
  'certificate': ['ПБО'], 'status': 'existing_employee_with_photo', 'message': ''},)
2025-09-08 17:20:26 | INFO     | logger.py:89 | ℹ️ 
  Обновляем фото сотрудника:
  https://api.telegram.org/file/bot7934916395:AAFKUivVycRo_sf2azOv4oJUVaslRJ1j1YU/photos/file_0.jpg
2025-09-08 17:20:27 | INFO     | logger.py:89 | ℹ️ Фото загружено для обновления: 126186 байт
2025-09-08 17:20:27 | INFO     | logger.py:89 | ℹ️ 
  Обновляю данные сотрудника ID 2: { "full_name": "Мордас Александр Александрович", "position":
  "прораб", "phone": "186-767-625-40", "snils": "22222222222", "inn": "23333333333333333333",
  "birth_date": "1991-01-01T00:00:00.000000Z", "status": "В ожидании" }
2025-09-08 17:20:28 | INFO     | logger.py:105 | ✅ ✅ Данные сотрудника Мордас Александр Александрович успешно обновлены
2025-09-08 17:20:28 | DEBUG    | logger.py:80 | ✅ Выход из функции updateEmployeeData
  Результат: ✅ Данные сотрудника обновлены
2025-09-08 17:20:28 | DEBUG    | logger.py:66 | 
  🚀 Вход в функцию: updatePerson Аргументы: ({'type': 'readyorder', 'employee': {'id': 2, 'full_name':
  'Мордас Александр Александрович', 'snils': '22222222222', 'inn': '23333333333333333333', 'position':
  'прораб', 'birth_date': '1991-01-01T00:00:00.000000Z', 'phone': '186-767-625-40', 'photo':
  'https://api.telegram.org/file/bot7934916395:AAFKUivVycRo_sf2azOv4oJUVaslRJ1j1YU/photos/file_0.jpg'},
  'certificate': ['ПБО'], 'status': 'existing_employee_with_photo', 'message': ''},)
2025-09-08 17:20:28 | DEBUG    | logger.py:66 | 🚀 Вход в функцию: parsAllCertificates
2025-09-08 17:20:28 | INFO     | logger.py:89 | ℹ️ 
  Парсинг всех сертификатов: {'success': True, 'data': [{'id': 2, 'name': 'ВИТР (ОТ)', 'description':
  'Описание', 'created_at': '2025-08-25T12:47:45.000000Z', 'updated_at':
  '2025-08-25T12:47:45.000000Z', 'expiry_date': 1}, {'id': 3, 'name': 'ПБО', 'description':
  'Описание', 'created_at': '2025-08-25T12:47:45.000000Z', 'updated_at':
  '2025-08-25T12:47:45.000000Z', 'expiry_date': 3}, {'id': 4, 'name': 'АБГ', 'description':
  'Описание', 'created_at': '2025-08-25T12:47:45.000000Z', 'updated_at':
  '2025-08-25T12:47:45.000000Z', 'expiry_date': 3}, {'id': 5, 'name': 'Первая Помощь', 'description':
  'Описание', 'created_at': '2025-08-25T12:47:45.000000Z', 'updated_at':
  '2025-08-25T12:47:45.000000Z', 'expiry_date': 3}, {'id': 6, 'name': 'ПБИ', 'description':
  'Описание', 'created_at': '2025-08-25T12:47:45.000000Z', 'updated_at':
  '2025-08-25T12:47:45.000000Z', 'expiry_date': 3}, {'id': 7, 'name': 'ЭБ', 'description': 'Описание',
  'created_at': '2025-08-25T12:47:45.000000Z', 'updated_at': '2025-08-25T12:47:45.000000Z',
  'expiry_date': 1}, {'id': 8, 'name': 'ВЛ (ОТ)', 'description': 'Описание', 'created_at':
  '2025-08-25T12:47:45.000000Z', 'updated_at': '2025-08-25T12:47:45.000000Z', 'expiry_date': 3},
  {'id': 9, 'name': '5.9.3', 'description': None, 'created_at': '2025-08-25T12:47:45.000000Z',
  'updated_at': '2025-08-25T12:47:45.000000Z', 'expiry_date': 3}, {'id': 10, 'name': '5.9.4',
  'description': None, 'created_at': '2025-08-25T12:47:45.000000Z', 'updated_at':
  '2025-08-25T12:47:45.000000Z', 'expiry_date': 3}, {'id': 11, 'name': 'Люльки', 'description':
  'Описание', 'created_at': '2025-08-25T12:47:45.000000Z', 'updated_at':
  '2025-08-25T12:47:45.000000Z', 'expiry_date': 3}, {'id': 12, 'name': '5.1.9', 'description': None,
  'created_at': '2025-08-25T12:47:45.000000Z', 'updated_at': '2025-08-25T12:47:45.000000Z',
  'expiry_date': 3}, {'id': 13, 'name': '5.1.10', 'description': None, 'created_at':
  '2025-08-25T12:47:45.000000Z', 'updated_at': '2025-08-25T12:47:45.000000Z', 'expiry_date': 3},
  {'id': 14, 'name': '5.1.11', 'description': None, 'created_at': '2025-08-25T12:47:45.000000Z',
  'updated_at': '2025-08-25T12:47:45.000000Z', 'expiry_date': 3}, {'id': 15, 'name': 'Высота(рабочая,
  2гр)', 'description': 'Описание', 'created_at': '2025-08-25T12:47:45.000000Z', 'updated_at':
  '2025-08-25T12:47:45.000000Z', 'expiry_date': 3}, {'id': 16, 'name': 'Высота(ИТР, 3гр)',
  'description': 'Описание', 'created_at': '2025-08-25T12:47:45.000000Z', 'updated_at':
  '2025-08-25T12:47:45.000000Z', 'expiry_date': 5}, {'id': 17, 'name': 'БСИЗ', 'description':
  'Описание', 'created_at': '2025-08-25T12:47:45.000000Z', 'updated_at':
  '2025-08-25T12:47:45.000000Z', 'expiry_date': 3}, {'id': 1, 'name': 'A1', 'description': 'Описание',
  'created_at': '2025-08-25T12:47:45.000000Z', 'updated_at': '2025-08-27T10:40:33.000000Z',
  'expiry_date': 5}], 'pagination': {'current_page': 1, 'last_page': 1, 'per_page': 20, 'total': 17}}
2025-09-08 17:20:28 | INFO     | logger.py:89 | ℹ️ Отправляю запрос к ИИ для анализа истории чата
2025-09-08 17:20:30 | INFO     | logger.py:89 | ℹ️ Ответ ИИ: {"ПБО": 3}
2025-09-08 17:20:30 | INFO     | logger.py:89 | ℹ️ Извлеченные ID сертификатов: [3]
2025-09-08 17:20:30 | DEBUG    | logger.py:80 | ✅ Выход из функции parsAllCertificates
  Результат: [3]
2025-09-08 17:20:30 | INFO     | logger.py:89 | ℹ️ Парсим все сертификаты: [3]
2025-09-08 17:20:30 | INFO     | logger.py:89 | ℹ️ 
  Отправляю данные в API: { "people_id": 2, "certificate_id": 3, "assigned_date": "2000-01-01",
  "certificate_number": "В ожидании" }
2025-09-08 17:20:30 | ERROR    | logger.py:97 | ❌ 
  Ошибка API для сертификата 3: 422 -
  {"success":false,"message":"\u0421\u0435\u0440\u0442\u0438\u0444\u0438\u043a\u0430\u0442
  \u0443\u0436\u0435 \u043f\u0440\u0438\u0432\u044f\u0437\u0430\u043d \u043a
  \u044d\u0442\u043e\u043c\u0443 \u0447\u0435\u043b\u043e\u0432\u0435\u043a\u0443"}
2025-09-08 17:20:30 | INFO     | logger.py:105 | ✅ Все сертификаты обработаны для сотрудника Мордас Александр Александрович
2025-09-08 17:20:30 | DEBUG    | logger.py:80 | 
  ✅ Выход из функции updatePerson Результат: ✅ Сертификаты успешно добавлены для Мордас Александр
  Александрович
2025-09-08 17:20:30 | DEBUG    | logger.py:80 | 
  ✅ Выход из функции order_dispatcher Результат: Заказ оформлен и отправлен в базу данных для Мордас
  Александр Александрович с удостоверением ['... (обрезано)
2025-09-08 17:20:30 | DEBUG    | logger.py:80 | 
  ✅ Выход из функции connect_dispatcher Результат: {'type': 'orderready', 'message': " Заказ оформлен
  и отправлен в базу данных \n для Мордас Александр Александрович \n с удостоверением ['ПБО']\n \n
  СНИЛС: 22222222222 \n ИНН: 23333333333333333333 \n Должность: прораб \n Дата рождения: 01.01.1991 \n
  Телефон: 186-767-625-40 ", 'chat_history_order': '[\n {\n "role": "assistant",\n "content":
  "{\\"type\\": \\"readyorder\\", \\"employee\\": {\\"id\\": 2, \\"full_name\\": \\"Мордас Александр
  Александрович\\", \\"snils\\": \\"22222222222\\", \\"inn\\": \\"23333333333333333333\\",
  \\"position\\": \\"прораб\\", \\"birth_date\\": \\"1991-01-01T00:00:00.000000Z\\", \\"phone\\":
  \\"186-767-625-40\\", \\"photo\\":
  \\"https://api.telegram.org/file/bot7934916395:AAFKUivVycRo_sf2azOv4oJUVaslRJ1j1YU/photos/file_0.jpg\\"},
  \\"certificate\\": [\\"ПБО\\"], \\"status\\": \\"existing_employee_with_photo\\", \\"message\\":
  \\"\\"}"\n }\n]'}
2025-09-08 17:20:30 | DEBUG    | logger.py:80 | ✅ Выход из функции handle_message
  Результат: Сообщение обработано успешно
